<?xml version="1.0" encoding="utf-8"?><testsuites name="pytest tests"><testsuite name="pytest" errors="11" failures="0" skipped="0" tests="12" time="3.827" timestamp="2025-11-02T13:35:48.679309+08:00" hostname="FAF-WKS03"><testcase classname="tests.integration.test_characterization_baseline.TestCharacterizationBaseline" name="test_bug1_fstring_template_evaluation_in_docker_code" time="1.443"><error message="failed on teardown with &quot;ValueError: I/O operation on closed file.&quot;">src/utils/logger.py:277: in clear_logger_cache
    for handler in logger_instance.handlers:
E   ResourceWarning: unclosed file &lt;_io.TextIOWrapper name=6 encoding='utf-8'&gt;

The above exception was the direct cause of the following exception:
/home/john/.local/lib/python3.10/site-packages/_pytest/capture.py:862: in item_capture
    yield
/home/john/.local/lib/python3.10/site-packages/_pytest/capture.py:905: in pytest_runtest_teardown
    return (yield)
/home/john/.local/lib/python3.10/site-packages/_pytest/unraisableexception.py:163: in pytest_runtest_teardown
    collect_unraisable(item.config)
/home/john/.local/lib/python3.10/site-packages/_pytest/unraisableexception.py:79: in collect_unraisable
    raise errors[0]
/home/john/.local/lib/python3.10/site-packages/_pytest/unraisableexception.py:67: in collect_unraisable
    warnings.warn(pytest.PytestUnraisableExceptionWarning(msg))
E   pytest.PytestUnraisableExceptionWarning: Exception ignored in: &lt;_io.FileIO name=6 mode='rb+' closefd=True&gt;
E   Enable tracemalloc to get traceback where the object was allocated.
E   See https://docs.pytest.org/en/stable/how-to/capture-warnings.html#resource-warnings for more info.

During handling of the above exception, another exception occurred:
/usr/lib/python3.10/contextlib.py:153: in __exit__
    self.gen.throw(typ, value, traceback)
E   ValueError: I/O operation on closed file.</error></testcase><testcase classname="tests.integration.test_characterization_baseline.TestCharacterizationBaseline" name="test_bug2_llm_api_routing_validation_missing" time="0.000"><error message="failed on setup with &quot;ValueError: I/O operation on closed file&quot;">/usr/lib/python3.10/contextlib.py:135: in __enter__
    return next(self.gen)
E   ValueError: I/O operation on closed file</error><error message="failed on teardown with &quot;ValueError: I/O operation on closed file&quot;">/usr/lib/python3.10/contextlib.py:135: in __enter__
    return next(self.gen)
E   ValueError: I/O operation on closed file</error></testcase><testcase classname="tests.integration.test_characterization_baseline.TestCharacterizationBaseline" name="test_bug3_experiment_config_module_missing" time="0.000"><error message="failed on setup with &quot;ValueError: I/O operation on closed file&quot;">/usr/lib/python3.10/contextlib.py:135: in __enter__
    return next(self.gen)
E   ValueError: I/O operation on closed file</error><error message="failed on teardown with &quot;ValueError: I/O operation on closed file&quot;">/usr/lib/python3.10/contextlib.py:135: in __enter__
    return next(self.gen)
E   ValueError: I/O operation on closed file</error></testcase><testcase classname="tests.integration.test_characterization_baseline.TestCharacterizationBaseline" name="test_bug4_exception_state_propagation_broken" time="0.000"><error message="failed on setup with &quot;ValueError: I/O operation on closed file&quot;">/usr/lib/python3.10/contextlib.py:135: in __enter__
    return next(self.gen)
E   ValueError: I/O operation on closed file</error><error message="failed on teardown with &quot;ValueError: I/O operation on closed file&quot;">/usr/lib/python3.10/contextlib.py:135: in __enter__
    return next(self.gen)
E   ValueError: I/O operation on closed file</error></testcase><testcase classname="tests.integration.test_characterization_baseline.TestCharacterizationBaseline" name="test_integration_boundary_docker_code_assembly" time="0.000"><error message="failed on setup with &quot;ValueError: I/O operation on closed file&quot;">/usr/lib/python3.10/contextlib.py:135: in __enter__
    return next(self.gen)
E   ValueError: I/O operation on closed file</error><error message="failed on teardown with &quot;ValueError: I/O operation on closed file&quot;">/usr/lib/python3.10/contextlib.py:135: in __enter__
    return next(self.gen)
E   ValueError: I/O operation on closed file</error></testcase><testcase classname="tests.integration.test_characterization_baseline.TestCharacterizationBaseline" name="test_integration_boundary_llm_config_parsing" time="0.000"><error message="failed on setup with &quot;ValueError: I/O operation on closed file&quot;">/usr/lib/python3.10/contextlib.py:135: in __enter__
    return next(self.gen)
E   ValueError: I/O operation on closed file</error><error message="failed on teardown with &quot;ValueError: I/O operation on closed file&quot;">/usr/lib/python3.10/contextlib.py:135: in __enter__
    return next(self.gen)
E   ValueError: I/O operation on closed file</error></testcase></testsuite></testsuites>