2025-10-13 05:32:12,095 - __main__ - INFO - ================================================================================
2025-10-13 05:32:12,096 - __main__ - INFO - 100-ITERATION PRODUCTION TEST - START
2025-10-13 05:32:12,096 - __main__ - INFO - ================================================================================
2025-10-13 05:32:12,096 - __main__ - INFO - Timestamp: 2025-10-13T05:32:12.096654
2025-10-13 05:32:12,096 - __main__ - INFO - Model: google/gemini-2.5-flash
2025-10-13 05:32:12,096 - __main__ - INFO - Target iterations: 100
2025-10-13 05:32:12,097 - __main__ - INFO - Checkpoint interval: 10
2025-10-13 05:32:12,097 - __main__ - INFO - Log file: logs/100iteration_test_20251013_053212.log
2025-10-13 05:32:12,097 - __main__ - INFO - 
2025-10-13 05:32:12,097 - __main__ - INFO - Validating Phase 2 stability features...
2025-10-13 05:32:12,097 - __main__ - INFO -   ‚úÖ Story 1: VarianceMonitor available
2025-10-13 05:32:12,114 - __main__ - INFO -   ‚úÖ Story 2: PreservationValidator available
2025-10-13 05:32:12,115 - __main__ - INFO -   ‚úÖ Story 4: AntiChurnManager available
2025-10-13 05:32:12,155 - __main__ - INFO -   ‚úÖ Story 9: RollbackManager available
2025-10-13 05:32:12,156 - __main__ - INFO - ‚úÖ All Phase 2 features available
2025-10-13 05:32:12,156 - __main__ - INFO - 
2025-10-13 05:32:12,404 - __main__ - INFO - ‚úÖ Finlab data loaded successfully
2025-10-13 05:32:12,404 - __main__ - INFO - Initializing ExtendedTestHarness...
2025-10-13 05:32:12,563 - tests.integration.extended_test_harness - INFO - Logging initialized: logs/extended_test_20251013_053212.log
2025-10-13 05:32:12,564 - tests.integration.extended_test_harness - INFO - ExtendedTestHarness initialized:
2025-10-13 05:32:12,565 - tests.integration.extended_test_harness - INFO -   Model: google/gemini-2.5-flash
2025-10-13 05:32:12,565 - tests.integration.extended_test_harness - INFO -   Target iterations: 100
2025-10-13 05:32:12,565 - tests.integration.extended_test_harness - INFO -   Checkpoint interval: 10
2025-10-13 05:32:12,565 - tests.integration.extended_test_harness - INFO -   Checkpoint dir: checkpoints_100iteration
2025-10-13 05:32:12,565 - __main__ - INFO - ‚úÖ ExtendedTestHarness initialized (checkpoints: checkpoints_100iteration)
2025-10-13 05:32:12,566 - __main__ - INFO - 
2025-10-13 05:32:12,566 - __main__ - INFO - Starting 100-iteration test run...
2025-10-13 05:32:12,566 - __main__ - INFO - 
2025-10-13 05:32:12,566 - tests.integration.extended_test_harness - INFO - ======================================================================
2025-10-13 05:32:12,567 - tests.integration.extended_test_harness - INFO - STARTING EXTENDED TEST RUN
2025-10-13 05:32:12,567 - tests.integration.extended_test_harness - INFO - ======================================================================
2025-10-13 05:32:12,567 - tests.integration.extended_test_harness - INFO - Configuration:
2025-10-13 05:32:12,567 - tests.integration.extended_test_harness - INFO -   Model: google/gemini-2.5-flash
2025-10-13 05:32:12,568 - tests.integration.extended_test_harness - INFO -   Target iterations: 100
2025-10-13 05:32:12,568 - tests.integration.extended_test_harness - INFO -   Start iteration: 0
2025-10-13 05:32:12,568 - tests.integration.extended_test_harness - INFO -   Checkpoint interval: 10
2025-10-13 05:32:12,568 - tests.integration.extended_test_harness - INFO -   Checkpoint directory: checkpoints_100iteration
2025-10-13 05:32:12,568 - tests.integration.extended_test_harness - INFO - 
2025-10-13 05:32:12,569 - tests.integration.extended_test_harness - INFO - 
2025-10-13 05:32:12,569 - tests.integration.extended_test_harness - INFO - ======================================================================
2025-10-13 05:32:12,569 - tests.integration.extended_test_harness - INFO - ITERATION 0/99
2025-10-13 05:32:12,569 - tests.integration.extended_test_harness - INFO - ======================================================================
2025-10-13 05:32:12,569 - tests.integration.extended_test_harness - INFO - Attempt 1/3
2025-10-13 05:32:29,302 - src.config.experiment_config_manager - INFO - Configuration snapshot saved for iteration 0
2025-10-13 05:32:35,780 - scripts.validate_code - INFO - Code validation passed - no security violations detected
2025-10-13 05:32:52,376 - tests.integration.extended_test_harness - INFO - ‚úÖ Iteration 0 SUCCESS (duration: 39.8s)
2025-10-13 05:32:52,377 - tests.integration.extended_test_harness - INFO -    Sharpe: 0.2923
2025-10-13 05:32:52,377 - tests.integration.extended_test_harness - INFO -    Total Return: 0.5211767323649532
2025-10-13 05:32:52,378 - tests.integration.extended_test_harness - INFO -    Current Champion: Iteration 6 (Sharpe 2.4751)
2025-10-13 05:32:52,378 - tests.integration.extended_test_harness - INFO - 
2025-10-13 05:32:52,378 - tests.integration.extended_test_harness - INFO - ======================================================================
2025-10-13 05:32:52,378 - tests.integration.extended_test_harness - INFO - ITERATION 1/99
2025-10-13 05:32:52,379 - tests.integration.extended_test_harness - INFO - ======================================================================
2025-10-13 05:32:52,379 - tests.integration.extended_test_harness - INFO - Attempt 1/3
2025-10-13 05:33:04,808 - src.config.experiment_config_manager - INFO - Configuration snapshot saved for iteration 1
2025-10-13 05:33:08,707 - scripts.validate_code - INFO - Code validation passed - no security violations detected
2025-10-13 05:33:23,926 - tests.integration.extended_test_harness - INFO - ‚úÖ Iteration 1 SUCCESS (duration: 31.5s)
2025-10-13 05:33:23,927 - tests.integration.extended_test_harness - INFO -    Sharpe: 0.8692
2025-10-13 05:33:23,927 - tests.integration.extended_test_harness - INFO -    Total Return: 0.7022293099044812
2025-10-13 05:33:23,927 - tests.integration.extended_test_harness - INFO -    Current Champion: Iteration 6 (Sharpe 2.4751)
2025-10-13 05:33:23,928 - tests.integration.extended_test_harness - INFO - 
2025-10-13 05:33:23,928 - tests.integration.extended_test_harness - INFO - ======================================================================
2025-10-13 05:33:23,929 - tests.integration.extended_test_harness - INFO - ITERATION 2/99
2025-10-13 05:33:23,929 - tests.integration.extended_test_harness - INFO - ======================================================================
2025-10-13 05:33:23,929 - tests.integration.extended_test_harness - INFO - Attempt 1/3
2025-10-13 05:33:37,547 - src.config.experiment_config_manager - INFO - Configuration snapshot saved for iteration 2
2025-10-13 05:33:42,235 - scripts.validate_code - INFO - Code validation passed - no security violations detected
2025-10-13 05:33:54,717 - tests.integration.extended_test_harness - INFO - ‚úÖ Iteration 2 SUCCESS (duration: 30.8s)
2025-10-13 05:33:54,717 - tests.integration.extended_test_harness - INFO -    Sharpe: 1.1686
2025-10-13 05:33:54,718 - tests.integration.extended_test_harness - INFO -    Total Return: 0.5073672505730096
2025-10-13 05:33:54,718 - tests.integration.extended_test_harness - INFO -    Current Champion: Iteration 6 (Sharpe 2.4751)
2025-10-13 05:33:54,718 - tests.integration.extended_test_harness - INFO - 
2025-10-13 05:33:54,719 - tests.integration.extended_test_harness - INFO - ======================================================================
2025-10-13 05:33:54,719 - tests.integration.extended_test_harness - INFO - ITERATION 3/99
2025-10-13 05:33:54,719 - tests.integration.extended_test_harness - INFO - ======================================================================
2025-10-13 05:33:54,720 - tests.integration.extended_test_harness - INFO - Attempt 1/3
2025-10-13 05:34:08,796 - src.config.experiment_config_manager - INFO - Configuration snapshot saved for iteration 3
2025-10-13 05:34:13,268 - autonomous_loop - INFO - Preservation validated: ‚úÖ PRESERVED | 2/2 params | similarity 50.00%
2025-10-13 05:34:13,270 - scripts.validate_code - INFO - Code validation passed - no security violations detected
2025-10-13 05:34:25,603 - tests.integration.extended_test_harness - INFO - ‚úÖ Iteration 3 SUCCESS (duration: 30.9s)
2025-10-13 05:34:25,604 - tests.integration.extended_test_harness - INFO -    Sharpe: 2.3666
2025-10-13 05:34:25,605 - tests.integration.extended_test_harness - INFO -    Total Return: 0.5604299662430396
2025-10-13 05:34:25,605 - tests.integration.extended_test_harness - INFO -    Current Champion: Iteration 6 (Sharpe 2.4751)
2025-10-13 05:34:25,605 - tests.integration.extended_test_harness - INFO - 
2025-10-13 05:34:25,606 - tests.integration.extended_test_harness - INFO - ======================================================================
2025-10-13 05:34:25,606 - tests.integration.extended_test_harness - INFO - ITERATION 4/99
2025-10-13 05:34:25,606 - tests.integration.extended_test_harness - INFO - ======================================================================
2025-10-13 05:34:25,607 - tests.integration.extended_test_harness - INFO - Attempt 1/3
2025-10-13 05:34:38,099 - src.config.experiment_config_manager - INFO - Configuration snapshot saved for iteration 4
2025-10-13 05:34:41,800 - autonomous_loop - INFO - Preservation validated: ‚úÖ PRESERVED | 2/2 params | similarity 50.00%
2025-10-13 05:34:41,803 - scripts.validate_code - INFO - Code validation passed - no security violations detected
2025-10-13 05:34:55,268 - tests.integration.extended_test_harness - INFO - ‚úÖ Iteration 4 SUCCESS (duration: 29.7s)
2025-10-13 05:34:55,269 - tests.integration.extended_test_harness - INFO -    Sharpe: 0.8968
2025-10-13 05:34:55,269 - tests.integration.extended_test_harness - INFO -    Total Return: -0.15799373134474953
2025-10-13 05:34:55,269 - tests.integration.extended_test_harness - INFO -    Current Champion: Iteration 6 (Sharpe 2.4751)
2025-10-13 05:34:55,270 - tests.integration.extended_test_harness - INFO - 
2025-10-13 05:34:55,270 - tests.integration.extended_test_harness - INFO - ======================================================================
2025-10-13 05:34:55,270 - tests.integration.extended_test_harness - INFO - ITERATION 5/99
2025-10-13 05:34:55,270 - tests.integration.extended_test_harness - INFO - ======================================================================
2025-10-13 05:34:55,270 - tests.integration.extended_test_harness - INFO - Attempt 1/3
2025-10-13 05:35:10,407 - src.config.experiment_config_manager - INFO - Configuration snapshot saved for iteration 5
2025-10-13 05:35:10,409 - prompt_builder - INFO - Forcing exploration mode (iteration 5)
2025-10-13 05:35:14,825 - autonomous_loop - INFO - Preservation validated: ‚úÖ PRESERVED | 2/2 params | similarity 50.00%
2025-10-13 05:35:14,828 - scripts.validate_code - INFO - Code validation passed - no security violations detected
2025-10-13 05:35:28,329 - tests.integration.extended_test_harness - INFO - ‚úÖ Iteration 5 SUCCESS (duration: 33.1s)
2025-10-13 05:35:28,329 - tests.integration.extended_test_harness - INFO -    Sharpe: 0.2932
2025-10-13 05:35:28,330 - tests.integration.extended_test_harness - INFO -    Total Return: 0.7183927553087885
2025-10-13 05:35:28,330 - tests.integration.extended_test_harness - INFO -    Current Champion: Iteration 6 (Sharpe 2.4751)
2025-10-13 05:35:28,330 - tests.integration.extended_test_harness - INFO - 
2025-10-13 05:35:28,330 - tests.integration.extended_test_harness - INFO - ======================================================================
2025-10-13 05:35:28,331 - tests.integration.extended_test_harness - INFO - ITERATION 6/99
2025-10-13 05:35:28,331 - tests.integration.extended_test_harness - INFO - ======================================================================
2025-10-13 05:35:28,331 - tests.integration.extended_test_harness - INFO - Attempt 1/3
2025-10-13 05:35:51,147 - src.config.experiment_config_manager - INFO - Configuration snapshot saved for iteration 6
2025-10-13 05:35:51,149 - autonomous_loop - WARNING - Configuration capture failed: No module named 'src.config.experiment_config'
2025-10-13 05:35:55,311 - autonomous_loop - INFO - Preservation validated: ‚úÖ PRESERVED | 2/2 params | similarity 50.00%
2025-10-13 05:35:55,313 - scripts.validate_code - INFO - Code validation passed - no security violations detected
2025-10-13 05:36:07,374 - tests.integration.extended_test_harness - INFO - ‚úÖ Iteration 6 SUCCESS (duration: 39.0s)
2025-10-13 05:36:07,374 - tests.integration.extended_test_harness - INFO -    Sharpe: 2.1306
2025-10-13 05:36:07,374 - tests.integration.extended_test_harness - INFO -    Total Return: 0.7939380770094511
2025-10-13 05:36:07,375 - tests.integration.extended_test_harness - INFO -    üèÜ NEW CHAMPION ESTABLISHED
2025-10-13 05:36:07,375 - tests.integration.extended_test_harness - INFO -    Current Champion: Iteration 6 (Sharpe 2.4751)
2025-10-13 05:36:07,375 - tests.integration.extended_test_harness - INFO - 
2025-10-13 05:36:07,376 - tests.integration.extended_test_harness - INFO - ======================================================================
2025-10-13 05:36:07,376 - tests.integration.extended_test_harness - INFO - ITERATION 7/99
2025-10-13 05:36:07,376 - tests.integration.extended_test_harness - INFO - ======================================================================
2025-10-13 05:36:07,377 - tests.integration.extended_test_harness - INFO - Attempt 1/3
2025-10-13 05:36:30,471 - src.config.experiment_config_manager - INFO - Configuration snapshot saved for iteration 7
2025-10-13 05:36:36,190 - autonomous_loop - INFO - Preservation validated: ‚úÖ PRESERVED | 2/2 params | similarity 50.00%
2025-10-13 05:36:36,193 - scripts.validate_code - INFO - Code validation passed - no security violations detected
2025-10-13 05:36:48,054 - tests.integration.extended_test_harness - INFO - ‚úÖ Iteration 7 SUCCESS (duration: 40.7s)
2025-10-13 05:36:48,055 - tests.integration.extended_test_harness - INFO -    Sharpe: -0.3924
2025-10-13 05:36:48,055 - tests.integration.extended_test_harness - INFO -    Total Return: 0.3801864617270841
2025-10-13 05:36:48,056 - tests.integration.extended_test_harness - INFO -    Current Champion: Iteration 6 (Sharpe 2.4751)
2025-10-13 05:36:48,056 - tests.integration.extended_test_harness - INFO - 
2025-10-13 05:36:48,056 - tests.integration.extended_test_harness - INFO - ======================================================================
2025-10-13 05:36:48,056 - tests.integration.extended_test_harness - INFO - ITERATION 8/99
2025-10-13 05:36:48,057 - tests.integration.extended_test_harness - INFO - ======================================================================
2025-10-13 05:36:48,057 - tests.integration.extended_test_harness - INFO - Attempt 1/3
2025-10-13 05:37:14,243 - src.config.experiment_config_manager - INFO - Configuration snapshot saved for iteration 8
2025-10-13 05:37:14,245 - autonomous_loop - WARNING - Configuration capture failed: No module named 'src.config.experiment_config'
2025-10-13 05:37:17,711 - autonomous_loop - INFO - Preservation validated: ‚úÖ PRESERVED | 2/2 params | similarity 50.00%
2025-10-13 05:37:17,713 - scripts.validate_code - INFO - Code validation passed - no security violations detected
2025-10-13 05:37:29,724 - tests.integration.extended_test_harness - INFO - ‚úÖ Iteration 8 SUCCESS (duration: 41.7s)
2025-10-13 05:37:29,724 - tests.integration.extended_test_harness - INFO -    Sharpe: 2.3220
2025-10-13 05:37:29,725 - tests.integration.extended_test_harness - INFO -    Total Return: 0.022352367035924803
2025-10-13 05:37:29,725 - tests.integration.extended_test_harness - INFO -    Current Champion: Iteration 6 (Sharpe 2.4751)
2025-10-13 05:37:29,726 - tests.integration.extended_test_harness - INFO - 
2025-10-13 05:37:29,726 - tests.integration.extended_test_harness - INFO - ======================================================================
2025-10-13 05:37:29,726 - tests.integration.extended_test_harness - INFO - ITERATION 9/99
2025-10-13 05:37:29,726 - tests.integration.extended_test_harness - INFO - ======================================================================
2025-10-13 05:37:29,727 - tests.integration.extended_test_harness - INFO - Attempt 1/3
2025-10-13 05:37:53,291 - src.config.experiment_config_manager - INFO - Configuration snapshot saved for iteration 9
2025-10-13 05:37:59,879 - autonomous_loop - INFO - Preservation validated: ‚úÖ PRESERVED | 2/2 params | similarity 50.00%
2025-10-13 05:37:59,882 - scripts.validate_code - INFO - Code validation passed - no security violations detected
2025-10-13 05:38:12,031 - tests.integration.extended_test_harness - INFO - ‚úÖ Iteration 9 SUCCESS (duration: 42.3s)
2025-10-13 05:38:12,032 - tests.integration.extended_test_harness - INFO -    Sharpe: -0.3832
2025-10-13 05:38:12,033 - tests.integration.extended_test_harness - INFO -    Total Return: 0.6061313147885159
2025-10-13 05:38:12,033 - tests.integration.extended_test_harness - INFO -    Current Champion: Iteration 6 (Sharpe 2.4751)
2025-10-13 05:38:12,033 - tests.integration.extended_test_harness - INFO - 
üìÅ Saving checkpoint at iteration 9...
2025-10-13 05:38:12,033 - tests.integration.extended_test_harness - ERROR - Failed to save checkpoint at iteration 9: 'ChampionStrategy' object has no attribute 'get'
2025-10-13 05:38:12,034 - tests.integration.extended_test_harness - INFO - 
2025-10-13 05:38:12,034 - tests.integration.extended_test_harness - INFO - ======================================================================
2025-10-13 05:38:12,034 - tests.integration.extended_test_harness - INFO - ITERATION 10/99
2025-10-13 05:38:12,034 - tests.integration.extended_test_harness - INFO - ======================================================================
2025-10-13 05:38:12,034 - tests.integration.extended_test_harness - INFO - Attempt 1/3
2025-10-13 05:38:38,084 - src.config.experiment_config_manager - INFO - Configuration snapshot saved for iteration 10
2025-10-13 05:38:38,086 - autonomous_loop - WARNING - Configuration capture failed: No module named 'src.config.experiment_config'
2025-10-13 05:38:38,087 - prompt_builder - INFO - Forcing exploration mode (iteration 10)
2025-10-13 05:38:41,790 - autonomous_loop - INFO - Preservation validated: ‚úÖ PRESERVED | 2/2 params | similarity 50.00%
2025-10-13 05:38:41,792 - scripts.validate_code - INFO - Code validation passed - no security violations detected
2025-10-13 05:38:52,975 - tests.integration.extended_test_harness - INFO - ‚úÖ Iteration 10 SUCCESS (duration: 40.9s)
2025-10-13 05:38:52,976 - tests.integration.extended_test_harness - INFO -    Sharpe: 2.0289
2025-10-13 05:38:52,976 - tests.integration.extended_test_harness - INFO -    Total Return: 0.583778847543257
2025-10-13 05:38:52,977 - tests.integration.extended_test_harness - INFO -    Current Champion: Iteration 6 (Sharpe 2.4751)
2025-10-13 05:38:52,977 - tests.integration.extended_test_harness - INFO - 
2025-10-13 05:38:52,977 - tests.integration.extended_test_harness - INFO - ======================================================================
2025-10-13 05:38:52,977 - tests.integration.extended_test_harness - INFO - ITERATION 11/99
2025-10-13 05:38:52,977 - tests.integration.extended_test_harness - INFO - ======================================================================
2025-10-13 05:38:52,977 - tests.integration.extended_test_harness - INFO - Attempt 1/3
2025-10-13 05:39:15,820 - src.config.experiment_config_manager - INFO - Configuration snapshot saved for iteration 11
2025-10-13 05:39:19,446 - autonomous_loop - INFO - Preservation validated: ‚úÖ PRESERVED | 2/2 params | similarity 50.00%
2025-10-13 05:39:19,448 - scripts.validate_code - INFO - Code validation passed - no security violations detected
2025-10-13 05:39:31,057 - tests.integration.extended_test_harness - INFO - ‚úÖ Iteration 11 SUCCESS (duration: 38.1s)
2025-10-13 05:39:31,058 - tests.integration.extended_test_harness - INFO -    Sharpe: 0.8558
2025-10-13 05:39:31,058 - tests.integration.extended_test_harness - INFO -    Total Return: 0.1587145111442591
2025-10-13 05:39:31,058 - tests.integration.extended_test_harness - INFO -    Current Champion: Iteration 6 (Sharpe 2.4751)
2025-10-13 05:39:31,059 - tests.integration.extended_test_harness - INFO - 
2025-10-13 05:39:31,059 - tests.integration.extended_test_harness - INFO - ======================================================================
2025-10-13 05:39:31,059 - tests.integration.extended_test_harness - INFO - ITERATION 12/99
2025-10-13 05:39:31,060 - tests.integration.extended_test_harness - INFO - ======================================================================
2025-10-13 05:39:31,060 - tests.integration.extended_test_harness - INFO - Attempt 1/3
2025-10-13 05:39:56,868 - src.config.experiment_config_manager - INFO - Configuration snapshot saved for iteration 12
2025-10-13 05:39:56,869 - autonomous_loop - WARNING - Configuration capture failed: No module named 'src.config.experiment_config'
2025-10-13 05:40:01,013 - autonomous_loop - INFO - Preservation validated: ‚úÖ PRESERVED | 2/2 params | similarity 50.00%
2025-10-13 05:40:01,014 - scripts.validate_code - INFO - Code validation passed - no security violations detected
2025-10-13 05:40:15,897 - tests.integration.extended_test_harness - INFO - ‚úÖ Iteration 12 SUCCESS (duration: 44.8s)
2025-10-13 05:40:15,898 - tests.integration.extended_test_harness - INFO -    Sharpe: 0.8552
2025-10-13 05:40:15,898 - tests.integration.extended_test_harness - INFO -    Total Return: 0.7457872673156147
2025-10-13 05:40:15,899 - tests.integration.extended_test_harness - INFO -    Current Champion: Iteration 6 (Sharpe 2.4751)
2025-10-13 05:40:15,899 - tests.integration.extended_test_harness - INFO - 
2025-10-13 05:40:15,899 - tests.integration.extended_test_harness - INFO - ======================================================================
2025-10-13 05:40:15,899 - tests.integration.extended_test_harness - INFO - ITERATION 13/99
2025-10-13 05:40:15,899 - tests.integration.extended_test_harness - INFO - ======================================================================
2025-10-13 05:40:15,899 - tests.integration.extended_test_harness - INFO - Attempt 1/3
2025-10-13 05:40:37,664 - src.config.experiment_config_manager - INFO - Configuration snapshot saved for iteration 13
2025-10-13 05:40:41,087 - autonomous_loop - INFO - Preservation validated: ‚úÖ PRESERVED | 2/2 params | similarity 50.00%
2025-10-13 05:40:41,089 - scripts.validate_code - INFO - Code validation passed - no security violations detected
2025-10-13 05:40:51,373 - tests.integration.extended_test_harness - INFO - ‚úÖ Iteration 13 SUCCESS (duration: 35.5s)
2025-10-13 05:40:51,374 - tests.integration.extended_test_harness - INFO -    Sharpe: 2.1047
2025-10-13 05:40:51,375 - tests.integration.extended_test_harness - INFO -    Total Return: 0.30910774839708316
2025-10-13 05:40:51,375 - tests.integration.extended_test_harness - INFO -    Current Champion: Iteration 6 (Sharpe 2.4751)
2025-10-13 05:40:51,375 - tests.integration.extended_test_harness - INFO - 
2025-10-13 05:40:51,375 - tests.integration.extended_test_harness - INFO - ======================================================================
2025-10-13 05:40:51,376 - tests.integration.extended_test_harness - INFO - ITERATION 14/99
2025-10-13 05:40:51,376 - tests.integration.extended_test_harness - INFO - ======================================================================
2025-10-13 05:40:51,376 - tests.integration.extended_test_harness - INFO - Attempt 1/3
2025-10-13 05:41:13,468 - src.config.experiment_config_manager - INFO - Configuration snapshot saved for iteration 14
2025-10-13 05:41:13,470 - autonomous_loop - WARNING - Configuration capture failed: No module named 'src.config.experiment_config'
2025-10-13 05:41:18,152 - autonomous_loop - INFO - Preservation validated: ‚úÖ PRESERVED | 2/2 params | similarity 50.00%
2025-10-13 05:41:18,154 - scripts.validate_code - INFO - Code validation passed - no security violations detected
2025-10-13 05:41:31,170 - tests.integration.extended_test_harness - INFO - ‚úÖ Iteration 14 SUCCESS (duration: 39.8s)
2025-10-13 05:41:31,171 - tests.integration.extended_test_harness - INFO -    Sharpe: 2.3866
2025-10-13 05:41:31,171 - tests.integration.extended_test_harness - INFO -    Total Return: 0.5489087201809724
2025-10-13 05:41:31,172 - tests.integration.extended_test_harness - INFO -    Current Champion: Iteration 6 (Sharpe 2.4751)
2025-10-13 05:41:31,172 - tests.integration.extended_test_harness - INFO - 
2025-10-13 05:41:31,173 - tests.integration.extended_test_harness - INFO - ======================================================================
2025-10-13 05:41:31,173 - tests.integration.extended_test_harness - INFO - ITERATION 15/99
2025-10-13 05:41:31,173 - tests.integration.extended_test_harness - INFO - ======================================================================
2025-10-13 05:41:31,174 - tests.integration.extended_test_harness - INFO - Attempt 1/3
2025-10-13 05:41:55,280 - src.config.experiment_config_manager - INFO - Configuration snapshot saved for iteration 15
2025-10-13 05:41:55,281 - prompt_builder - INFO - Forcing exploration mode (iteration 15)
2025-10-13 05:41:59,957 - autonomous_loop - INFO - Preservation validated: ‚úÖ PRESERVED | 2/2 params | similarity 50.00%
2025-10-13 05:41:59,960 - scripts.validate_code - INFO - Code validation passed - no security violations detected
2025-10-13 05:42:11,292 - tests.integration.extended_test_harness - INFO - ‚úÖ Iteration 15 SUCCESS (duration: 40.1s)
2025-10-13 05:42:11,293 - tests.integration.extended_test_harness - INFO -    Sharpe: 0.6934
2025-10-13 05:42:11,293 - tests.integration.extended_test_harness - INFO -    Total Return: 0.39061431439966093
2025-10-13 05:42:11,294 - tests.integration.extended_test_harness - INFO -    Current Champion: Iteration 6 (Sharpe 2.4751)
2025-10-13 05:42:11,294 - tests.integration.extended_test_harness - INFO - 
2025-10-13 05:42:11,294 - tests.integration.extended_test_harness - INFO - ======================================================================
2025-10-13 05:42:11,295 - tests.integration.extended_test_harness - INFO - ITERATION 16/99
2025-10-13 05:42:11,295 - tests.integration.extended_test_harness - INFO - ======================================================================
2025-10-13 05:42:11,295 - tests.integration.extended_test_harness - INFO - Attempt 1/3
2025-10-13 05:42:38,348 - src.config.experiment_config_manager - INFO - Configuration snapshot saved for iteration 16
2025-10-13 05:42:38,349 - autonomous_loop - WARNING - Configuration capture failed: No module named 'src.config.experiment_config'
2025-10-13 05:42:42,957 - autonomous_loop - INFO - Preservation validated: ‚úÖ PRESERVED | 2/2 params | similarity 50.00%
2025-10-13 05:42:42,960 - scripts.validate_code - INFO - Code validation passed - no security violations detected
2025-10-13 05:42:54,761 - tests.integration.extended_test_harness - INFO - ‚úÖ Iteration 16 SUCCESS (duration: 43.5s)
2025-10-13 05:42:54,761 - tests.integration.extended_test_harness - INFO -    Sharpe: 2.1346
2025-10-13 05:42:54,761 - tests.integration.extended_test_harness - INFO -    Total Return: 0.7984986074195732
2025-10-13 05:42:54,762 - tests.integration.extended_test_harness - INFO -    Current Champion: Iteration 6 (Sharpe 2.4751)
2025-10-13 05:42:54,762 - tests.integration.extended_test_harness - INFO - 
2025-10-13 05:42:54,762 - tests.integration.extended_test_harness - INFO - ======================================================================
2025-10-13 05:42:54,762 - tests.integration.extended_test_harness - INFO - ITERATION 17/99
2025-10-13 05:42:54,762 - tests.integration.extended_test_harness - INFO - ======================================================================
2025-10-13 05:42:54,763 - tests.integration.extended_test_harness - INFO - Attempt 1/3
2025-10-13 05:43:16,070 - src.config.experiment_config_manager - INFO - Configuration snapshot saved for iteration 17
2025-10-13 05:43:20,080 - autonomous_loop - INFO - Preservation validated: ‚úÖ PRESERVED | 2/2 params | similarity 50.00%
2025-10-13 05:43:20,082 - scripts.validate_code - INFO - Code validation passed - no security violations detected
2025-10-13 05:43:31,360 - tests.integration.extended_test_harness - INFO - ‚úÖ Iteration 17 SUCCESS (duration: 36.6s)
2025-10-13 05:43:31,360 - tests.integration.extended_test_harness - INFO -    Sharpe: 1.5418
2025-10-13 05:43:31,360 - tests.integration.extended_test_harness - INFO -    Total Return: 0.1456374025645597
2025-10-13 05:43:31,361 - tests.integration.extended_test_harness - INFO -    Current Champion: Iteration 6 (Sharpe 2.4751)
2025-10-13 05:43:31,361 - tests.integration.extended_test_harness - INFO - 
2025-10-13 05:43:31,361 - tests.integration.extended_test_harness - INFO - ======================================================================
2025-10-13 05:43:31,361 - tests.integration.extended_test_harness - INFO - ITERATION 18/99
2025-10-13 05:43:31,361 - tests.integration.extended_test_harness - INFO - ======================================================================
2025-10-13 05:43:31,361 - tests.integration.extended_test_harness - INFO - Attempt 1/3
2025-10-13 05:43:53,493 - src.config.experiment_config_manager - INFO - Configuration snapshot saved for iteration 18
2025-10-13 05:43:53,496 - autonomous_loop - WARNING - Configuration capture failed: No module named 'src.config.experiment_config'
2025-10-13 05:43:57,445 - autonomous_loop - INFO - Preservation validated: ‚úÖ PRESERVED | 2/2 params | similarity 50.00%
2025-10-13 05:43:57,447 - scripts.validate_code - INFO - Code validation passed - no security violations detected
2025-10-13 05:44:08,948 - tests.integration.extended_test_harness - INFO - ‚úÖ Iteration 18 SUCCESS (duration: 37.6s)
2025-10-13 05:44:08,948 - tests.integration.extended_test_harness - INFO -    Sharpe: 1.7708
2025-10-13 05:44:08,949 - tests.integration.extended_test_harness - INFO -    Total Return: 0.350383656122878
2025-10-13 05:44:08,949 - tests.integration.extended_test_harness - INFO -    Current Champion: Iteration 6 (Sharpe 2.4751)
2025-10-13 05:44:08,949 - tests.integration.extended_test_harness - INFO - 
2025-10-13 05:44:08,950 - tests.integration.extended_test_harness - INFO - ======================================================================
2025-10-13 05:44:08,950 - tests.integration.extended_test_harness - INFO - ITERATION 19/99
2025-10-13 05:44:08,950 - tests.integration.extended_test_harness - INFO - ======================================================================
2025-10-13 05:44:08,951 - tests.integration.extended_test_harness - INFO - Attempt 1/3
2025-10-13 05:44:31,251 - src.config.experiment_config_manager - INFO - Configuration snapshot saved for iteration 19
2025-10-13 05:44:36,068 - autonomous_loop - INFO - Preservation validated: ‚úÖ PRESERVED | 2/2 params | similarity 50.00%
2025-10-13 05:44:36,069 - scripts.validate_code - INFO - Code validation passed - no security violations detected
2025-10-13 05:44:47,797 - tests.integration.extended_test_harness - INFO - ‚úÖ Iteration 19 SUCCESS (duration: 38.8s)
2025-10-13 05:44:47,798 - tests.integration.extended_test_harness - INFO -    Sharpe: 1.3382
2025-10-13 05:44:47,798 - tests.integration.extended_test_harness - INFO -    Total Return: -0.009661380069094283
2025-10-13 05:44:47,798 - tests.integration.extended_test_harness - INFO -    Current Champion: Iteration 6 (Sharpe 2.4751)
2025-10-13 05:44:47,798 - tests.integration.extended_test_harness - INFO - 
üìÅ Saving checkpoint at iteration 19...
2025-10-13 05:44:47,799 - tests.integration.extended_test_harness - ERROR - Failed to save checkpoint at iteration 19: 'ChampionStrategy' object has no attribute 'get'
2025-10-13 05:44:47,799 - tests.integration.extended_test_harness - INFO - 
2025-10-13 05:44:47,799 - tests.integration.extended_test_harness - INFO - ======================================================================
2025-10-13 05:44:47,799 - tests.integration.extended_test_harness - INFO - ITERATION 20/99
2025-10-13 05:44:47,799 - tests.integration.extended_test_harness - INFO - ======================================================================
2025-10-13 05:44:47,799 - tests.integration.extended_test_harness - INFO - Attempt 1/3
2025-10-13 05:45:11,817 - src.config.experiment_config_manager - INFO - Configuration snapshot saved for iteration 20
2025-10-13 05:45:11,819 - autonomous_loop - WARNING - Configuration capture failed: No module named 'src.config.experiment_config'
2025-10-13 05:45:11,820 - prompt_builder - INFO - Forcing exploration mode (iteration 20)
2025-10-13 05:45:16,154 - autonomous_loop - INFO - Preservation validated: ‚úÖ PRESERVED | 2/2 params | similarity 50.00%
2025-10-13 05:45:16,155 - scripts.validate_code - INFO - Code validation passed - no security violations detected
2025-10-13 05:45:28,011 - tests.integration.extended_test_harness - INFO - ‚úÖ Iteration 20 SUCCESS (duration: 40.2s)
2025-10-13 05:45:28,011 - tests.integration.extended_test_harness - INFO -    Sharpe: 1.9316
2025-10-13 05:45:28,011 - tests.integration.extended_test_harness - INFO -    Total Return: 0.11448445417457409
2025-10-13 05:45:28,011 - tests.integration.extended_test_harness - INFO -    Current Champion: Iteration 6 (Sharpe 2.4751)
2025-10-13 05:45:28,012 - tests.integration.extended_test_harness - INFO - 
2025-10-13 05:45:28,012 - tests.integration.extended_test_harness - INFO - ======================================================================
2025-10-13 05:45:28,012 - tests.integration.extended_test_harness - INFO - ITERATION 21/99
2025-10-13 05:45:28,013 - tests.integration.extended_test_harness - INFO - ======================================================================
2025-10-13 05:45:28,013 - tests.integration.extended_test_harness - INFO - Attempt 1/3
2025-10-13 05:45:49,085 - src.config.experiment_config_manager - INFO - Configuration snapshot saved for iteration 21
2025-10-13 05:45:53,280 - autonomous_loop - INFO - Preservation validated: ‚úÖ PRESERVED | 2/2 params | similarity 50.00%
2025-10-13 05:45:53,282 - scripts.validate_code - INFO - Code validation passed - no security violations detected
2025-10-13 05:46:06,708 - tests.integration.extended_test_harness - INFO - ‚úÖ Iteration 21 SUCCESS (duration: 38.7s)
2025-10-13 05:46:06,709 - tests.integration.extended_test_harness - INFO -    Sharpe: -0.3415
2025-10-13 05:46:06,709 - tests.integration.extended_test_harness - INFO -    Total Return: 0.09244814918254957
2025-10-13 05:46:06,709 - tests.integration.extended_test_harness - INFO -    Current Champion: Iteration 6 (Sharpe 2.4751)
2025-10-13 05:46:06,710 - tests.integration.extended_test_harness - INFO - 
2025-10-13 05:46:06,710 - tests.integration.extended_test_harness - INFO - ======================================================================
2025-10-13 05:46:06,710 - tests.integration.extended_test_harness - INFO - ITERATION 22/99
2025-10-13 05:46:06,711 - tests.integration.extended_test_harness - INFO - ======================================================================
2025-10-13 05:46:06,711 - tests.integration.extended_test_harness - INFO - Attempt 1/3
2025-10-13 05:46:28,071 - src.config.experiment_config_manager - INFO - Configuration snapshot saved for iteration 22
2025-10-13 05:46:28,073 - autonomous_loop - WARNING - Configuration capture failed: No module named 'src.config.experiment_config'
2025-10-13 05:46:32,911 - autonomous_loop - INFO - Preservation validated: ‚úÖ PRESERVED | 2/2 params | similarity 50.00%
2025-10-13 05:46:32,914 - scripts.validate_code - INFO - Code validation passed - no security violations detected
2025-10-13 05:46:43,592 - tests.integration.extended_test_harness - INFO - ‚úÖ Iteration 22 SUCCESS (duration: 36.9s)
2025-10-13 05:46:43,592 - tests.integration.extended_test_harness - INFO -    Sharpe: -0.2293
2025-10-13 05:46:43,593 - tests.integration.extended_test_harness - INFO -    Total Return: -0.22296778522356947
2025-10-13 05:46:43,593 - tests.integration.extended_test_harness - INFO -    Current Champion: Iteration 6 (Sharpe 2.4751)
2025-10-13 05:46:43,593 - tests.integration.extended_test_harness - INFO - 
2025-10-13 05:46:43,593 - tests.integration.extended_test_harness - INFO - ======================================================================
2025-10-13 05:46:43,593 - tests.integration.extended_test_harness - INFO - ITERATION 23/99
2025-10-13 05:46:43,593 - tests.integration.extended_test_harness - INFO - ======================================================================
2025-10-13 05:46:43,594 - tests.integration.extended_test_harness - INFO - Attempt 1/3
2025-10-13 05:47:06,131 - src.config.experiment_config_manager - INFO - Configuration snapshot saved for iteration 23
2025-10-13 05:47:10,780 - autonomous_loop - INFO - Preservation validated: ‚úÖ PRESERVED | 2/2 params | similarity 50.00%
2025-10-13 05:47:10,782 - scripts.validate_code - INFO - Code validation passed - no security violations detected
2025-10-13 05:47:14,094 - tests.integration.extended_test_harness - ERROR - ‚ùå Iteration 23 EXECUTION FAILURE
2025-10-13 05:47:14,095 - tests.integration.extended_test_harness - ERROR -    Unknown error
2025-10-13 05:47:14,095 - tests.integration.extended_test_harness - WARNING - ‚ö†Ô∏è  Retrying iteration 23 (attempt 2/3)
2025-10-13 05:47:16,098 - tests.integration.extended_test_harness - INFO - Attempt 2/3
2025-10-13 05:47:37,947 - src.config.experiment_config_manager - INFO - Configuration snapshot saved for iteration 23
2025-10-13 05:47:43,148 - autonomous_loop - INFO - Preservation validated: ‚úÖ PRESERVED | 2/2 params | similarity 50.00%
2025-10-13 05:47:43,150 - scripts.validate_code - INFO - Code validation passed - no security violations detected
2025-10-13 05:47:55,926 - tests.integration.extended_test_harness - INFO - ‚úÖ Iteration 23 SUCCESS (duration: 72.3s)
2025-10-13 05:47:55,927 - tests.integration.extended_test_harness - INFO -    Sharpe: 1.5385
2025-10-13 05:47:55,927 - tests.integration.extended_test_harness - INFO -    Total Return: -0.2793360871132023
2025-10-13 05:47:55,928 - tests.integration.extended_test_harness - INFO -    Current Champion: Iteration 6 (Sharpe 2.4751)
2025-10-13 05:47:55,928 - tests.integration.extended_test_harness - INFO - 
2025-10-13 05:47:55,928 - tests.integration.extended_test_harness - INFO - ======================================================================
2025-10-13 05:47:55,928 - tests.integration.extended_test_harness - INFO - ITERATION 24/99
2025-10-13 05:47:55,929 - tests.integration.extended_test_harness - INFO - ======================================================================
2025-10-13 05:47:55,929 - tests.integration.extended_test_harness - INFO - Attempt 1/3
2025-10-13 05:48:17,091 - src.config.experiment_config_manager - INFO - Configuration snapshot saved for iteration 24
2025-10-13 05:48:17,092 - autonomous_loop - WARNING - Configuration capture failed: No module named 'src.config.experiment_config'
2025-10-13 05:48:21,954 - autonomous_loop - INFO - Preservation validated: ‚úÖ PRESERVED | 2/2 params | similarity 50.00%
2025-10-13 05:48:21,955 - scripts.validate_code - INFO - Code validation passed - no security violations detected
2025-10-13 05:48:33,261 - tests.integration.extended_test_harness - INFO - ‚úÖ Iteration 24 SUCCESS (duration: 37.3s)
2025-10-13 05:48:33,262 - tests.integration.extended_test_harness - INFO -    Sharpe: -0.2884
2025-10-13 05:48:33,262 - tests.integration.extended_test_harness - INFO -    Total Return: -0.014467807154736001
2025-10-13 05:48:33,262 - tests.integration.extended_test_harness - INFO -    Current Champion: Iteration 6 (Sharpe 2.4751)
2025-10-13 05:48:33,263 - tests.integration.extended_test_harness - INFO - 
2025-10-13 05:48:33,263 - tests.integration.extended_test_harness - INFO - ======================================================================
2025-10-13 05:48:33,263 - tests.integration.extended_test_harness - INFO - ITERATION 25/99
2025-10-13 05:48:33,263 - tests.integration.extended_test_harness - INFO - ======================================================================
2025-10-13 05:48:33,263 - tests.integration.extended_test_harness - INFO - Attempt 1/3
2025-10-13 05:48:54,462 - src.config.experiment_config_manager - INFO - Configuration snapshot saved for iteration 25
2025-10-13 05:48:54,462 - prompt_builder - INFO - Forcing exploration mode (iteration 25)
2025-10-13 05:48:59,503 - autonomous_loop - INFO - Preservation validated: ‚úÖ PRESERVED | 2/2 params | similarity 50.00%
2025-10-13 05:48:59,504 - scripts.validate_code - INFO - Code validation passed - no security violations detected
2025-10-13 05:49:09,209 - tests.integration.extended_test_harness - INFO - ‚úÖ Iteration 25 SUCCESS (duration: 35.9s)
2025-10-13 05:49:09,209 - tests.integration.extended_test_harness - INFO -    Sharpe: 1.4584
2025-10-13 05:49:09,210 - tests.integration.extended_test_harness - INFO -    Total Return: 0.4059893407363064
2025-10-13 05:49:09,210 - tests.integration.extended_test_harness - INFO -    Current Champion: Iteration 6 (Sharpe 2.4751)
2025-10-13 05:49:09,210 - tests.integration.extended_test_harness - INFO - 
2025-10-13 05:49:09,210 - tests.integration.extended_test_harness - INFO - ======================================================================
2025-10-13 05:49:09,211 - tests.integration.extended_test_harness - INFO - ITERATION 26/99
2025-10-13 05:49:09,211 - tests.integration.extended_test_harness - INFO - ======================================================================
2025-10-13 05:49:09,211 - tests.integration.extended_test_harness - INFO - Attempt 1/3
2025-10-13 05:49:31,197 - src.config.experiment_config_manager - INFO - Configuration snapshot saved for iteration 26
2025-10-13 05:49:31,199 - autonomous_loop - WARNING - Configuration capture failed: No module named 'src.config.experiment_config'
2025-10-13 05:49:35,927 - autonomous_loop - INFO - Preservation validated: ‚úÖ PRESERVED | 2/2 params | similarity 50.00%
2025-10-13 05:49:35,929 - scripts.validate_code - INFO - Code validation passed - no security violations detected
2025-10-13 05:49:48,506 - tests.integration.extended_test_harness - INFO - ‚úÖ Iteration 26 SUCCESS (duration: 39.3s)
2025-10-13 05:49:48,507 - tests.integration.extended_test_harness - INFO -    Sharpe: 2.2972
2025-10-13 05:49:48,507 - tests.integration.extended_test_harness - INFO -    Total Return: 0.47341812011245316
2025-10-13 05:49:48,508 - tests.integration.extended_test_harness - INFO -    Current Champion: Iteration 6 (Sharpe 2.4751)
2025-10-13 05:49:48,508 - tests.integration.extended_test_harness - INFO - 
2025-10-13 05:49:48,508 - tests.integration.extended_test_harness - INFO - ======================================================================
2025-10-13 05:49:48,509 - tests.integration.extended_test_harness - INFO - ITERATION 27/99
2025-10-13 05:49:48,509 - tests.integration.extended_test_harness - INFO - ======================================================================
2025-10-13 05:49:48,509 - tests.integration.extended_test_harness - INFO - Attempt 1/3
2025-10-13 05:50:11,418 - src.config.experiment_config_manager - INFO - Configuration snapshot saved for iteration 27
2025-10-13 05:50:16,192 - autonomous_loop - INFO - Preservation validated: ‚úÖ PRESERVED | 2/2 params | similarity 50.00%
2025-10-13 05:50:16,195 - scripts.validate_code - INFO - Code validation passed - no security violations detected
2025-10-13 05:50:27,548 - tests.integration.extended_test_harness - INFO - ‚úÖ Iteration 27 SUCCESS (duration: 39.0s)
2025-10-13 05:50:27,549 - tests.integration.extended_test_harness - INFO -    Sharpe: 0.5019
2025-10-13 05:50:27,549 - tests.integration.extended_test_harness - INFO -    Total Return: 0.6357165701478944
2025-10-13 05:50:27,549 - tests.integration.extended_test_harness - INFO -    Current Champion: Iteration 6 (Sharpe 2.4751)
2025-10-13 05:50:27,549 - tests.integration.extended_test_harness - INFO - 
2025-10-13 05:50:27,549 - tests.integration.extended_test_harness - INFO - ======================================================================
2025-10-13 05:50:27,550 - tests.integration.extended_test_harness - INFO - ITERATION 28/99
2025-10-13 05:50:27,550 - tests.integration.extended_test_harness - INFO - ======================================================================
2025-10-13 05:50:27,550 - tests.integration.extended_test_harness - INFO - Attempt 1/3
2025-10-13 05:50:48,892 - src.config.experiment_config_manager - INFO - Configuration snapshot saved for iteration 28
2025-10-13 05:50:48,893 - autonomous_loop - WARNING - Configuration capture failed: No module named 'src.config.experiment_config'
2025-10-13 05:50:53,434 - autonomous_loop - INFO - Preservation validated: ‚úÖ PRESERVED | 2/2 params | similarity 50.00%
2025-10-13 05:50:53,436 - scripts.validate_code - INFO - Code validation passed - no security violations detected
2025-10-13 05:51:04,943 - tests.integration.extended_test_harness - INFO - ‚úÖ Iteration 28 SUCCESS (duration: 37.4s)
2025-10-13 05:51:04,943 - tests.integration.extended_test_harness - INFO -    Sharpe: 1.6472
2025-10-13 05:51:04,944 - tests.integration.extended_test_harness - INFO -    Total Return: 0.19847553187980138
2025-10-13 05:51:04,944 - tests.integration.extended_test_harness - INFO -    Current Champion: Iteration 6 (Sharpe 2.4751)
2025-10-13 05:51:04,944 - tests.integration.extended_test_harness - INFO - 
2025-10-13 05:51:04,944 - tests.integration.extended_test_harness - INFO - ======================================================================
2025-10-13 05:51:04,944 - tests.integration.extended_test_harness - INFO - ITERATION 29/99
2025-10-13 05:51:04,944 - tests.integration.extended_test_harness - INFO - ======================================================================
2025-10-13 05:51:04,944 - tests.integration.extended_test_harness - INFO - Attempt 1/3
2025-10-13 05:51:25,858 - src.config.experiment_config_manager - INFO - Configuration snapshot saved for iteration 29
2025-10-13 05:51:30,235 - autonomous_loop - INFO - Preservation validated: ‚úÖ PRESERVED | 2/2 params | similarity 50.00%
2025-10-13 05:51:30,237 - scripts.validate_code - INFO - Code validation passed - no security violations detected
2025-10-13 05:51:42,187 - tests.integration.extended_test_harness - INFO - ‚úÖ Iteration 29 SUCCESS (duration: 37.2s)
2025-10-13 05:51:42,188 - tests.integration.extended_test_harness - INFO -    Sharpe: 2.3494
2025-10-13 05:51:42,188 - tests.integration.extended_test_harness - INFO -    Total Return: 0.37880985811031903
2025-10-13 05:51:42,188 - tests.integration.extended_test_harness - INFO -    Current Champion: Iteration 6 (Sharpe 2.4751)
2025-10-13 05:51:42,189 - tests.integration.extended_test_harness - INFO - 
üìÅ Saving checkpoint at iteration 29...
2025-10-13 05:51:42,189 - tests.integration.extended_test_harness - ERROR - Failed to save checkpoint at iteration 29: 'ChampionStrategy' object has no attribute 'get'
2025-10-13 05:51:42,189 - tests.integration.extended_test_harness - INFO - 
2025-10-13 05:51:42,190 - tests.integration.extended_test_harness - INFO - ======================================================================
2025-10-13 05:51:42,190 - tests.integration.extended_test_harness - INFO - ITERATION 30/99
2025-10-13 05:51:42,190 - tests.integration.extended_test_harness - INFO - ======================================================================
2025-10-13 05:51:42,190 - tests.integration.extended_test_harness - INFO - Attempt 1/3
2025-10-13 05:52:03,341 - src.config.experiment_config_manager - INFO - Configuration snapshot saved for iteration 30
2025-10-13 05:52:03,343 - autonomous_loop - WARNING - Configuration capture failed: No module named 'src.config.experiment_config'
2025-10-13 05:52:03,343 - prompt_builder - INFO - Forcing exploration mode (iteration 30)
2025-10-13 05:52:06,877 - autonomous_loop - INFO - Preservation validated: ‚úÖ PRESERVED | 2/2 params | similarity 50.00%
2025-10-13 05:52:06,879 - scripts.validate_code - INFO - Code validation passed - no security violations detected
2025-10-13 05:52:17,946 - tests.integration.extended_test_harness - INFO - ‚úÖ Iteration 30 SUCCESS (duration: 35.8s)
2025-10-13 05:52:17,947 - tests.integration.extended_test_harness - INFO -    Sharpe: -0.4743
2025-10-13 05:52:17,947 - tests.integration.extended_test_harness - INFO -    Total Return: 0.726020823450489
2025-10-13 05:52:17,948 - tests.integration.extended_test_harness - INFO -    Current Champion: Iteration 6 (Sharpe 2.4751)
2025-10-13 05:52:17,948 - tests.integration.extended_test_harness - INFO - 
2025-10-13 05:52:17,948 - tests.integration.extended_test_harness - INFO - ======================================================================
2025-10-13 05:52:17,949 - tests.integration.extended_test_harness - INFO - ITERATION 31/99
2025-10-13 05:52:17,949 - tests.integration.extended_test_harness - INFO - ======================================================================
2025-10-13 05:52:17,949 - tests.integration.extended_test_harness - INFO - Attempt 1/3
2025-10-13 05:52:39,958 - src.config.experiment_config_manager - INFO - Configuration snapshot saved for iteration 31
2025-10-13 05:52:44,476 - autonomous_loop - INFO - Preservation validated: ‚úÖ PRESERVED | 2/2 params | similarity 50.00%
2025-10-13 05:52:44,477 - scripts.validate_code - INFO - Code validation passed - no security violations detected
2025-10-13 05:52:47,976 - tests.integration.extended_test_harness - ERROR - ‚ùå Iteration 31 EXECUTION FAILURE
2025-10-13 05:52:47,976 - tests.integration.extended_test_harness - ERROR -    Unknown error
2025-10-13 05:52:47,977 - tests.integration.extended_test_harness - WARNING - ‚ö†Ô∏è  Retrying iteration 31 (attempt 2/3)
2025-10-13 05:52:49,980 - tests.integration.extended_test_harness - INFO - Attempt 2/3
2025-10-13 05:53:11,599 - src.config.experiment_config_manager - INFO - Configuration snapshot saved for iteration 31
2025-10-13 05:53:15,559 - autonomous_loop - INFO - Preservation validated: ‚úÖ PRESERVED | 2/2 params | similarity 50.00%
2025-10-13 05:53:15,560 - scripts.validate_code - INFO - Code validation passed - no security violations detected
2025-10-13 05:53:26,564 - autonomous_loop - WARNING - Variance alert: High variance (œÉ=1.1621) for 5 consecutive iterations. Learning may be unstable.
2025-10-13 05:53:26,714 - tests.integration.extended_test_harness - INFO - ‚úÖ Iteration 31 SUCCESS (duration: 68.8s)
2025-10-13 05:53:26,714 - tests.integration.extended_test_harness - INFO -    Sharpe: 1.8289
2025-10-13 05:53:26,715 - tests.integration.extended_test_harness - INFO -    Total Return: 0.2788267918197426
2025-10-13 05:53:26,715 - tests.integration.extended_test_harness - INFO -    Current Champion: Iteration 6 (Sharpe 2.4751)
2025-10-13 05:53:26,715 - tests.integration.extended_test_harness - INFO - 
2025-10-13 05:53:26,716 - tests.integration.extended_test_harness - INFO - ======================================================================
2025-10-13 05:53:26,716 - tests.integration.extended_test_harness - INFO - ITERATION 32/99
2025-10-13 05:53:26,716 - tests.integration.extended_test_harness - INFO - ======================================================================
2025-10-13 05:53:26,717 - tests.integration.extended_test_harness - INFO - Attempt 1/3
2025-10-13 05:53:48,809 - src.config.experiment_config_manager - INFO - Configuration snapshot saved for iteration 32
2025-10-13 05:53:48,812 - autonomous_loop - WARNING - Configuration capture failed: No module named 'src.config.experiment_config'
2025-10-13 05:53:53,328 - autonomous_loop - INFO - Preservation validated: ‚úÖ PRESERVED | 2/2 params | similarity 50.00%
2025-10-13 05:53:53,331 - scripts.validate_code - INFO - Code validation passed - no security violations detected
2025-10-13 05:54:04,893 - autonomous_loop - WARNING - Variance alert: High variance (œÉ=1.1885) for 6 consecutive iterations. Learning may be unstable.
2025-10-13 05:54:05,037 - tests.integration.extended_test_harness - INFO - ‚úÖ Iteration 32 SUCCESS (duration: 38.3s)
2025-10-13 05:54:05,037 - tests.integration.extended_test_harness - INFO -    Sharpe: 1.7045
2025-10-13 05:54:05,038 - tests.integration.extended_test_harness - INFO -    Total Return: 0.5346855434383222
2025-10-13 05:54:05,038 - tests.integration.extended_test_harness - INFO -    Current Champion: Iteration 6 (Sharpe 2.4751)
2025-10-13 05:54:05,038 - tests.integration.extended_test_harness - INFO - 
2025-10-13 05:54:05,038 - tests.integration.extended_test_harness - INFO - ======================================================================
2025-10-13 05:54:05,039 - tests.integration.extended_test_harness - INFO - ITERATION 33/99
2025-10-13 05:54:05,039 - tests.integration.extended_test_harness - INFO - ======================================================================
2025-10-13 05:54:05,039 - tests.integration.extended_test_harness - INFO - Attempt 1/3
2025-10-13 05:54:26,284 - src.config.experiment_config_manager - INFO - Configuration snapshot saved for iteration 33
2025-10-13 05:54:31,259 - autonomous_loop - INFO - Preservation validated: ‚úÖ PRESERVED | 2/2 params | similarity 50.00%
2025-10-13 05:54:31,260 - scripts.validate_code - INFO - Code validation passed - no security violations detected
2025-10-13 05:54:42,355 - autonomous_loop - WARNING - Variance alert: High variance (œÉ=1.1161) for 7 consecutive iterations. Learning may be unstable.
2025-10-13 05:54:42,496 - tests.integration.extended_test_harness - INFO - ‚úÖ Iteration 33 SUCCESS (duration: 37.5s)
2025-10-13 05:54:42,497 - tests.integration.extended_test_harness - INFO -    Sharpe: 1.9005
2025-10-13 05:54:42,497 - tests.integration.extended_test_harness - INFO -    Total Return: 0.7815850264993389
2025-10-13 05:54:42,497 - tests.integration.extended_test_harness - INFO -    Current Champion: Iteration 6 (Sharpe 2.4751)
2025-10-13 05:54:42,498 - tests.integration.extended_test_harness - INFO - 
2025-10-13 05:54:42,498 - tests.integration.extended_test_harness - INFO - ======================================================================
2025-10-13 05:54:42,498 - tests.integration.extended_test_harness - INFO - ITERATION 34/99
2025-10-13 05:54:42,498 - tests.integration.extended_test_harness - INFO - ======================================================================
2025-10-13 05:54:42,498 - tests.integration.extended_test_harness - INFO - Attempt 1/3
2025-10-13 05:55:03,431 - src.config.experiment_config_manager - INFO - Configuration snapshot saved for iteration 34
2025-10-13 05:55:03,433 - autonomous_loop - WARNING - Configuration capture failed: No module named 'src.config.experiment_config'
2025-10-13 05:55:07,402 - autonomous_loop - INFO - Preservation validated: ‚úÖ PRESERVED | 2/2 params | similarity 50.00%
2025-10-13 05:55:07,406 - scripts.validate_code - INFO - Code validation passed - no security violations detected
2025-10-13 05:55:19,822 - autonomous_loop - WARNING - Variance alert: High variance (œÉ=1.1175) for 8 consecutive iterations. Learning may be unstable.
2025-10-13 05:55:20,003 - tests.integration.extended_test_harness - INFO - ‚úÖ Iteration 34 SUCCESS (duration: 37.5s)
2025-10-13 05:55:20,003 - tests.integration.extended_test_harness - INFO -    Sharpe: 1.8137
2025-10-13 05:55:20,004 - tests.integration.extended_test_harness - INFO -    Total Return: -0.23712369094944158
2025-10-13 05:55:20,004 - tests.integration.extended_test_harness - INFO -    Current Champion: Iteration 6 (Sharpe 2.4751)
2025-10-13 05:55:20,004 - tests.integration.extended_test_harness - INFO - 
2025-10-13 05:55:20,004 - tests.integration.extended_test_harness - INFO - ======================================================================
2025-10-13 05:55:20,005 - tests.integration.extended_test_harness - INFO - ITERATION 35/99
2025-10-13 05:55:20,005 - tests.integration.extended_test_harness - INFO - ======================================================================
2025-10-13 05:55:20,005 - tests.integration.extended_test_harness - INFO - Attempt 1/3
2025-10-13 05:55:41,855 - src.config.experiment_config_manager - INFO - Configuration snapshot saved for iteration 35
2025-10-13 05:55:41,856 - prompt_builder - INFO - Forcing exploration mode (iteration 35)
2025-10-13 05:55:45,750 - autonomous_loop - INFO - Preservation validated: ‚úÖ PRESERVED | 2/2 params | similarity 50.00%
2025-10-13 05:55:45,752 - scripts.validate_code - INFO - Code validation passed - no security violations detected
2025-10-13 05:55:55,199 - autonomous_loop - WARNING - Variance alert: High variance (œÉ=1.0349) for 9 consecutive iterations. Learning may be unstable.
2025-10-13 05:55:55,319 - tests.integration.extended_test_harness - INFO - ‚úÖ Iteration 35 SUCCESS (duration: 35.3s)
2025-10-13 05:55:55,320 - tests.integration.extended_test_harness - INFO -    Sharpe: 0.0328
2025-10-13 05:55:55,320 - tests.integration.extended_test_harness - INFO -    Total Return: 0.5340993045440354
2025-10-13 05:55:55,321 - tests.integration.extended_test_harness - INFO -    Current Champion: Iteration 6 (Sharpe 2.4751)
2025-10-13 05:55:55,321 - tests.integration.extended_test_harness - INFO - 
2025-10-13 05:55:55,321 - tests.integration.extended_test_harness - INFO - ======================================================================
2025-10-13 05:55:55,322 - tests.integration.extended_test_harness - INFO - ITERATION 36/99
2025-10-13 05:55:55,322 - tests.integration.extended_test_harness - INFO - ======================================================================
2025-10-13 05:55:55,322 - tests.integration.extended_test_harness - INFO - Attempt 1/3
2025-10-13 05:56:17,985 - src.config.experiment_config_manager - INFO - Configuration snapshot saved for iteration 36
2025-10-13 05:56:17,987 - autonomous_loop - WARNING - Configuration capture failed: No module named 'src.config.experiment_config'
2025-10-13 05:56:21,696 - autonomous_loop - INFO - Preservation validated: ‚úÖ PRESERVED | 2/2 params | similarity 50.00%
2025-10-13 05:56:21,698 - scripts.validate_code - INFO - Code validation passed - no security violations detected
2025-10-13 05:56:32,557 - autonomous_loop - WARNING - Variance alert: High variance (œÉ=0.9834) for 10 consecutive iterations. Learning may be unstable.
2025-10-13 05:56:32,699 - tests.integration.extended_test_harness - INFO - ‚úÖ Iteration 36 SUCCESS (duration: 37.4s)
2025-10-13 05:56:32,700 - tests.integration.extended_test_harness - INFO -    Sharpe: 1.3104
2025-10-13 05:56:32,700 - tests.integration.extended_test_harness - INFO -    Total Return: 0.5676803335856397
2025-10-13 05:56:32,700 - tests.integration.extended_test_harness - INFO -    Current Champion: Iteration 6 (Sharpe 2.4751)
2025-10-13 05:56:32,700 - tests.integration.extended_test_harness - INFO - 
2025-10-13 05:56:32,701 - tests.integration.extended_test_harness - INFO - ======================================================================
2025-10-13 05:56:32,701 - tests.integration.extended_test_harness - INFO - ITERATION 37/99
2025-10-13 05:56:32,701 - tests.integration.extended_test_harness - INFO - ======================================================================
2025-10-13 05:56:32,702 - tests.integration.extended_test_harness - INFO - Attempt 1/3
2025-10-13 05:56:54,283 - src.config.experiment_config_manager - INFO - Configuration snapshot saved for iteration 37
2025-10-13 05:56:59,326 - autonomous_loop - INFO - Preservation validated: ‚úÖ PRESERVED | 2/2 params | similarity 50.00%
2025-10-13 05:56:59,329 - scripts.validate_code - INFO - Code validation passed - no security violations detected
2025-10-13 05:57:10,960 - autonomous_loop - WARNING - Variance alert: High variance (œÉ=0.9750) for 11 consecutive iterations. Learning may be unstable.
2025-10-13 05:57:11,091 - tests.integration.extended_test_harness - INFO - ‚úÖ Iteration 37 SUCCESS (duration: 38.4s)
2025-10-13 05:57:11,092 - tests.integration.extended_test_harness - INFO -    Sharpe: 2.3926
2025-10-13 05:57:11,092 - tests.integration.extended_test_harness - INFO -    Total Return: -0.08332706556592126
2025-10-13 05:57:11,092 - tests.integration.extended_test_harness - INFO -    Current Champion: Iteration 6 (Sharpe 2.4751)
2025-10-13 05:57:11,093 - tests.integration.extended_test_harness - INFO - 
2025-10-13 05:57:11,093 - tests.integration.extended_test_harness - INFO - ======================================================================
2025-10-13 05:57:11,093 - tests.integration.extended_test_harness - INFO - ITERATION 38/99
2025-10-13 05:57:11,093 - tests.integration.extended_test_harness - INFO - ======================================================================
2025-10-13 05:57:11,094 - tests.integration.extended_test_harness - INFO - Attempt 1/3
2025-10-13 05:57:31,919 - src.config.experiment_config_manager - INFO - Configuration snapshot saved for iteration 38
2025-10-13 05:57:31,920 - autonomous_loop - WARNING - Configuration capture failed: No module named 'src.config.experiment_config'
2025-10-13 05:57:37,221 - autonomous_loop - INFO - Preservation validated: ‚úÖ PRESERVED | 2/2 params | similarity 50.00%
2025-10-13 05:57:37,223 - scripts.validate_code - INFO - Code validation passed - no security violations detected
2025-10-13 05:57:48,432 - autonomous_loop - WARNING - Variance alert: High variance (œÉ=0.9776) for 12 consecutive iterations. Learning may be unstable.
2025-10-13 05:57:48,541 - tests.integration.extended_test_harness - INFO - ‚úÖ Iteration 38 SUCCESS (duration: 37.4s)
2025-10-13 05:57:48,541 - tests.integration.extended_test_harness - INFO -    Sharpe: 1.6222
2025-10-13 05:57:48,542 - tests.integration.extended_test_harness - INFO -    Total Return: -0.28384553193940454
2025-10-13 05:57:48,542 - tests.integration.extended_test_harness - INFO -    Current Champion: Iteration 6 (Sharpe 2.4751)
2025-10-13 05:57:48,542 - tests.integration.extended_test_harness - INFO - 
2025-10-13 05:57:48,542 - tests.integration.extended_test_harness - INFO - ======================================================================
2025-10-13 05:57:48,543 - tests.integration.extended_test_harness - INFO - ITERATION 39/99
2025-10-13 05:57:48,543 - tests.integration.extended_test_harness - INFO - ======================================================================
2025-10-13 05:57:48,543 - tests.integration.extended_test_harness - INFO - Attempt 1/3
2025-10-13 05:58:09,392 - src.config.experiment_config_manager - INFO - Configuration snapshot saved for iteration 39
2025-10-13 05:58:13,606 - autonomous_loop - INFO - Preservation validated: ‚úÖ PRESERVED | 2/2 params | similarity 50.00%
2025-10-13 05:58:13,609 - scripts.validate_code - INFO - Code validation passed - no security violations detected
2025-10-13 05:58:25,859 - autonomous_loop - WARNING - Variance alert: High variance (œÉ=0.8248) for 13 consecutive iterations. Learning may be unstable.
2025-10-13 05:58:25,970 - tests.integration.extended_test_harness - INFO - ‚úÖ Iteration 39 SUCCESS (duration: 37.4s)
2025-10-13 05:58:25,971 - tests.integration.extended_test_harness - INFO -    Sharpe: 2.0413
2025-10-13 05:58:25,971 - tests.integration.extended_test_harness - INFO -    Total Return: 0.5949663099989508
2025-10-13 05:58:25,971 - tests.integration.extended_test_harness - INFO -    Current Champion: Iteration 6 (Sharpe 2.4751)
2025-10-13 05:58:25,972 - tests.integration.extended_test_harness - INFO - 
üìÅ Saving checkpoint at iteration 39...
2025-10-13 05:58:25,972 - tests.integration.extended_test_harness - ERROR - Failed to save checkpoint at iteration 39: 'ChampionStrategy' object has no attribute 'get'
2025-10-13 05:58:25,973 - tests.integration.extended_test_harness - INFO - 
2025-10-13 05:58:25,973 - tests.integration.extended_test_harness - INFO - ======================================================================
2025-10-13 05:58:25,973 - tests.integration.extended_test_harness - INFO - ITERATION 40/99
2025-10-13 05:58:25,974 - tests.integration.extended_test_harness - INFO - ======================================================================
2025-10-13 05:58:25,974 - tests.integration.extended_test_harness - INFO - Attempt 1/3
2025-10-13 05:58:47,409 - src.config.experiment_config_manager - INFO - Configuration snapshot saved for iteration 40
2025-10-13 05:58:47,410 - autonomous_loop - WARNING - Configuration capture failed: No module named 'src.config.experiment_config'
2025-10-13 05:58:47,411 - prompt_builder - INFO - Forcing exploration mode (iteration 40)
2025-10-13 05:58:51,490 - autonomous_loop - INFO - Preservation validated: ‚úÖ PRESERVED | 2/2 params | similarity 50.00%
2025-10-13 05:58:51,492 - scripts.validate_code - INFO - Code validation passed - no security violations detected
2025-10-13 05:59:01,113 - tests.integration.extended_test_harness - INFO - ‚úÖ Iteration 40 SUCCESS (duration: 35.1s)
2025-10-13 05:59:01,114 - tests.integration.extended_test_harness - INFO -    Sharpe: 1.2377
2025-10-13 05:59:01,114 - tests.integration.extended_test_harness - INFO -    Total Return: -0.018054792613349135
2025-10-13 05:59:01,115 - tests.integration.extended_test_harness - INFO -    Current Champion: Iteration 6 (Sharpe 2.4751)
2025-10-13 05:59:01,115 - tests.integration.extended_test_harness - INFO - 
2025-10-13 05:59:01,115 - tests.integration.extended_test_harness - INFO - ======================================================================
2025-10-13 05:59:01,116 - tests.integration.extended_test_harness - INFO - ITERATION 41/99
2025-10-13 05:59:01,116 - tests.integration.extended_test_harness - INFO - ======================================================================
2025-10-13 05:59:01,116 - tests.integration.extended_test_harness - INFO - Attempt 1/3
2025-10-13 05:59:23,125 - src.config.experiment_config_manager - INFO - Configuration snapshot saved for iteration 41
2025-10-13 05:59:27,084 - autonomous_loop - INFO - Preservation validated: ‚úÖ PRESERVED | 2/2 params | similarity 50.00%
2025-10-13 05:59:27,086 - scripts.validate_code - INFO - Code validation passed - no security violations detected
2025-10-13 05:59:37,942 - tests.integration.extended_test_harness - INFO - ‚úÖ Iteration 41 SUCCESS (duration: 36.8s)
2025-10-13 05:59:37,943 - tests.integration.extended_test_harness - INFO -    Sharpe: 1.7002
2025-10-13 05:59:37,943 - tests.integration.extended_test_harness - INFO -    Total Return: 0.5429458415812434
2025-10-13 05:59:37,944 - tests.integration.extended_test_harness - INFO -    Current Champion: Iteration 6 (Sharpe 2.4751)
2025-10-13 05:59:37,944 - tests.integration.extended_test_harness - INFO - 
2025-10-13 05:59:37,944 - tests.integration.extended_test_harness - INFO - ======================================================================
2025-10-13 05:59:37,945 - tests.integration.extended_test_harness - INFO - ITERATION 42/99
2025-10-13 05:59:37,945 - tests.integration.extended_test_harness - INFO - ======================================================================
2025-10-13 05:59:37,945 - tests.integration.extended_test_harness - INFO - Attempt 1/3
2025-10-13 05:59:59,546 - src.config.experiment_config_manager - INFO - Configuration snapshot saved for iteration 42
2025-10-13 05:59:59,549 - autonomous_loop - WARNING - Configuration capture failed: No module named 'src.config.experiment_config'
2025-10-13 06:00:04,316 - autonomous_loop - INFO - Preservation validated: ‚úÖ PRESERVED | 2/2 params | similarity 50.00%
2025-10-13 06:00:04,318 - scripts.validate_code - INFO - Code validation passed - no security violations detected
2025-10-13 06:00:16,271 - tests.integration.extended_test_harness - INFO - ‚úÖ Iteration 42 SUCCESS (duration: 38.3s)
2025-10-13 06:00:16,271 - tests.integration.extended_test_harness - INFO -    Sharpe: 1.4392
2025-10-13 06:00:16,272 - tests.integration.extended_test_harness - INFO -    Total Return: 0.01773420944492471
2025-10-13 06:00:16,272 - tests.integration.extended_test_harness - INFO -    Current Champion: Iteration 6 (Sharpe 2.4751)
2025-10-13 06:00:16,272 - tests.integration.extended_test_harness - INFO - 
2025-10-13 06:00:16,272 - tests.integration.extended_test_harness - INFO - ======================================================================
2025-10-13 06:00:16,273 - tests.integration.extended_test_harness - INFO - ITERATION 43/99
2025-10-13 06:00:16,273 - tests.integration.extended_test_harness - INFO - ======================================================================
2025-10-13 06:00:16,273 - tests.integration.extended_test_harness - INFO - Attempt 1/3
2025-10-13 06:00:37,440 - src.config.experiment_config_manager - INFO - Configuration snapshot saved for iteration 43
2025-10-13 06:00:42,522 - autonomous_loop - INFO - Preservation validated: ‚úÖ PRESERVED | 2/2 params | similarity 50.00%
2025-10-13 06:00:42,524 - scripts.validate_code - INFO - Code validation passed - no security violations detected
2025-10-13 06:00:53,563 - tests.integration.extended_test_harness - INFO - ‚úÖ Iteration 43 SUCCESS (duration: 37.3s)
2025-10-13 06:00:53,564 - tests.integration.extended_test_harness - INFO -    Sharpe: 2.4437
2025-10-13 06:00:53,564 - tests.integration.extended_test_harness - INFO -    Total Return: 0.5803100379910644
2025-10-13 06:00:53,565 - tests.integration.extended_test_harness - INFO -    Current Champion: Iteration 6 (Sharpe 2.4751)
2025-10-13 06:00:53,565 - tests.integration.extended_test_harness - INFO - 
2025-10-13 06:00:53,565 - tests.integration.extended_test_harness - INFO - ======================================================================
2025-10-13 06:00:53,566 - tests.integration.extended_test_harness - INFO - ITERATION 44/99
2025-10-13 06:00:53,566 - tests.integration.extended_test_harness - INFO - ======================================================================
2025-10-13 06:00:53,567 - tests.integration.extended_test_harness - INFO - Attempt 1/3
2025-10-13 06:01:14,970 - src.config.experiment_config_manager - INFO - Configuration snapshot saved for iteration 44
2025-10-13 06:01:14,972 - autonomous_loop - WARNING - Configuration capture failed: No module named 'src.config.experiment_config'
2025-10-13 06:01:18,850 - autonomous_loop - INFO - Preservation validated: ‚úÖ PRESERVED | 2/2 params | similarity 50.00%
2025-10-13 06:01:18,851 - scripts.validate_code - INFO - Code validation passed - no security violations detected
2025-10-13 06:01:29,739 - tests.integration.extended_test_harness - INFO - ‚úÖ Iteration 44 SUCCESS (duration: 36.2s)
2025-10-13 06:01:29,740 - tests.integration.extended_test_harness - INFO -    Sharpe: 2.1353
2025-10-13 06:01:29,740 - tests.integration.extended_test_harness - INFO -    Total Return: 0.046074806691231485
2025-10-13 06:01:29,740 - tests.integration.extended_test_harness - INFO -    Current Champion: Iteration 6 (Sharpe 2.4751)
2025-10-13 06:01:29,741 - tests.integration.extended_test_harness - INFO - 
2025-10-13 06:01:29,741 - tests.integration.extended_test_harness - INFO - ======================================================================
2025-10-13 06:01:29,741 - tests.integration.extended_test_harness - INFO - ITERATION 45/99
2025-10-13 06:01:29,741 - tests.integration.extended_test_harness - INFO - ======================================================================
2025-10-13 06:01:29,742 - tests.integration.extended_test_harness - INFO - Attempt 1/3
2025-10-13 06:01:51,128 - src.config.experiment_config_manager - INFO - Configuration snapshot saved for iteration 45
2025-10-13 06:01:51,129 - prompt_builder - INFO - Forcing exploration mode (iteration 45)
2025-10-13 06:01:55,011 - autonomous_loop - INFO - Preservation validated: ‚úÖ PRESERVED | 2/2 params | similarity 50.00%
2025-10-13 06:01:55,013 - scripts.validate_code - INFO - Code validation passed - no security violations detected
2025-10-13 06:02:05,570 - autonomous_loop - WARNING - Variance alert: High variance (œÉ=0.8927) for 5 consecutive iterations. Learning may be unstable.
2025-10-13 06:02:05,732 - tests.integration.extended_test_harness - INFO - ‚úÖ Iteration 45 SUCCESS (duration: 36.0s)
2025-10-13 06:02:05,732 - tests.integration.extended_test_harness - INFO -    Sharpe: 0.1645
2025-10-13 06:02:05,732 - tests.integration.extended_test_harness - INFO -    Total Return: -0.2089922478380947
2025-10-13 06:02:05,733 - tests.integration.extended_test_harness - INFO -    Current Champion: Iteration 6 (Sharpe 2.4751)
2025-10-13 06:02:05,733 - tests.integration.extended_test_harness - INFO - 
2025-10-13 06:02:05,733 - tests.integration.extended_test_harness - INFO - ======================================================================
2025-10-13 06:02:05,734 - tests.integration.extended_test_harness - INFO - ITERATION 46/99
2025-10-13 06:02:05,734 - tests.integration.extended_test_harness - INFO - ======================================================================
2025-10-13 06:02:05,734 - tests.integration.extended_test_harness - INFO - Attempt 1/3
2025-10-13 06:02:28,283 - src.config.experiment_config_manager - INFO - Configuration snapshot saved for iteration 46
2025-10-13 06:02:28,285 - autonomous_loop - WARNING - Configuration capture failed: No module named 'src.config.experiment_config'
2025-10-13 06:02:32,848 - autonomous_loop - INFO - Preservation validated: ‚úÖ PRESERVED | 2/2 params | similarity 50.00%
2025-10-13 06:02:32,850 - scripts.validate_code - INFO - Code validation passed - no security violations detected
2025-10-13 06:02:43,772 - autonomous_loop - WARNING - Variance alert: High variance (œÉ=0.8490) for 6 consecutive iterations. Learning may be unstable.
2025-10-13 06:02:43,886 - tests.integration.extended_test_harness - INFO - ‚úÖ Iteration 46 SUCCESS (duration: 38.2s)
2025-10-13 06:02:43,886 - tests.integration.extended_test_harness - INFO -    Sharpe: 1.2919
2025-10-13 06:02:43,887 - tests.integration.extended_test_harness - INFO -    Total Return: 0.2121656413076955
2025-10-13 06:02:43,887 - tests.integration.extended_test_harness - INFO -    Current Champion: Iteration 6 (Sharpe 2.4751)
2025-10-13 06:02:43,887 - tests.integration.extended_test_harness - INFO - 
2025-10-13 06:02:43,888 - tests.integration.extended_test_harness - INFO - ======================================================================
2025-10-13 06:02:43,888 - tests.integration.extended_test_harness - INFO - ITERATION 47/99
2025-10-13 06:02:43,889 - tests.integration.extended_test_harness - INFO - ======================================================================
2025-10-13 06:02:43,889 - tests.integration.extended_test_harness - INFO - Attempt 1/3
2025-10-13 06:03:06,012 - src.config.experiment_config_manager - INFO - Configuration snapshot saved for iteration 47
2025-10-13 06:03:10,096 - autonomous_loop - INFO - Preservation validated: ‚úÖ PRESERVED | 2/2 params | similarity 50.00%
2025-10-13 06:03:10,098 - scripts.validate_code - INFO - Code validation passed - no security violations detected
2025-10-13 06:03:20,718 - autonomous_loop - WARNING - Variance alert: High variance (œÉ=0.8479) for 7 consecutive iterations. Learning may be unstable.
2025-10-13 06:03:20,837 - tests.integration.extended_test_harness - INFO - ‚úÖ Iteration 47 SUCCESS (duration: 36.9s)
2025-10-13 06:03:20,838 - tests.integration.extended_test_harness - INFO -    Sharpe: 1.1950
2025-10-13 06:03:20,838 - tests.integration.extended_test_harness - INFO -    Total Return: 0.23477507916758483
2025-10-13 06:03:20,839 - tests.integration.extended_test_harness - INFO -    Current Champion: Iteration 6 (Sharpe 2.4751)
2025-10-13 06:03:20,839 - tests.integration.extended_test_harness - INFO - 
2025-10-13 06:03:20,839 - tests.integration.extended_test_harness - INFO - ======================================================================
2025-10-13 06:03:20,839 - tests.integration.extended_test_harness - INFO - ITERATION 48/99
2025-10-13 06:03:20,839 - tests.integration.extended_test_harness - INFO - ======================================================================
2025-10-13 06:03:20,840 - tests.integration.extended_test_harness - INFO - Attempt 1/3
2025-10-13 06:03:42,009 - src.config.experiment_config_manager - INFO - Configuration snapshot saved for iteration 48
2025-10-13 06:03:42,011 - autonomous_loop - WARNING - Configuration capture failed: No module named 'src.config.experiment_config'
2025-10-13 06:03:45,588 - autonomous_loop - INFO - Preservation validated: ‚úÖ PRESERVED | 2/2 params | similarity 50.00%
2025-10-13 06:03:45,590 - scripts.validate_code - INFO - Code validation passed - no security violations detected
2025-10-13 06:03:56,743 - autonomous_loop - WARNING - Variance alert: High variance (œÉ=0.8106) for 8 consecutive iterations. Learning may be unstable.
2025-10-13 06:03:56,856 - tests.integration.extended_test_harness - INFO - ‚úÖ Iteration 48 SUCCESS (duration: 36.0s)
2025-10-13 06:03:56,857 - tests.integration.extended_test_harness - INFO -    Sharpe: 1.4453
2025-10-13 06:03:56,857 - tests.integration.extended_test_harness - INFO -    Total Return: 0.11703237973787156
2025-10-13 06:03:56,858 - tests.integration.extended_test_harness - INFO -    Current Champion: Iteration 6 (Sharpe 2.4751)
2025-10-13 06:03:56,858 - tests.integration.extended_test_harness - INFO - 
2025-10-13 06:03:56,858 - tests.integration.extended_test_harness - INFO - ======================================================================
2025-10-13 06:03:56,859 - tests.integration.extended_test_harness - INFO - ITERATION 49/99
2025-10-13 06:03:56,859 - tests.integration.extended_test_harness - INFO - ======================================================================
2025-10-13 06:03:56,859 - tests.integration.extended_test_harness - INFO - Attempt 1/3
2025-10-13 06:04:17,730 - src.config.experiment_config_manager - INFO - Configuration snapshot saved for iteration 49
2025-10-13 06:04:22,424 - autonomous_loop - INFO - Preservation validated: ‚úÖ PRESERVED | 2/2 params | similarity 50.00%
2025-10-13 06:04:22,426 - scripts.validate_code - INFO - Code validation passed - no security violations detected
2025-10-13 06:04:32,232 - autonomous_loop - WARNING - Variance alert: High variance (œÉ=0.9599) for 9 consecutive iterations. Learning may be unstable.
2025-10-13 06:04:32,349 - tests.integration.extended_test_harness - INFO - ‚úÖ Iteration 49 SUCCESS (duration: 35.5s)
2025-10-13 06:04:32,350 - tests.integration.extended_test_harness - INFO -    Sharpe: -0.0925
2025-10-13 06:04:32,350 - tests.integration.extended_test_harness - INFO -    Total Return: 0.16331228272390708
2025-10-13 06:04:32,351 - tests.integration.extended_test_harness - INFO -    Current Champion: Iteration 6 (Sharpe 2.4751)
2025-10-13 06:04:32,351 - tests.integration.extended_test_harness - INFO - 
üìÅ Saving checkpoint at iteration 49...
2025-10-13 06:04:32,351 - tests.integration.extended_test_harness - ERROR - Failed to save checkpoint at iteration 49: 'ChampionStrategy' object has no attribute 'get'
2025-10-13 06:04:32,352 - tests.integration.extended_test_harness - INFO - 
2025-10-13 06:04:32,352 - tests.integration.extended_test_harness - INFO - ======================================================================
2025-10-13 06:04:32,353 - tests.integration.extended_test_harness - INFO - ITERATION 50/99
2025-10-13 06:04:32,353 - tests.integration.extended_test_harness - INFO - ======================================================================
2025-10-13 06:04:32,353 - tests.integration.extended_test_harness - INFO - Attempt 1/3
2025-10-13 06:04:54,692 - src.config.experiment_config_manager - INFO - Configuration snapshot saved for iteration 50
2025-10-13 06:04:54,694 - autonomous_loop - WARNING - Configuration capture failed: No module named 'src.config.experiment_config'
2025-10-13 06:04:54,694 - prompt_builder - INFO - Forcing exploration mode (iteration 50)
2025-10-13 06:05:00,433 - autonomous_loop - INFO - Preservation validated: ‚úÖ PRESERVED | 2/2 params | similarity 50.00%
2025-10-13 06:05:00,434 - scripts.validate_code - INFO - Code validation passed - no security violations detected
2025-10-13 06:05:11,202 - autonomous_loop - WARNING - Variance alert: High variance (œÉ=1.0419) for 10 consecutive iterations. Learning may be unstable.
2025-10-13 06:05:11,344 - tests.integration.extended_test_harness - INFO - ‚úÖ Iteration 50 SUCCESS (duration: 39.0s)
2025-10-13 06:05:11,344 - tests.integration.extended_test_harness - INFO -    Sharpe: 0.6109
2025-10-13 06:05:11,344 - tests.integration.extended_test_harness - INFO -    Total Return: 0.056926140019467
2025-10-13 06:05:11,345 - tests.integration.extended_test_harness - INFO -    Current Champion: Iteration 6 (Sharpe 2.4751)
2025-10-13 06:05:11,345 - tests.integration.extended_test_harness - INFO - 
2025-10-13 06:05:11,345 - tests.integration.extended_test_harness - INFO - ======================================================================
2025-10-13 06:05:11,346 - tests.integration.extended_test_harness - INFO - ITERATION 51/99
2025-10-13 06:05:11,346 - tests.integration.extended_test_harness - INFO - ======================================================================
2025-10-13 06:05:11,346 - tests.integration.extended_test_harness - INFO - Attempt 1/3
2025-10-13 06:05:34,046 - src.config.experiment_config_manager - INFO - Configuration snapshot saved for iteration 51
2025-10-13 06:05:38,361 - autonomous_loop - INFO - Preservation validated: ‚úÖ PRESERVED | 2/2 params | similarity 50.00%
2025-10-13 06:05:38,363 - scripts.validate_code - INFO - Code validation passed - no security violations detected
2025-10-13 06:05:48,771 - autonomous_loop - WARNING - Variance alert: High variance (œÉ=0.9623) for 11 consecutive iterations. Learning may be unstable.
2025-10-13 06:05:48,890 - tests.integration.extended_test_harness - INFO - ‚úÖ Iteration 51 SUCCESS (duration: 37.5s)
2025-10-13 06:05:48,890 - tests.integration.extended_test_harness - INFO -    Sharpe: 2.1066
2025-10-13 06:05:48,891 - tests.integration.extended_test_harness - INFO -    Total Return: 0.4861739241292326
2025-10-13 06:05:48,891 - tests.integration.extended_test_harness - INFO -    Current Champion: Iteration 6 (Sharpe 2.4751)
2025-10-13 06:05:48,892 - tests.integration.extended_test_harness - INFO - 
2025-10-13 06:05:48,892 - tests.integration.extended_test_harness - INFO - ======================================================================
2025-10-13 06:05:48,893 - tests.integration.extended_test_harness - INFO - ITERATION 52/99
2025-10-13 06:05:48,893 - tests.integration.extended_test_harness - INFO - ======================================================================
2025-10-13 06:05:48,893 - tests.integration.extended_test_harness - INFO - Attempt 1/3
2025-10-13 06:06:11,014 - src.config.experiment_config_manager - INFO - Configuration snapshot saved for iteration 52
2025-10-13 06:06:11,016 - autonomous_loop - WARNING - Configuration capture failed: No module named 'src.config.experiment_config'
2025-10-13 06:06:15,283 - autonomous_loop - INFO - Preservation validated: ‚úÖ PRESERVED | 2/2 params | similarity 50.00%
2025-10-13 06:06:15,285 - scripts.validate_code - INFO - Code validation passed - no security violations detected
2025-10-13 06:06:25,747 - autonomous_loop - WARNING - Variance alert: High variance (œÉ=0.9772) for 12 consecutive iterations. Learning may be unstable.
2025-10-13 06:06:25,898 - tests.integration.extended_test_harness - INFO - ‚úÖ Iteration 52 SUCCESS (duration: 37.0s)
2025-10-13 06:06:25,898 - tests.integration.extended_test_harness - INFO -    Sharpe: 0.2900
2025-10-13 06:06:25,899 - tests.integration.extended_test_harness - INFO -    Total Return: -0.039121640251366385
2025-10-13 06:06:25,899 - tests.integration.extended_test_harness - INFO -    Current Champion: Iteration 6 (Sharpe 2.4751)
2025-10-13 06:06:25,899 - tests.integration.extended_test_harness - INFO - 
2025-10-13 06:06:25,899 - tests.integration.extended_test_harness - INFO - ======================================================================
2025-10-13 06:06:25,900 - tests.integration.extended_test_harness - INFO - ITERATION 53/99
2025-10-13 06:06:25,900 - tests.integration.extended_test_harness - INFO - ======================================================================
2025-10-13 06:06:25,900 - tests.integration.extended_test_harness - INFO - Attempt 1/3
2025-10-13 06:06:46,870 - src.config.experiment_config_manager - INFO - Configuration snapshot saved for iteration 53
2025-10-13 06:06:50,190 - autonomous_loop - INFO - Preservation validated: ‚úÖ PRESERVED | 2/2 params | similarity 50.00%
2025-10-13 06:06:50,192 - scripts.validate_code - INFO - Code validation passed - no security violations detected
2025-10-13 06:07:00,188 - autonomous_loop - WARNING - Variance alert: High variance (œÉ=0.9434) for 13 consecutive iterations. Learning may be unstable.
2025-10-13 06:07:00,328 - tests.integration.extended_test_harness - INFO - ‚úÖ Iteration 53 SUCCESS (duration: 34.4s)
2025-10-13 06:07:00,329 - tests.integration.extended_test_harness - INFO -    Sharpe: 1.1748
2025-10-13 06:07:00,329 - tests.integration.extended_test_harness - INFO -    Total Return: 0.7004966578316325
2025-10-13 06:07:00,329 - tests.integration.extended_test_harness - INFO -    Current Champion: Iteration 6 (Sharpe 2.4751)
2025-10-13 06:07:00,329 - tests.integration.extended_test_harness - INFO - 
2025-10-13 06:07:00,330 - tests.integration.extended_test_harness - INFO - ======================================================================
2025-10-13 06:07:00,330 - tests.integration.extended_test_harness - INFO - ITERATION 54/99
2025-10-13 06:07:00,330 - tests.integration.extended_test_harness - INFO - ======================================================================
2025-10-13 06:07:00,331 - tests.integration.extended_test_harness - INFO - Attempt 1/3
2025-10-13 06:07:21,002 - src.config.experiment_config_manager - INFO - Configuration snapshot saved for iteration 54
2025-10-13 06:07:21,005 - autonomous_loop - WARNING - Configuration capture failed: No module named 'src.config.experiment_config'
2025-10-13 06:07:24,782 - autonomous_loop - INFO - Preservation validated: ‚úÖ PRESERVED | 2/2 params | similarity 50.00%
2025-10-13 06:07:24,783 - scripts.validate_code - INFO - Code validation passed - no security violations detected
2025-10-13 06:07:35,862 - autonomous_loop - WARNING - Variance alert: High variance (œÉ=0.9503) for 14 consecutive iterations. Learning may be unstable.
2025-10-13 06:07:36,005 - tests.integration.extended_test_harness - INFO - ‚úÖ Iteration 54 SUCCESS (duration: 35.7s)
2025-10-13 06:07:36,006 - tests.integration.extended_test_harness - INFO -    Sharpe: 0.3168
2025-10-13 06:07:36,006 - tests.integration.extended_test_harness - INFO -    Total Return: 0.6296221324471598
2025-10-13 06:07:36,006 - tests.integration.extended_test_harness - INFO -    Current Champion: Iteration 6 (Sharpe 2.4751)
2025-10-13 06:07:36,006 - tests.integration.extended_test_harness - INFO - 
2025-10-13 06:07:36,007 - tests.integration.extended_test_harness - INFO - ======================================================================
2025-10-13 06:07:36,007 - tests.integration.extended_test_harness - INFO - ITERATION 55/99
2025-10-13 06:07:36,007 - tests.integration.extended_test_harness - INFO - ======================================================================
2025-10-13 06:07:36,008 - tests.integration.extended_test_harness - INFO - Attempt 1/3
2025-10-13 06:07:57,089 - src.config.experiment_config_manager - INFO - Configuration snapshot saved for iteration 55
2025-10-13 06:07:57,090 - prompt_builder - INFO - Forcing exploration mode (iteration 55)
2025-10-13 06:08:02,355 - autonomous_loop - INFO - Preservation validated: ‚úÖ PRESERVED | 2/2 params | similarity 50.00%
2025-10-13 06:08:02,357 - scripts.validate_code - INFO - Code validation passed - no security violations detected
2025-10-13 06:08:13,203 - autonomous_loop - WARNING - Variance alert: High variance (œÉ=1.0263) for 15 consecutive iterations. Learning may be unstable.
2025-10-13 06:08:13,346 - tests.integration.extended_test_harness - INFO - ‚úÖ Iteration 55 SUCCESS (duration: 37.3s)
2025-10-13 06:08:13,347 - tests.integration.extended_test_harness - INFO -    Sharpe: 0.7191
2025-10-13 06:08:13,347 - tests.integration.extended_test_harness - INFO -    Total Return: 0.6771777195044864
2025-10-13 06:08:13,347 - tests.integration.extended_test_harness - INFO -    Current Champion: Iteration 6 (Sharpe 2.4751)
2025-10-13 06:08:13,348 - tests.integration.extended_test_harness - INFO - 
2025-10-13 06:08:13,348 - tests.integration.extended_test_harness - INFO - ======================================================================
2025-10-13 06:08:13,348 - tests.integration.extended_test_harness - INFO - ITERATION 56/99
2025-10-13 06:08:13,348 - tests.integration.extended_test_harness - INFO - ======================================================================
2025-10-13 06:08:13,348 - tests.integration.extended_test_harness - INFO - Attempt 1/3
2025-10-13 06:08:35,255 - src.config.experiment_config_manager - INFO - Configuration snapshot saved for iteration 56
2025-10-13 06:08:35,257 - autonomous_loop - WARNING - Configuration capture failed: No module named 'src.config.experiment_config'
2025-10-13 06:08:39,912 - autonomous_loop - INFO - Preservation validated: ‚úÖ PRESERVED | 2/2 params | similarity 50.00%
2025-10-13 06:08:39,913 - scripts.validate_code - INFO - Code validation passed - no security violations detected
2025-10-13 06:08:43,440 - tests.integration.extended_test_harness - ERROR - ‚ùå Iteration 56 EXECUTION FAILURE
2025-10-13 06:08:43,440 - tests.integration.extended_test_harness - ERROR -    Unknown error
2025-10-13 06:08:43,441 - tests.integration.extended_test_harness - WARNING - ‚ö†Ô∏è  Retrying iteration 56 (attempt 2/3)
2025-10-13 06:08:45,443 - tests.integration.extended_test_harness - INFO - Attempt 2/3
2025-10-13 06:09:07,587 - src.config.experiment_config_manager - INFO - Configuration snapshot saved for iteration 56
2025-10-13 06:09:07,589 - autonomous_loop - WARNING - Configuration capture failed: No module named 'src.config.experiment_config'
2025-10-13 06:09:11,161 - autonomous_loop - INFO - Preservation validated: ‚úÖ PRESERVED | 2/2 params | similarity 50.00%
2025-10-13 06:09:11,164 - scripts.validate_code - INFO - Code validation passed - no security violations detected
2025-10-13 06:09:22,125 - autonomous_loop - WARNING - Variance alert: High variance (œÉ=0.9902) for 16 consecutive iterations. Learning may be unstable.
2025-10-13 06:09:22,271 - tests.integration.extended_test_harness - INFO - ‚úÖ Iteration 56 SUCCESS (duration: 68.9s)
2025-10-13 06:09:22,271 - tests.integration.extended_test_harness - INFO -    Sharpe: 1.9704
2025-10-13 06:09:22,272 - tests.integration.extended_test_harness - INFO -    Total Return: -0.14120503414718472
2025-10-13 06:09:22,272 - tests.integration.extended_test_harness - INFO -    Current Champion: Iteration 6 (Sharpe 2.4751)
2025-10-13 06:09:22,272 - tests.integration.extended_test_harness - INFO - 
2025-10-13 06:09:22,272 - tests.integration.extended_test_harness - INFO - ======================================================================
2025-10-13 06:09:22,272 - tests.integration.extended_test_harness - INFO - ITERATION 57/99
2025-10-13 06:09:22,273 - tests.integration.extended_test_harness - INFO - ======================================================================
2025-10-13 06:09:22,273 - tests.integration.extended_test_harness - INFO - Attempt 1/3
2025-10-13 06:09:44,675 - src.config.experiment_config_manager - INFO - Configuration snapshot saved for iteration 57
2025-10-13 06:09:47,783 - autonomous_loop - INFO - Preservation validated: ‚úÖ PRESERVED | 2/2 params | similarity 50.00%
2025-10-13 06:09:47,785 - scripts.validate_code - INFO - Code validation passed - no security violations detected
2025-10-13 06:09:58,761 - autonomous_loop - WARNING - Variance alert: High variance (œÉ=1.0550) for 17 consecutive iterations. Learning may be unstable.
2025-10-13 06:09:58,907 - tests.integration.extended_test_harness - INFO - ‚úÖ Iteration 57 SUCCESS (duration: 36.6s)
2025-10-13 06:09:58,908 - tests.integration.extended_test_harness - INFO -    Sharpe: 0.8934
2025-10-13 06:09:58,908 - tests.integration.extended_test_harness - INFO -    Total Return: 0.26536951967860317
2025-10-13 06:09:58,909 - tests.integration.extended_test_harness - INFO -    Current Champion: Iteration 6 (Sharpe 2.4751)
2025-10-13 06:09:58,909 - tests.integration.extended_test_harness - INFO - 
2025-10-13 06:09:58,909 - tests.integration.extended_test_harness - INFO - ======================================================================
2025-10-13 06:09:58,910 - tests.integration.extended_test_harness - INFO - ITERATION 58/99
2025-10-13 06:09:58,910 - tests.integration.extended_test_harness - INFO - ======================================================================
2025-10-13 06:09:58,910 - tests.integration.extended_test_harness - INFO - Attempt 1/3
2025-10-13 06:10:20,161 - src.config.experiment_config_manager - INFO - Configuration snapshot saved for iteration 58
2025-10-13 06:10:20,162 - autonomous_loop - WARNING - Configuration capture failed: No module named 'src.config.experiment_config'
2025-10-13 06:10:24,540 - autonomous_loop - INFO - Preservation validated: ‚úÖ PRESERVED | 2/2 params | similarity 50.00%
2025-10-13 06:10:24,543 - scripts.validate_code - INFO - Code validation passed - no security violations detected
2025-10-13 06:10:35,307 - autonomous_loop - WARNING - Variance alert: High variance (œÉ=1.0916) for 18 consecutive iterations. Learning may be unstable.
2025-10-13 06:10:35,478 - tests.integration.extended_test_harness - INFO - ‚úÖ Iteration 58 SUCCESS (duration: 36.6s)
2025-10-13 06:10:35,479 - tests.integration.extended_test_harness - INFO -    Sharpe: 2.3655
2025-10-13 06:10:35,479 - tests.integration.extended_test_harness - INFO -    Total Return: 0.14058704196472604
2025-10-13 06:10:35,480 - tests.integration.extended_test_harness - INFO -    Current Champion: Iteration 6 (Sharpe 2.4751)
2025-10-13 06:10:35,480 - tests.integration.extended_test_harness - INFO - 
2025-10-13 06:10:35,480 - tests.integration.extended_test_harness - INFO - ======================================================================
2025-10-13 06:10:35,481 - tests.integration.extended_test_harness - INFO - ITERATION 59/99
2025-10-13 06:10:35,481 - tests.integration.extended_test_harness - INFO - ======================================================================
2025-10-13 06:10:35,481 - tests.integration.extended_test_harness - INFO - Attempt 1/3
2025-10-13 06:10:56,595 - src.config.experiment_config_manager - INFO - Configuration snapshot saved for iteration 59
2025-10-13 06:11:01,187 - autonomous_loop - INFO - Preservation validated: ‚úÖ PRESERVED | 2/2 params | similarity 50.00%
2025-10-13 06:11:01,190 - scripts.validate_code - INFO - Code validation passed - no security violations detected
2025-10-13 06:11:12,066 - autonomous_loop - WARNING - Variance alert: High variance (œÉ=1.1009) for 19 consecutive iterations. Learning may be unstable.
2025-10-13 06:11:12,252 - tests.integration.extended_test_harness - INFO - ‚úÖ Iteration 59 SUCCESS (duration: 36.8s)
2025-10-13 06:11:12,253 - tests.integration.extended_test_harness - INFO -    Sharpe: 2.4560
2025-10-13 06:11:12,253 - tests.integration.extended_test_harness - INFO -    Total Return: 0.020915262489887954
2025-10-13 06:11:12,253 - tests.integration.extended_test_harness - INFO -    Current Champion: Iteration 6 (Sharpe 2.4751)
2025-10-13 06:11:12,253 - tests.integration.extended_test_harness - INFO - 
üìÅ Saving checkpoint at iteration 59...
2025-10-13 06:11:12,254 - tests.integration.extended_test_harness - ERROR - Failed to save checkpoint at iteration 59: 'ChampionStrategy' object has no attribute 'get'
2025-10-13 06:11:12,254 - tests.integration.extended_test_harness - INFO - 
2025-10-13 06:11:12,254 - tests.integration.extended_test_harness - INFO - ======================================================================
2025-10-13 06:11:12,254 - tests.integration.extended_test_harness - INFO - ITERATION 60/99
2025-10-13 06:11:12,254 - tests.integration.extended_test_harness - INFO - ======================================================================
2025-10-13 06:11:12,255 - tests.integration.extended_test_harness - INFO - Attempt 1/3
2025-10-13 06:11:33,822 - src.config.experiment_config_manager - INFO - Configuration snapshot saved for iteration 60
2025-10-13 06:11:33,823 - autonomous_loop - WARNING - Configuration capture failed: No module named 'src.config.experiment_config'
2025-10-13 06:11:33,824 - prompt_builder - INFO - Forcing exploration mode (iteration 60)
2025-10-13 06:11:38,429 - autonomous_loop - INFO - Preservation validated: ‚úÖ PRESERVED | 2/2 params | similarity 50.00%
2025-10-13 06:11:38,431 - scripts.validate_code - INFO - Code validation passed - no security violations detected
2025-10-13 06:11:49,255 - autonomous_loop - WARNING - Variance alert: High variance (œÉ=1.0317) for 20 consecutive iterations. Learning may be unstable.
2025-10-13 06:11:49,394 - tests.integration.extended_test_harness - INFO - ‚úÖ Iteration 60 SUCCESS (duration: 37.1s)
2025-10-13 06:11:49,395 - tests.integration.extended_test_harness - INFO -    Sharpe: 0.5774
2025-10-13 06:11:49,395 - tests.integration.extended_test_harness - INFO -    Total Return: -0.2598858223951224
2025-10-13 06:11:49,395 - tests.integration.extended_test_harness - INFO -    Current Champion: Iteration 6 (Sharpe 2.4751)
2025-10-13 06:11:49,396 - tests.integration.extended_test_harness - INFO - 
2025-10-13 06:11:49,396 - tests.integration.extended_test_harness - INFO - ======================================================================
2025-10-13 06:11:49,396 - tests.integration.extended_test_harness - INFO - ITERATION 61/99
2025-10-13 06:11:49,396 - tests.integration.extended_test_harness - INFO - ======================================================================
2025-10-13 06:11:49,396 - tests.integration.extended_test_harness - INFO - Attempt 1/3
2025-10-13 06:12:11,887 - src.config.experiment_config_manager - INFO - Configuration snapshot saved for iteration 61
2025-10-13 06:12:15,673 - autonomous_loop - INFO - Preservation validated: ‚úÖ PRESERVED | 2/2 params | similarity 50.00%
2025-10-13 06:12:15,675 - scripts.validate_code - INFO - Code validation passed - no security violations detected
2025-10-13 06:12:26,925 - autonomous_loop - WARNING - Variance alert: High variance (œÉ=1.0599) for 21 consecutive iterations. Learning may be unstable.
2025-10-13 06:12:27,085 - tests.integration.extended_test_harness - INFO - ‚úÖ Iteration 61 SUCCESS (duration: 37.7s)
2025-10-13 06:12:27,086 - tests.integration.extended_test_harness - INFO -    Sharpe: -0.2000
2025-10-13 06:12:27,086 - tests.integration.extended_test_harness - INFO -    Total Return: 0.2791999115814416
2025-10-13 06:12:27,086 - tests.integration.extended_test_harness - INFO -    Current Champion: Iteration 6 (Sharpe 2.4751)
2025-10-13 06:12:27,087 - tests.integration.extended_test_harness - INFO - 
2025-10-13 06:12:27,087 - tests.integration.extended_test_harness - INFO - ======================================================================
2025-10-13 06:12:27,087 - tests.integration.extended_test_harness - INFO - ITERATION 62/99
2025-10-13 06:12:27,088 - tests.integration.extended_test_harness - INFO - ======================================================================
2025-10-13 06:12:27,088 - tests.integration.extended_test_harness - INFO - Attempt 1/3
2025-10-13 06:12:49,134 - src.config.experiment_config_manager - INFO - Configuration snapshot saved for iteration 62
2025-10-13 06:12:49,136 - autonomous_loop - WARNING - Configuration capture failed: No module named 'src.config.experiment_config'
2025-10-13 06:12:55,121 - autonomous_loop - INFO - Preservation validated: ‚úÖ PRESERVED | 2/2 params | similarity 50.00%
2025-10-13 06:12:55,125 - scripts.validate_code - INFO - Code validation passed - no security violations detected
2025-10-13 06:12:59,144 - tests.integration.extended_test_harness - ERROR - ‚ùå Iteration 62 EXECUTION FAILURE
2025-10-13 06:12:59,145 - tests.integration.extended_test_harness - ERROR -    Unknown error
2025-10-13 06:12:59,145 - tests.integration.extended_test_harness - WARNING - ‚ö†Ô∏è  Retrying iteration 62 (attempt 2/3)
2025-10-13 06:13:01,147 - tests.integration.extended_test_harness - INFO - Attempt 2/3
2025-10-13 06:13:23,261 - src.config.experiment_config_manager - INFO - Configuration snapshot saved for iteration 62
2025-10-13 06:13:23,262 - autonomous_loop - WARNING - Configuration capture failed: No module named 'src.config.experiment_config'
2025-10-13 06:13:28,395 - autonomous_loop - INFO - Preservation validated: ‚úÖ PRESERVED | 2/2 params | similarity 50.00%
2025-10-13 06:13:28,397 - scripts.validate_code - INFO - Code validation passed - no security violations detected
2025-10-13 06:13:41,277 - autonomous_loop - WARNING - Variance alert: High variance (œÉ=1.0771) for 22 consecutive iterations. Learning may be unstable.
2025-10-13 06:13:41,401 - tests.integration.extended_test_harness - INFO - ‚úÖ Iteration 62 SUCCESS (duration: 74.3s)
2025-10-13 06:13:41,402 - tests.integration.extended_test_harness - INFO -    Sharpe: 0.5864
2025-10-13 06:13:41,402 - tests.integration.extended_test_harness - INFO -    Total Return: 0.07965380857553889
2025-10-13 06:13:41,403 - tests.integration.extended_test_harness - INFO -    Current Champion: Iteration 6 (Sharpe 2.4751)
2025-10-13 06:13:41,403 - tests.integration.extended_test_harness - INFO - 
2025-10-13 06:13:41,403 - tests.integration.extended_test_harness - INFO - ======================================================================
2025-10-13 06:13:41,404 - tests.integration.extended_test_harness - INFO - ITERATION 63/99
2025-10-13 06:13:41,404 - tests.integration.extended_test_harness - INFO - ======================================================================
2025-10-13 06:13:41,405 - tests.integration.extended_test_harness - INFO - Attempt 1/3
2025-10-13 06:14:02,739 - src.config.experiment_config_manager - INFO - Configuration snapshot saved for iteration 63
2025-10-13 06:14:07,058 - autonomous_loop - INFO - Preservation validated: ‚úÖ PRESERVED | 2/2 params | similarity 50.00%
2025-10-13 06:14:07,061 - scripts.validate_code - INFO - Code validation passed - no security violations detected
2025-10-13 06:14:19,226 - autonomous_loop - WARNING - Variance alert: High variance (œÉ=1.0791) for 23 consecutive iterations. Learning may be unstable.
2025-10-13 06:14:19,353 - tests.integration.extended_test_harness - INFO - ‚úÖ Iteration 63 SUCCESS (duration: 37.9s)
2025-10-13 06:14:19,353 - tests.integration.extended_test_harness - INFO -    Sharpe: -0.4970
2025-10-13 06:14:19,354 - tests.integration.extended_test_harness - INFO -    Total Return: 0.7284407943774971
2025-10-13 06:14:19,354 - tests.integration.extended_test_harness - INFO -    Current Champion: Iteration 6 (Sharpe 2.4751)
2025-10-13 06:14:19,354 - tests.integration.extended_test_harness - INFO - 
2025-10-13 06:14:19,355 - tests.integration.extended_test_harness - INFO - ======================================================================
2025-10-13 06:14:19,355 - tests.integration.extended_test_harness - INFO - ITERATION 64/99
2025-10-13 06:14:19,356 - tests.integration.extended_test_harness - INFO - ======================================================================
2025-10-13 06:14:19,356 - tests.integration.extended_test_harness - INFO - Attempt 1/3
2025-10-13 06:14:41,178 - src.config.experiment_config_manager - INFO - Configuration snapshot saved for iteration 64
2025-10-13 06:14:41,180 - autonomous_loop - WARNING - Configuration capture failed: No module named 'src.config.experiment_config'
2025-10-13 06:14:45,772 - autonomous_loop - INFO - Preservation validated: ‚úÖ PRESERVED | 2/2 params | similarity 50.00%
2025-10-13 06:14:45,775 - scripts.validate_code - INFO - Code validation passed - no security violations detected
2025-10-13 06:14:55,700 - autonomous_loop - WARNING - Variance alert: High variance (œÉ=1.0533) for 24 consecutive iterations. Learning may be unstable.
2025-10-13 06:14:55,864 - tests.integration.extended_test_harness - INFO - ‚úÖ Iteration 64 SUCCESS (duration: 36.5s)
2025-10-13 06:14:55,864 - tests.integration.extended_test_harness - INFO -    Sharpe: 1.0473
2025-10-13 06:14:55,865 - tests.integration.extended_test_harness - INFO -    Total Return: 0.037825953701293435
2025-10-13 06:14:55,865 - tests.integration.extended_test_harness - INFO -    Current Champion: Iteration 6 (Sharpe 2.4751)
2025-10-13 06:14:55,865 - tests.integration.extended_test_harness - INFO - 
2025-10-13 06:14:55,865 - tests.integration.extended_test_harness - INFO - ======================================================================
2025-10-13 06:14:55,865 - tests.integration.extended_test_harness - INFO - ITERATION 65/99
2025-10-13 06:14:55,865 - tests.integration.extended_test_harness - INFO - ======================================================================
2025-10-13 06:14:55,865 - tests.integration.extended_test_harness - INFO - Attempt 1/3
2025-10-13 06:15:20,358 - src.config.experiment_config_manager - INFO - Configuration snapshot saved for iteration 65
2025-10-13 06:15:20,359 - prompt_builder - INFO - Forcing exploration mode (iteration 65)
2025-10-13 06:15:24,868 - autonomous_loop - INFO - Preservation validated: ‚úÖ PRESERVED | 2/2 params | similarity 50.00%
2025-10-13 06:15:24,870 - scripts.validate_code - INFO - Code validation passed - no security violations detected
2025-10-13 06:15:36,683 - autonomous_loop - WARNING - Variance alert: High variance (œÉ=0.9373) for 25 consecutive iterations. Learning may be unstable.
2025-10-13 06:15:36,839 - tests.integration.extended_test_harness - INFO - ‚úÖ Iteration 65 SUCCESS (duration: 41.0s)
2025-10-13 06:15:36,840 - tests.integration.extended_test_harness - INFO -    Sharpe: 2.0321
2025-10-13 06:15:36,840 - tests.integration.extended_test_harness - INFO -    Total Return: 0.3319380328442016
2025-10-13 06:15:36,840 - tests.integration.extended_test_harness - INFO -    Current Champion: Iteration 6 (Sharpe 2.4751)
2025-10-13 06:15:36,841 - tests.integration.extended_test_harness - INFO - 
2025-10-13 06:15:36,841 - tests.integration.extended_test_harness - INFO - ======================================================================
2025-10-13 06:15:36,841 - tests.integration.extended_test_harness - INFO - ITERATION 66/99
2025-10-13 06:15:36,841 - tests.integration.extended_test_harness - INFO - ======================================================================
2025-10-13 06:15:36,842 - tests.integration.extended_test_harness - INFO - Attempt 1/3
2025-10-13 06:15:57,793 - src.config.experiment_config_manager - INFO - Configuration snapshot saved for iteration 66
2025-10-13 06:15:57,794 - autonomous_loop - WARNING - Configuration capture failed: No module named 'src.config.experiment_config'
2025-10-13 06:16:02,812 - autonomous_loop - INFO - Preservation validated: ‚úÖ PRESERVED | 2/2 params | similarity 50.00%
2025-10-13 06:16:02,813 - scripts.validate_code - INFO - Code validation passed - no security violations detected
2025-10-13 06:16:14,680 - autonomous_loop - WARNING - Variance alert: High variance (œÉ=0.9371) for 26 consecutive iterations. Learning may be unstable.
2025-10-13 06:16:14,800 - tests.integration.extended_test_harness - INFO - ‚úÖ Iteration 66 SUCCESS (duration: 38.0s)
2025-10-13 06:16:14,801 - tests.integration.extended_test_harness - INFO -    Sharpe: 1.4404
2025-10-13 06:16:14,801 - tests.integration.extended_test_harness - INFO -    Total Return: 0.5006072942164865
2025-10-13 06:16:14,802 - tests.integration.extended_test_harness - INFO -    Current Champion: Iteration 6 (Sharpe 2.4751)
2025-10-13 06:16:14,802 - tests.integration.extended_test_harness - INFO - 
2025-10-13 06:16:14,802 - tests.integration.extended_test_harness - INFO - ======================================================================
2025-10-13 06:16:14,802 - tests.integration.extended_test_harness - INFO - ITERATION 67/99
2025-10-13 06:16:14,803 - tests.integration.extended_test_harness - INFO - ======================================================================
2025-10-13 06:16:14,803 - tests.integration.extended_test_harness - INFO - Attempt 1/3
2025-10-13 06:16:36,448 - src.config.experiment_config_manager - INFO - Configuration snapshot saved for iteration 67
2025-10-13 06:16:41,211 - autonomous_loop - INFO - Preservation validated: ‚úÖ PRESERVED | 2/2 params | similarity 50.00%
2025-10-13 06:16:41,213 - scripts.validate_code - INFO - Code validation passed - no security violations detected
2025-10-13 06:16:52,484 - autonomous_loop - WARNING - Variance alert: High variance (œÉ=0.8720) for 27 consecutive iterations. Learning may be unstable.
2025-10-13 06:16:52,609 - tests.integration.extended_test_harness - INFO - ‚úÖ Iteration 67 SUCCESS (duration: 37.8s)
2025-10-13 06:16:52,609 - tests.integration.extended_test_harness - INFO -    Sharpe: 1.8221
2025-10-13 06:16:52,610 - tests.integration.extended_test_harness - INFO -    Total Return: 0.09060425158981467
2025-10-13 06:16:52,610 - tests.integration.extended_test_harness - INFO -    Current Champion: Iteration 6 (Sharpe 2.4751)
2025-10-13 06:16:52,611 - tests.integration.extended_test_harness - INFO - 
2025-10-13 06:16:52,611 - tests.integration.extended_test_harness - INFO - ======================================================================
2025-10-13 06:16:52,611 - tests.integration.extended_test_harness - INFO - ITERATION 68/99
2025-10-13 06:16:52,611 - tests.integration.extended_test_harness - INFO - ======================================================================
2025-10-13 06:16:52,611 - tests.integration.extended_test_harness - INFO - Attempt 1/3
2025-10-13 06:17:14,706 - src.config.experiment_config_manager - INFO - Configuration snapshot saved for iteration 68
2025-10-13 06:17:14,708 - autonomous_loop - WARNING - Configuration capture failed: No module named 'src.config.experiment_config'
2025-10-13 06:17:18,433 - autonomous_loop - INFO - Preservation validated: ‚úÖ PRESERVED | 2/2 params | similarity 50.00%
2025-10-13 06:17:18,435 - scripts.validate_code - INFO - Code validation passed - no security violations detected
2025-10-13 06:17:29,137 - autonomous_loop - WARNING - Variance alert: High variance (œÉ=0.9205) for 28 consecutive iterations. Learning may be unstable.
2025-10-13 06:17:29,278 - tests.integration.extended_test_harness - INFO - ‚úÖ Iteration 68 SUCCESS (duration: 36.7s)
2025-10-13 06:17:29,278 - tests.integration.extended_test_harness - INFO -    Sharpe: 0.7392
2025-10-13 06:17:29,279 - tests.integration.extended_test_harness - INFO -    Total Return: -0.27677285073242003
2025-10-13 06:17:29,279 - tests.integration.extended_test_harness - INFO -    Current Champion: Iteration 6 (Sharpe 2.4751)
2025-10-13 06:17:29,279 - tests.integration.extended_test_harness - INFO - 
2025-10-13 06:17:29,280 - tests.integration.extended_test_harness - INFO - ======================================================================
2025-10-13 06:17:29,280 - tests.integration.extended_test_harness - INFO - ITERATION 69/99
2025-10-13 06:17:29,280 - tests.integration.extended_test_harness - INFO - ======================================================================
2025-10-13 06:17:29,280 - tests.integration.extended_test_harness - INFO - Attempt 1/3
2025-10-13 06:17:51,180 - src.config.experiment_config_manager - INFO - Configuration snapshot saved for iteration 69
2025-10-13 06:17:55,267 - autonomous_loop - INFO - Preservation validated: ‚úÖ PRESERVED | 2/2 params | similarity 50.00%
2025-10-13 06:17:55,269 - scripts.validate_code - INFO - Code validation passed - no security violations detected
2025-10-13 06:18:05,975 - autonomous_loop - WARNING - Variance alert: High variance (œÉ=0.8112) for 29 consecutive iterations. Learning may be unstable.
2025-10-13 06:18:06,132 - tests.integration.extended_test_harness - INFO - ‚úÖ Iteration 69 SUCCESS (duration: 36.9s)
2025-10-13 06:18:06,133 - tests.integration.extended_test_harness - INFO -    Sharpe: 0.3295
2025-10-13 06:18:06,133 - tests.integration.extended_test_harness - INFO -    Total Return: 0.7040590397435049
2025-10-13 06:18:06,133 - tests.integration.extended_test_harness - INFO -    Current Champion: Iteration 6 (Sharpe 2.4751)
2025-10-13 06:18:06,133 - tests.integration.extended_test_harness - INFO - 
üìÅ Saving checkpoint at iteration 69...
2025-10-13 06:18:06,134 - tests.integration.extended_test_harness - ERROR - Failed to save checkpoint at iteration 69: 'ChampionStrategy' object has no attribute 'get'
2025-10-13 06:18:06,134 - tests.integration.extended_test_harness - INFO - 
2025-10-13 06:18:06,134 - tests.integration.extended_test_harness - INFO - ======================================================================
2025-10-13 06:18:06,134 - tests.integration.extended_test_harness - INFO - ITERATION 70/99
2025-10-13 06:18:06,134 - tests.integration.extended_test_harness - INFO - ======================================================================
2025-10-13 06:18:06,134 - tests.integration.extended_test_harness - INFO - Attempt 1/3
2025-10-13 06:18:34,627 - src.config.experiment_config_manager - INFO - Configuration snapshot saved for iteration 70
2025-10-13 06:18:34,629 - autonomous_loop - WARNING - Configuration capture failed: No module named 'src.config.experiment_config'
2025-10-13 06:18:34,630 - prompt_builder - INFO - Forcing exploration mode (iteration 70)
2025-10-13 06:18:39,128 - autonomous_loop - INFO - Preservation validated: ‚úÖ PRESERVED | 2/2 params | similarity 50.00%
2025-10-13 06:18:39,131 - scripts.validate_code - INFO - Code validation passed - no security violations detected
2025-10-13 06:18:54,052 - autonomous_loop - WARNING - Variance alert: High variance (œÉ=0.9424) for 30 consecutive iterations. Learning may be unstable.
2025-10-13 06:18:54,192 - tests.integration.extended_test_harness - INFO - ‚úÖ Iteration 70 SUCCESS (duration: 48.1s)
2025-10-13 06:18:54,192 - tests.integration.extended_test_harness - INFO -    Sharpe: -0.1136
2025-10-13 06:18:54,193 - tests.integration.extended_test_harness - INFO -    Total Return: 0.21384069861913418
2025-10-13 06:18:54,193 - tests.integration.extended_test_harness - INFO -    Current Champion: Iteration 6 (Sharpe 2.4751)
2025-10-13 06:18:54,193 - tests.integration.extended_test_harness - INFO - 
2025-10-13 06:18:54,194 - tests.integration.extended_test_harness - INFO - ======================================================================
2025-10-13 06:18:54,194 - tests.integration.extended_test_harness - INFO - ITERATION 71/99
2025-10-13 06:18:54,194 - tests.integration.extended_test_harness - INFO - ======================================================================
2025-10-13 06:18:54,194 - tests.integration.extended_test_harness - INFO - Attempt 1/3
2025-10-13 06:19:16,010 - src.config.experiment_config_manager - INFO - Configuration snapshot saved for iteration 71
2025-10-13 06:19:20,317 - autonomous_loop - INFO - Preservation validated: ‚úÖ PRESERVED | 2/2 params | similarity 50.00%
2025-10-13 06:19:20,319 - scripts.validate_code - INFO - Code validation passed - no security violations detected
2025-10-13 06:19:31,512 - autonomous_loop - WARNING - Variance alert: High variance (œÉ=0.9411) for 31 consecutive iterations. Learning may be unstable.
2025-10-13 06:19:31,679 - tests.integration.extended_test_harness - INFO - ‚úÖ Iteration 71 SUCCESS (duration: 37.5s)
2025-10-13 06:19:31,680 - tests.integration.extended_test_harness - INFO -    Sharpe: 0.1596
2025-10-13 06:19:31,680 - tests.integration.extended_test_harness - INFO -    Total Return: 0.4599926449321288
2025-10-13 06:19:31,680 - tests.integration.extended_test_harness - INFO -    Current Champion: Iteration 6 (Sharpe 2.4751)
2025-10-13 06:19:31,681 - tests.integration.extended_test_harness - INFO - 
2025-10-13 06:19:31,681 - tests.integration.extended_test_harness - INFO - ======================================================================
2025-10-13 06:19:31,681 - tests.integration.extended_test_harness - INFO - ITERATION 72/99
2025-10-13 06:19:31,681 - tests.integration.extended_test_harness - INFO - ======================================================================
2025-10-13 06:19:31,681 - tests.integration.extended_test_harness - INFO - Attempt 1/3
2025-10-13 06:19:54,002 - src.config.experiment_config_manager - INFO - Configuration snapshot saved for iteration 72
2025-10-13 06:19:54,004 - autonomous_loop - WARNING - Configuration capture failed: No module named 'src.config.experiment_config'
2025-10-13 06:19:58,838 - autonomous_loop - INFO - Preservation validated: ‚úÖ PRESERVED | 2/2 params | similarity 50.00%
2025-10-13 06:19:58,842 - scripts.validate_code - INFO - Code validation passed - no security violations detected
2025-10-13 06:20:10,566 - autonomous_loop - WARNING - Variance alert: High variance (œÉ=0.9469) for 32 consecutive iterations. Learning may be unstable.
2025-10-13 06:20:10,716 - tests.integration.extended_test_harness - INFO - ‚úÖ Iteration 72 SUCCESS (duration: 39.0s)
2025-10-13 06:20:10,717 - tests.integration.extended_test_harness - INFO -    Sharpe: 1.5988
2025-10-13 06:20:10,717 - tests.integration.extended_test_harness - INFO -    Total Return: 0.25228196868778524
2025-10-13 06:20:10,717 - tests.integration.extended_test_harness - INFO -    Current Champion: Iteration 6 (Sharpe 2.4751)
2025-10-13 06:20:10,718 - tests.integration.extended_test_harness - INFO - 
2025-10-13 06:20:10,718 - tests.integration.extended_test_harness - INFO - ======================================================================
2025-10-13 06:20:10,718 - tests.integration.extended_test_harness - INFO - ITERATION 73/99
2025-10-13 06:20:10,718 - tests.integration.extended_test_harness - INFO - ======================================================================
2025-10-13 06:20:10,719 - tests.integration.extended_test_harness - INFO - Attempt 1/3
2025-10-13 06:20:32,747 - src.config.experiment_config_manager - INFO - Configuration snapshot saved for iteration 73
2025-10-13 06:20:37,548 - autonomous_loop - INFO - Preservation validated: ‚úÖ PRESERVED | 2/2 params | similarity 50.00%
2025-10-13 06:20:37,551 - scripts.validate_code - INFO - Code validation passed - no security violations detected
2025-10-13 06:20:42,158 - tests.integration.extended_test_harness - ERROR - ‚ùå Iteration 73 EXECUTION FAILURE
2025-10-13 06:20:42,159 - tests.integration.extended_test_harness - ERROR -    Unknown error
2025-10-13 06:20:42,159 - tests.integration.extended_test_harness - WARNING - ‚ö†Ô∏è  Retrying iteration 73 (attempt 2/3)
2025-10-13 06:20:44,162 - tests.integration.extended_test_harness - INFO - Attempt 2/3
2025-10-13 06:21:06,272 - src.config.experiment_config_manager - INFO - Configuration snapshot saved for iteration 73
2025-10-13 06:21:10,444 - autonomous_loop - INFO - Preservation validated: ‚úÖ PRESERVED | 2/2 params | similarity 50.00%
2025-10-13 06:21:10,446 - scripts.validate_code - INFO - Code validation passed - no security violations detected
2025-10-13 06:21:21,724 - autonomous_loop - WARNING - Variance alert: High variance (œÉ=1.0270) for 33 consecutive iterations. Learning may be unstable.
2025-10-13 06:21:21,879 - tests.integration.extended_test_harness - INFO - ‚úÖ Iteration 73 SUCCESS (duration: 71.2s)
2025-10-13 06:21:21,879 - tests.integration.extended_test_harness - INFO -    Sharpe: 1.0303
2025-10-13 06:21:21,880 - tests.integration.extended_test_harness - INFO -    Total Return: 0.20383323555647287
2025-10-13 06:21:21,880 - tests.integration.extended_test_harness - INFO -    Current Champion: Iteration 6 (Sharpe 2.4751)
2025-10-13 06:21:21,880 - tests.integration.extended_test_harness - INFO - 
2025-10-13 06:21:21,880 - tests.integration.extended_test_harness - INFO - ======================================================================
2025-10-13 06:21:21,880 - tests.integration.extended_test_harness - INFO - ITERATION 74/99
2025-10-13 06:21:21,881 - tests.integration.extended_test_harness - INFO - ======================================================================
2025-10-13 06:21:21,881 - tests.integration.extended_test_harness - INFO - Attempt 1/3
2025-10-13 06:21:42,742 - src.config.experiment_config_manager - INFO - Configuration snapshot saved for iteration 74
2025-10-13 06:21:42,744 - autonomous_loop - WARNING - Configuration capture failed: No module named 'src.config.experiment_config'
2025-10-13 06:21:47,707 - autonomous_loop - INFO - Preservation validated: ‚úÖ PRESERVED | 2/2 params | similarity 50.00%
2025-10-13 06:21:47,709 - scripts.validate_code - INFO - Code validation passed - no security violations detected
2025-10-13 06:22:00,329 - autonomous_loop - WARNING - Variance alert: High variance (œÉ=0.9797) for 34 consecutive iterations. Learning may be unstable.
2025-10-13 06:22:00,460 - tests.integration.extended_test_harness - INFO - ‚úÖ Iteration 74 SUCCESS (duration: 38.6s)
2025-10-13 06:22:00,461 - tests.integration.extended_test_harness - INFO -    Sharpe: 0.2350
2025-10-13 06:22:00,461 - tests.integration.extended_test_harness - INFO -    Total Return: -0.26253490213097236
2025-10-13 06:22:00,462 - tests.integration.extended_test_harness - INFO -    Current Champion: Iteration 6 (Sharpe 2.4751)
2025-10-13 06:22:00,462 - tests.integration.extended_test_harness - INFO - 
2025-10-13 06:22:00,462 - tests.integration.extended_test_harness - INFO - ======================================================================
2025-10-13 06:22:00,463 - tests.integration.extended_test_harness - INFO - ITERATION 75/99
2025-10-13 06:22:00,463 - tests.integration.extended_test_harness - INFO - ======================================================================
2025-10-13 06:22:00,464 - tests.integration.extended_test_harness - INFO - Attempt 1/3
2025-10-13 06:22:22,224 - src.config.experiment_config_manager - INFO - Configuration snapshot saved for iteration 75
2025-10-13 06:22:22,225 - prompt_builder - INFO - Forcing exploration mode (iteration 75)
2025-10-13 06:22:26,428 - autonomous_loop - INFO - Preservation validated: ‚úÖ PRESERVED | 2/2 params | similarity 50.00%
2025-10-13 06:22:26,430 - scripts.validate_code - INFO - Code validation passed - no security violations detected
2025-10-13 06:22:37,002 - autonomous_loop - WARNING - Variance alert: High variance (œÉ=1.0834) for 35 consecutive iterations. Learning may be unstable.
2025-10-13 06:22:37,132 - tests.integration.extended_test_harness - INFO - ‚úÖ Iteration 75 SUCCESS (duration: 36.7s)
2025-10-13 06:22:37,132 - tests.integration.extended_test_harness - INFO -    Sharpe: 2.2529
2025-10-13 06:22:37,133 - tests.integration.extended_test_harness - INFO -    Total Return: 0.47508261944164526
2025-10-13 06:22:37,133 - tests.integration.extended_test_harness - INFO -    Current Champion: Iteration 6 (Sharpe 2.4751)
2025-10-13 06:22:37,134 - tests.integration.extended_test_harness - INFO - 
2025-10-13 06:22:37,134 - tests.integration.extended_test_harness - INFO - ======================================================================
2025-10-13 06:22:37,134 - tests.integration.extended_test_harness - INFO - ITERATION 76/99
2025-10-13 06:22:37,135 - tests.integration.extended_test_harness - INFO - ======================================================================
2025-10-13 06:22:37,135 - tests.integration.extended_test_harness - INFO - Attempt 1/3
2025-10-13 06:22:59,194 - src.config.experiment_config_manager - INFO - Configuration snapshot saved for iteration 76
2025-10-13 06:22:59,196 - autonomous_loop - WARNING - Configuration capture failed: No module named 'src.config.experiment_config'
2025-10-13 06:23:02,510 - autonomous_loop - INFO - Preservation validated: ‚úÖ PRESERVED | 2/2 params | similarity 50.00%
2025-10-13 06:23:02,511 - scripts.validate_code - INFO - Code validation passed - no security violations detected
2025-10-13 06:23:13,243 - autonomous_loop - WARNING - Variance alert: High variance (œÉ=1.0780) for 36 consecutive iterations. Learning may be unstable.
2025-10-13 06:23:13,406 - tests.integration.extended_test_harness - INFO - ‚úÖ Iteration 76 SUCCESS (duration: 36.3s)
2025-10-13 06:23:13,407 - tests.integration.extended_test_harness - INFO -    Sharpe: 1.4726
2025-10-13 06:23:13,407 - tests.integration.extended_test_harness - INFO -    Total Return: 0.021252758228105573
2025-10-13 06:23:13,407 - tests.integration.extended_test_harness - INFO -    Current Champion: Iteration 6 (Sharpe 2.4751)
2025-10-13 06:23:13,408 - tests.integration.extended_test_harness - INFO - 
2025-10-13 06:23:13,408 - tests.integration.extended_test_harness - INFO - ======================================================================
2025-10-13 06:23:13,408 - tests.integration.extended_test_harness - INFO - ITERATION 77/99
2025-10-13 06:23:13,409 - tests.integration.extended_test_harness - INFO - ======================================================================
2025-10-13 06:23:13,409 - tests.integration.extended_test_harness - INFO - Attempt 1/3
2025-10-13 06:23:34,726 - src.config.experiment_config_manager - INFO - Configuration snapshot saved for iteration 77
2025-10-13 06:23:38,733 - autonomous_loop - INFO - Preservation validated: ‚úÖ PRESERVED | 2/2 params | similarity 50.00%
2025-10-13 06:23:38,737 - scripts.validate_code - INFO - Code validation passed - no security violations detected
2025-10-13 06:23:49,489 - autonomous_loop - WARNING - Variance alert: High variance (œÉ=1.0785) for 37 consecutive iterations. Learning may be unstable.
2025-10-13 06:23:49,616 - tests.integration.extended_test_harness - INFO - ‚úÖ Iteration 77 SUCCESS (duration: 36.2s)
2025-10-13 06:23:49,617 - tests.integration.extended_test_harness - INFO -    Sharpe: 0.3632
2025-10-13 06:23:49,617 - tests.integration.extended_test_harness - INFO -    Total Return: 0.3779650087052466
2025-10-13 06:23:49,618 - tests.integration.extended_test_harness - INFO -    Current Champion: Iteration 6 (Sharpe 2.4751)
2025-10-13 06:23:49,618 - tests.integration.extended_test_harness - INFO - 
2025-10-13 06:23:49,618 - tests.integration.extended_test_harness - INFO - ======================================================================
2025-10-13 06:23:49,619 - tests.integration.extended_test_harness - INFO - ITERATION 78/99
2025-10-13 06:23:49,619 - tests.integration.extended_test_harness - INFO - ======================================================================
2025-10-13 06:23:49,619 - tests.integration.extended_test_harness - INFO - Attempt 1/3
2025-10-13 06:24:11,640 - src.config.experiment_config_manager - INFO - Configuration snapshot saved for iteration 78
2025-10-13 06:24:11,642 - autonomous_loop - WARNING - Configuration capture failed: No module named 'src.config.experiment_config'
2025-10-13 06:24:15,253 - autonomous_loop - INFO - Preservation validated: ‚úÖ PRESERVED | 2/2 params | similarity 50.00%
2025-10-13 06:24:15,254 - scripts.validate_code - INFO - Code validation passed - no security violations detected
2025-10-13 06:24:26,031 - autonomous_loop - WARNING - Variance alert: High variance (œÉ=1.0016) for 38 consecutive iterations. Learning may be unstable.
2025-10-13 06:24:26,170 - tests.integration.extended_test_harness - INFO - ‚úÖ Iteration 78 SUCCESS (duration: 36.6s)
2025-10-13 06:24:26,170 - tests.integration.extended_test_harness - INFO -    Sharpe: 0.6214
2025-10-13 06:24:26,171 - tests.integration.extended_test_harness - INFO -    Total Return: 0.31144090848464784
2025-10-13 06:24:26,171 - tests.integration.extended_test_harness - INFO -    Current Champion: Iteration 6 (Sharpe 2.4751)
2025-10-13 06:24:26,172 - tests.integration.extended_test_harness - INFO - 
2025-10-13 06:24:26,172 - tests.integration.extended_test_harness - INFO - ======================================================================
2025-10-13 06:24:26,172 - tests.integration.extended_test_harness - INFO - ITERATION 79/99
2025-10-13 06:24:26,173 - tests.integration.extended_test_harness - INFO - ======================================================================
2025-10-13 06:24:26,173 - tests.integration.extended_test_harness - INFO - Attempt 1/3
2025-10-13 06:24:47,694 - src.config.experiment_config_manager - INFO - Configuration snapshot saved for iteration 79
2025-10-13 06:24:51,688 - autonomous_loop - INFO - Preservation validated: ‚úÖ PRESERVED | 2/2 params | similarity 50.00%
2025-10-13 06:24:51,690 - scripts.validate_code - INFO - Code validation passed - no security violations detected
2025-10-13 06:25:03,201 - autonomous_loop - WARNING - Variance alert: High variance (œÉ=0.9907) for 39 consecutive iterations. Learning may be unstable.
2025-10-13 06:25:03,364 - tests.integration.extended_test_harness - INFO - ‚úÖ Iteration 79 SUCCESS (duration: 37.2s)
2025-10-13 06:25:03,364 - tests.integration.extended_test_harness - INFO -    Sharpe: 2.3392
2025-10-13 06:25:03,364 - tests.integration.extended_test_harness - INFO -    Total Return: 0.7591636570741647
2025-10-13 06:25:03,365 - tests.integration.extended_test_harness - INFO -    Current Champion: Iteration 6 (Sharpe 2.4751)
2025-10-13 06:25:03,365 - tests.integration.extended_test_harness - INFO - 
üìÅ Saving checkpoint at iteration 79...
2025-10-13 06:25:03,365 - tests.integration.extended_test_harness - ERROR - Failed to save checkpoint at iteration 79: 'ChampionStrategy' object has no attribute 'get'
2025-10-13 06:25:03,365 - tests.integration.extended_test_harness - INFO - 
2025-10-13 06:25:03,366 - tests.integration.extended_test_harness - INFO - ======================================================================
2025-10-13 06:25:03,366 - tests.integration.extended_test_harness - INFO - ITERATION 80/99
2025-10-13 06:25:03,366 - tests.integration.extended_test_harness - INFO - ======================================================================
2025-10-13 06:25:03,366 - tests.integration.extended_test_harness - INFO - Attempt 1/3
2025-10-13 06:25:26,554 - src.config.experiment_config_manager - INFO - Configuration snapshot saved for iteration 80
2025-10-13 06:25:26,556 - autonomous_loop - WARNING - Configuration capture failed: No module named 'src.config.experiment_config'
2025-10-13 06:25:26,556 - prompt_builder - INFO - Forcing exploration mode (iteration 80)
2025-10-13 06:25:30,825 - autonomous_loop - INFO - Preservation validated: ‚úÖ PRESERVED | 2/2 params | similarity 50.00%
2025-10-13 06:25:30,827 - scripts.validate_code - INFO - Code validation passed - no security violations detected
2025-10-13 06:25:41,550 - autonomous_loop - WARNING - Variance alert: High variance (œÉ=0.8525) for 40 consecutive iterations. Learning may be unstable.
2025-10-13 06:25:41,682 - tests.integration.extended_test_harness - INFO - ‚úÖ Iteration 80 SUCCESS (duration: 38.3s)
2025-10-13 06:25:41,683 - tests.integration.extended_test_harness - INFO -    Sharpe: 0.3843
2025-10-13 06:25:41,683 - tests.integration.extended_test_harness - INFO -    Total Return: -0.22791230513924343
2025-10-13 06:25:41,684 - tests.integration.extended_test_harness - INFO -    Current Champion: Iteration 6 (Sharpe 2.4751)
2025-10-13 06:25:41,684 - tests.integration.extended_test_harness - INFO - 
2025-10-13 06:25:41,685 - tests.integration.extended_test_harness - INFO - ======================================================================
2025-10-13 06:25:41,685 - tests.integration.extended_test_harness - INFO - ITERATION 81/99
2025-10-13 06:25:41,686 - tests.integration.extended_test_harness - INFO - ======================================================================
2025-10-13 06:25:41,686 - tests.integration.extended_test_harness - INFO - Attempt 1/3
2025-10-13 06:26:04,092 - src.config.experiment_config_manager - INFO - Configuration snapshot saved for iteration 81
2025-10-13 06:26:07,641 - autonomous_loop - INFO - Preservation validated: ‚úÖ PRESERVED | 2/2 params | similarity 50.00%
2025-10-13 06:26:07,643 - scripts.validate_code - INFO - Code validation passed - no security violations detected
2025-10-13 06:26:18,636 - autonomous_loop - WARNING - Variance alert: High variance (œÉ=0.8923) for 41 consecutive iterations. Learning may be unstable.
2025-10-13 06:26:18,765 - tests.integration.extended_test_harness - INFO - ‚úÖ Iteration 81 SUCCESS (duration: 37.1s)
2025-10-13 06:26:18,766 - tests.integration.extended_test_harness - INFO -    Sharpe: 1.0496
2025-10-13 06:26:18,766 - tests.integration.extended_test_harness - INFO -    Total Return: 0.47749593613862934
2025-10-13 06:26:18,766 - tests.integration.extended_test_harness - INFO -    Current Champion: Iteration 6 (Sharpe 2.4751)
2025-10-13 06:26:18,767 - tests.integration.extended_test_harness - INFO - 
2025-10-13 06:26:18,767 - tests.integration.extended_test_harness - INFO - ======================================================================
2025-10-13 06:26:18,768 - tests.integration.extended_test_harness - INFO - ITERATION 82/99
2025-10-13 06:26:18,768 - tests.integration.extended_test_harness - INFO - ======================================================================
2025-10-13 06:26:18,768 - tests.integration.extended_test_harness - INFO - Attempt 1/3
2025-10-13 06:26:40,196 - src.config.experiment_config_manager - INFO - Configuration snapshot saved for iteration 82
2025-10-13 06:26:40,198 - autonomous_loop - WARNING - Configuration capture failed: No module named 'src.config.experiment_config'
2025-10-13 06:26:43,802 - autonomous_loop - INFO - Preservation validated: ‚úÖ PRESERVED | 2/2 params | similarity 50.00%
2025-10-13 06:26:43,804 - scripts.validate_code - INFO - Code validation passed - no security violations detected
2025-10-13 06:26:54,478 - autonomous_loop - WARNING - Variance alert: High variance (œÉ=0.8301) for 42 consecutive iterations. Learning may be unstable.
2025-10-13 06:26:54,673 - tests.integration.extended_test_harness - INFO - ‚úÖ Iteration 82 SUCCESS (duration: 35.9s)
2025-10-13 06:26:54,674 - tests.integration.extended_test_harness - INFO -    Sharpe: 1.8911
2025-10-13 06:26:54,674 - tests.integration.extended_test_harness - INFO -    Total Return: 0.25873323669967846
2025-10-13 06:26:54,674 - tests.integration.extended_test_harness - INFO -    Current Champion: Iteration 6 (Sharpe 2.4751)
2025-10-13 06:26:54,675 - tests.integration.extended_test_harness - INFO - 
2025-10-13 06:26:54,675 - tests.integration.extended_test_harness - INFO - ======================================================================
2025-10-13 06:26:54,675 - tests.integration.extended_test_harness - INFO - ITERATION 83/99
2025-10-13 06:26:54,676 - tests.integration.extended_test_harness - INFO - ======================================================================
2025-10-13 06:26:54,676 - tests.integration.extended_test_harness - INFO - Attempt 1/3
2025-10-13 06:27:16,482 - src.config.experiment_config_manager - INFO - Configuration snapshot saved for iteration 83
2025-10-13 06:27:20,090 - autonomous_loop - INFO - Preservation validated: ‚úÖ PRESERVED | 2/2 params | similarity 50.00%
2025-10-13 06:27:20,092 - scripts.validate_code - INFO - Code validation passed - no security violations detected
2025-10-13 06:27:31,530 - tests.integration.extended_test_harness - INFO - ‚úÖ Iteration 83 SUCCESS (duration: 36.9s)
2025-10-13 06:27:31,530 - tests.integration.extended_test_harness - INFO -    Sharpe: 0.9240
2025-10-13 06:27:31,531 - tests.integration.extended_test_harness - INFO -    Total Return: 0.713356547147048
2025-10-13 06:27:31,531 - tests.integration.extended_test_harness - INFO -    Current Champion: Iteration 6 (Sharpe 2.4751)
2025-10-13 06:27:31,531 - tests.integration.extended_test_harness - INFO - 
2025-10-13 06:27:31,531 - tests.integration.extended_test_harness - INFO - ======================================================================
2025-10-13 06:27:31,532 - tests.integration.extended_test_harness - INFO - ITERATION 84/99
2025-10-13 06:27:31,532 - tests.integration.extended_test_harness - INFO - ======================================================================
2025-10-13 06:27:31,532 - tests.integration.extended_test_harness - INFO - Attempt 1/3
2025-10-13 06:27:52,180 - src.config.experiment_config_manager - INFO - Configuration snapshot saved for iteration 84
2025-10-13 06:27:52,182 - autonomous_loop - WARNING - Configuration capture failed: No module named 'src.config.experiment_config'
2025-10-13 06:27:57,155 - autonomous_loop - INFO - Preservation validated: ‚úÖ PRESERVED | 2/2 params | similarity 50.00%
2025-10-13 06:27:57,158 - scripts.validate_code - INFO - Code validation passed - no security violations detected
2025-10-13 06:28:08,807 - tests.integration.extended_test_harness - INFO - ‚úÖ Iteration 84 SUCCESS (duration: 37.3s)
2025-10-13 06:28:08,807 - tests.integration.extended_test_harness - INFO -    Sharpe: 2.2949
2025-10-13 06:28:08,807 - tests.integration.extended_test_harness - INFO -    Total Return: 0.19029409961979982
2025-10-13 06:28:08,807 - tests.integration.extended_test_harness - INFO -    Current Champion: Iteration 6 (Sharpe 2.4751)
2025-10-13 06:28:08,808 - tests.integration.extended_test_harness - INFO - 
2025-10-13 06:28:08,808 - tests.integration.extended_test_harness - INFO - ======================================================================
2025-10-13 06:28:08,808 - tests.integration.extended_test_harness - INFO - ITERATION 85/99
2025-10-13 06:28:08,808 - tests.integration.extended_test_harness - INFO - ======================================================================
2025-10-13 06:28:08,808 - tests.integration.extended_test_harness - INFO - Attempt 1/3
2025-10-13 06:28:30,208 - src.config.experiment_config_manager - INFO - Configuration snapshot saved for iteration 85
2025-10-13 06:28:30,209 - prompt_builder - INFO - Forcing exploration mode (iteration 85)
2025-10-13 06:28:34,030 - autonomous_loop - INFO - Preservation validated: ‚úÖ PRESERVED | 2/2 params | similarity 50.00%
2025-10-13 06:28:34,033 - scripts.validate_code - INFO - Code validation passed - no security violations detected
2025-10-13 06:28:44,004 - tests.integration.extended_test_harness - INFO - ‚úÖ Iteration 85 SUCCESS (duration: 35.2s)
2025-10-13 06:28:44,005 - tests.integration.extended_test_harness - INFO -    Sharpe: 2.4625
2025-10-13 06:28:44,005 - tests.integration.extended_test_harness - INFO -    Total Return: 0.20635230914902453
2025-10-13 06:28:44,005 - tests.integration.extended_test_harness - INFO -    Current Champion: Iteration 6 (Sharpe 2.4751)
2025-10-13 06:28:44,006 - tests.integration.extended_test_harness - INFO - 
2025-10-13 06:28:44,006 - tests.integration.extended_test_harness - INFO - ======================================================================
2025-10-13 06:28:44,007 - tests.integration.extended_test_harness - INFO - ITERATION 86/99
2025-10-13 06:28:44,007 - tests.integration.extended_test_harness - INFO - ======================================================================
2025-10-13 06:28:44,007 - tests.integration.extended_test_harness - INFO - Attempt 1/3
2025-10-13 06:29:06,043 - src.config.experiment_config_manager - INFO - Configuration snapshot saved for iteration 86
2025-10-13 06:29:06,045 - autonomous_loop - WARNING - Configuration capture failed: No module named 'src.config.experiment_config'
2025-10-13 06:29:10,469 - autonomous_loop - INFO - Preservation validated: ‚úÖ PRESERVED | 2/2 params | similarity 50.00%
2025-10-13 06:29:10,471 - scripts.validate_code - INFO - Code validation passed - no security violations detected
2025-10-13 06:29:21,178 - tests.integration.extended_test_harness - INFO - ‚úÖ Iteration 86 SUCCESS (duration: 37.2s)
2025-10-13 06:29:21,178 - tests.integration.extended_test_harness - INFO -    Sharpe: 1.0060
2025-10-13 06:29:21,179 - tests.integration.extended_test_harness - INFO -    Total Return: 0.41756349999053305
2025-10-13 06:29:21,179 - tests.integration.extended_test_harness - INFO -    Current Champion: Iteration 6 (Sharpe 2.4751)
2025-10-13 06:29:21,179 - tests.integration.extended_test_harness - INFO - 
2025-10-13 06:29:21,179 - tests.integration.extended_test_harness - INFO - ======================================================================
2025-10-13 06:29:21,180 - tests.integration.extended_test_harness - INFO - ITERATION 87/99
2025-10-13 06:29:21,180 - tests.integration.extended_test_harness - INFO - ======================================================================
2025-10-13 06:29:21,180 - tests.integration.extended_test_harness - INFO - Attempt 1/3
2025-10-13 06:29:43,165 - src.config.experiment_config_manager - INFO - Configuration snapshot saved for iteration 87
2025-10-13 06:29:46,379 - autonomous_loop - INFO - Preservation validated: ‚úÖ PRESERVED | 2/2 params | similarity 50.00%
2025-10-13 06:29:46,380 - scripts.validate_code - INFO - Code validation passed - no security violations detected
2025-10-13 06:29:56,944 - tests.integration.extended_test_harness - INFO - ‚úÖ Iteration 87 SUCCESS (duration: 35.8s)
2025-10-13 06:29:56,944 - tests.integration.extended_test_harness - INFO -    Sharpe: 2.0546
2025-10-13 06:29:56,945 - tests.integration.extended_test_harness - INFO -    Total Return: 0.06246868259089372
2025-10-13 06:29:56,945 - tests.integration.extended_test_harness - INFO -    Current Champion: Iteration 6 (Sharpe 2.4751)
2025-10-13 06:29:56,945 - tests.integration.extended_test_harness - INFO - 
2025-10-13 06:29:56,946 - tests.integration.extended_test_harness - INFO - ======================================================================
2025-10-13 06:29:56,946 - tests.integration.extended_test_harness - INFO - ITERATION 88/99
2025-10-13 06:29:56,946 - tests.integration.extended_test_harness - INFO - ======================================================================
2025-10-13 06:29:56,947 - tests.integration.extended_test_harness - INFO - Attempt 1/3
2025-10-13 06:30:18,748 - src.config.experiment_config_manager - INFO - Configuration snapshot saved for iteration 88
2025-10-13 06:30:18,750 - autonomous_loop - WARNING - Configuration capture failed: No module named 'src.config.experiment_config'
2025-10-13 06:30:22,949 - autonomous_loop - INFO - Preservation validated: ‚úÖ PRESERVED | 2/2 params | similarity 50.00%
2025-10-13 06:30:22,952 - scripts.validate_code - INFO - Code validation passed - no security violations detected
2025-10-13 06:30:33,849 - tests.integration.extended_test_harness - INFO - ‚úÖ Iteration 88 SUCCESS (duration: 36.9s)
2025-10-13 06:30:33,850 - tests.integration.extended_test_harness - INFO -    Sharpe: 0.9833
2025-10-13 06:30:33,850 - tests.integration.extended_test_harness - INFO -    Total Return: 0.3052178373725551
2025-10-13 06:30:33,850 - tests.integration.extended_test_harness - INFO -    Current Champion: Iteration 6 (Sharpe 2.4751)
2025-10-13 06:30:33,850 - tests.integration.extended_test_harness - INFO - 
2025-10-13 06:30:33,850 - tests.integration.extended_test_harness - INFO - ======================================================================
2025-10-13 06:30:33,851 - tests.integration.extended_test_harness - INFO - ITERATION 89/99
2025-10-13 06:30:33,851 - tests.integration.extended_test_harness - INFO - ======================================================================
2025-10-13 06:30:33,851 - tests.integration.extended_test_harness - INFO - Attempt 1/3
2025-10-13 06:30:55,718 - src.config.experiment_config_manager - INFO - Configuration snapshot saved for iteration 89
2025-10-13 06:31:00,790 - autonomous_loop - INFO - Preservation validated: ‚úÖ PRESERVED | 2/2 params | similarity 50.00%
2025-10-13 06:31:00,792 - scripts.validate_code - INFO - Code validation passed - no security violations detected
2025-10-13 06:31:14,349 - tests.integration.extended_test_harness - INFO - ‚úÖ Iteration 89 SUCCESS (duration: 40.5s)
2025-10-13 06:31:14,349 - tests.integration.extended_test_harness - INFO -    Sharpe: -0.4349
2025-10-13 06:31:14,349 - tests.integration.extended_test_harness - INFO -    Total Return: 0.6877933108662826
2025-10-13 06:31:14,349 - tests.integration.extended_test_harness - INFO -    Current Champion: Iteration 6 (Sharpe 2.4751)
2025-10-13 06:31:14,350 - tests.integration.extended_test_harness - INFO - 
üìÅ Saving checkpoint at iteration 89...
2025-10-13 06:31:14,350 - tests.integration.extended_test_harness - ERROR - Failed to save checkpoint at iteration 89: 'ChampionStrategy' object has no attribute 'get'
2025-10-13 06:31:14,350 - tests.integration.extended_test_harness - INFO - 
2025-10-13 06:31:14,350 - tests.integration.extended_test_harness - INFO - ======================================================================
2025-10-13 06:31:14,350 - tests.integration.extended_test_harness - INFO - ITERATION 90/99
2025-10-13 06:31:14,351 - tests.integration.extended_test_harness - INFO - ======================================================================
2025-10-13 06:31:14,351 - tests.integration.extended_test_harness - INFO - Attempt 1/3
2025-10-13 06:31:35,958 - src.config.experiment_config_manager - INFO - Configuration snapshot saved for iteration 90
2025-10-13 06:31:35,960 - autonomous_loop - WARNING - Configuration capture failed: No module named 'src.config.experiment_config'
2025-10-13 06:31:35,960 - prompt_builder - INFO - Forcing exploration mode (iteration 90)
2025-10-13 06:31:40,845 - autonomous_loop - INFO - Preservation validated: ‚úÖ PRESERVED | 2/2 params | similarity 50.00%
2025-10-13 06:31:40,847 - scripts.validate_code - INFO - Code validation passed - no security violations detected
2025-10-13 06:31:52,046 - tests.integration.extended_test_harness - INFO - ‚úÖ Iteration 90 SUCCESS (duration: 37.7s)
2025-10-13 06:31:52,047 - tests.integration.extended_test_harness - INFO -    Sharpe: 1.7567
2025-10-13 06:31:52,047 - tests.integration.extended_test_harness - INFO -    Total Return: 0.7301792476006361
2025-10-13 06:31:52,047 - tests.integration.extended_test_harness - INFO -    Current Champion: Iteration 6 (Sharpe 2.4751)
2025-10-13 06:31:52,048 - tests.integration.extended_test_harness - INFO - 
2025-10-13 06:31:52,048 - tests.integration.extended_test_harness - INFO - ======================================================================
2025-10-13 06:31:52,048 - tests.integration.extended_test_harness - INFO - ITERATION 91/99
2025-10-13 06:31:52,049 - tests.integration.extended_test_harness - INFO - ======================================================================
2025-10-13 06:31:52,049 - tests.integration.extended_test_harness - INFO - Attempt 1/3
2025-10-13 06:32:14,327 - src.config.experiment_config_manager - INFO - Configuration snapshot saved for iteration 91
2025-10-13 06:32:18,586 - autonomous_loop - INFO - Preservation validated: ‚úÖ PRESERVED | 2/2 params | similarity 50.00%
2025-10-13 06:32:18,588 - scripts.validate_code - INFO - Code validation passed - no security violations detected
2025-10-13 06:32:29,876 - tests.integration.extended_test_harness - INFO - ‚úÖ Iteration 91 SUCCESS (duration: 37.8s)
2025-10-13 06:32:29,877 - tests.integration.extended_test_harness - INFO -    Sharpe: -0.3769
2025-10-13 06:32:29,877 - tests.integration.extended_test_harness - INFO -    Total Return: 0.07589376786699614
2025-10-13 06:32:29,878 - tests.integration.extended_test_harness - INFO -    Current Champion: Iteration 6 (Sharpe 2.4751)
2025-10-13 06:32:29,878 - tests.integration.extended_test_harness - INFO - 
2025-10-13 06:32:29,878 - tests.integration.extended_test_harness - INFO - ======================================================================
2025-10-13 06:32:29,879 - tests.integration.extended_test_harness - INFO - ITERATION 92/99
2025-10-13 06:32:29,879 - tests.integration.extended_test_harness - INFO - ======================================================================
2025-10-13 06:32:29,879 - tests.integration.extended_test_harness - INFO - Attempt 1/3
2025-10-13 06:32:51,857 - src.config.experiment_config_manager - INFO - Configuration snapshot saved for iteration 92
2025-10-13 06:32:51,859 - autonomous_loop - WARNING - Configuration capture failed: No module named 'src.config.experiment_config'
2025-10-13 06:32:55,781 - autonomous_loop - INFO - Preservation validated: ‚úÖ PRESERVED | 2/2 params | similarity 50.00%
2025-10-13 06:32:55,783 - scripts.validate_code - INFO - Code validation passed - no security violations detected
2025-10-13 06:33:06,419 - tests.integration.extended_test_harness - INFO - ‚úÖ Iteration 92 SUCCESS (duration: 36.5s)
2025-10-13 06:33:06,419 - tests.integration.extended_test_harness - INFO -    Sharpe: -0.4466
2025-10-13 06:33:06,420 - tests.integration.extended_test_harness - INFO -    Total Return: 0.47351086138163795
2025-10-13 06:33:06,420 - tests.integration.extended_test_harness - INFO -    Current Champion: Iteration 6 (Sharpe 2.4751)
2025-10-13 06:33:06,420 - tests.integration.extended_test_harness - INFO - 
2025-10-13 06:33:06,420 - tests.integration.extended_test_harness - INFO - ======================================================================
2025-10-13 06:33:06,421 - tests.integration.extended_test_harness - INFO - ITERATION 93/99
2025-10-13 06:33:06,421 - tests.integration.extended_test_harness - INFO - ======================================================================
2025-10-13 06:33:06,421 - tests.integration.extended_test_harness - INFO - Attempt 1/3
2025-10-13 06:33:28,102 - src.config.experiment_config_manager - INFO - Configuration snapshot saved for iteration 93
2025-10-13 06:33:32,102 - autonomous_loop - INFO - Preservation validated: ‚úÖ PRESERVED | 2/2 params | similarity 50.00%
2025-10-13 06:33:32,104 - scripts.validate_code - INFO - Code validation passed - no security violations detected
2025-10-13 06:33:44,005 - tests.integration.extended_test_harness - INFO - ‚úÖ Iteration 93 SUCCESS (duration: 37.6s)
2025-10-13 06:33:44,006 - tests.integration.extended_test_harness - INFO -    Sharpe: 2.4952
2025-10-13 06:33:44,006 - tests.integration.extended_test_harness - INFO -    Total Return: 0.7614389013648342
2025-10-13 06:33:44,007 - tests.integration.extended_test_harness - INFO -    Current Champion: Iteration 6 (Sharpe 2.4751)
2025-10-13 06:33:44,007 - tests.integration.extended_test_harness - INFO - 
2025-10-13 06:33:44,007 - tests.integration.extended_test_harness - INFO - ======================================================================
2025-10-13 06:33:44,007 - tests.integration.extended_test_harness - INFO - ITERATION 94/99
2025-10-13 06:33:44,008 - tests.integration.extended_test_harness - INFO - ======================================================================
2025-10-13 06:33:44,008 - tests.integration.extended_test_harness - INFO - Attempt 1/3
2025-10-13 06:34:05,233 - src.config.experiment_config_manager - INFO - Configuration snapshot saved for iteration 94
2025-10-13 06:34:05,235 - autonomous_loop - WARNING - Configuration capture failed: No module named 'src.config.experiment_config'
2025-10-13 06:34:08,717 - autonomous_loop - INFO - Preservation validated: ‚úÖ PRESERVED | 2/2 params | similarity 50.00%
2025-10-13 06:34:08,718 - scripts.validate_code - INFO - Code validation passed - no security violations detected
2025-10-13 06:34:19,914 - tests.integration.extended_test_harness - INFO - ‚úÖ Iteration 94 SUCCESS (duration: 35.9s)
2025-10-13 06:34:19,915 - tests.integration.extended_test_harness - INFO -    Sharpe: 0.4508
2025-10-13 06:34:19,915 - tests.integration.extended_test_harness - INFO -    Total Return: 0.5167248322586959
2025-10-13 06:34:19,916 - tests.integration.extended_test_harness - INFO -    Current Champion: Iteration 6 (Sharpe 2.4751)
2025-10-13 06:34:19,916 - tests.integration.extended_test_harness - INFO - 
2025-10-13 06:34:19,916 - tests.integration.extended_test_harness - INFO - ======================================================================
2025-10-13 06:34:19,917 - tests.integration.extended_test_harness - INFO - ITERATION 95/99
2025-10-13 06:34:19,917 - tests.integration.extended_test_harness - INFO - ======================================================================
2025-10-13 06:34:19,918 - tests.integration.extended_test_harness - INFO - Attempt 1/3
2025-10-13 06:34:40,906 - src.config.experiment_config_manager - INFO - Configuration snapshot saved for iteration 95
2025-10-13 06:34:40,907 - prompt_builder - INFO - Forcing exploration mode (iteration 95)
2025-10-13 06:34:44,288 - autonomous_loop - INFO - Preservation validated: ‚úÖ PRESERVED | 2/2 params | similarity 50.00%
2025-10-13 06:34:44,289 - scripts.validate_code - INFO - Code validation passed - no security violations detected
2025-10-13 06:34:55,284 - tests.integration.extended_test_harness - INFO - ‚úÖ Iteration 95 SUCCESS (duration: 35.4s)
2025-10-13 06:34:55,285 - tests.integration.extended_test_harness - INFO -    Sharpe: 1.8373
2025-10-13 06:34:55,285 - tests.integration.extended_test_harness - INFO -    Total Return: -0.2771968610414774
2025-10-13 06:34:55,286 - tests.integration.extended_test_harness - INFO -    Current Champion: Iteration 6 (Sharpe 2.4751)
2025-10-13 06:34:55,286 - tests.integration.extended_test_harness - INFO - 
2025-10-13 06:34:55,286 - tests.integration.extended_test_harness - INFO - ======================================================================
2025-10-13 06:34:55,287 - tests.integration.extended_test_harness - INFO - ITERATION 96/99
2025-10-13 06:34:55,287 - tests.integration.extended_test_harness - INFO - ======================================================================
2025-10-13 06:34:55,287 - tests.integration.extended_test_harness - INFO - Attempt 1/3
2025-10-13 06:35:18,935 - src.config.experiment_config_manager - INFO - Configuration snapshot saved for iteration 96
2025-10-13 06:35:18,937 - autonomous_loop - WARNING - Configuration capture failed: No module named 'src.config.experiment_config'
2025-10-13 06:35:22,963 - autonomous_loop - INFO - Preservation validated: ‚úÖ PRESERVED | 2/2 params | similarity 50.00%
2025-10-13 06:35:22,966 - scripts.validate_code - INFO - Code validation passed - no security violations detected
2025-10-13 06:35:33,603 - tests.integration.extended_test_harness - INFO - ‚úÖ Iteration 96 SUCCESS (duration: 38.3s)
2025-10-13 06:35:33,603 - tests.integration.extended_test_harness - INFO -    Sharpe: 0.4094
2025-10-13 06:35:33,603 - tests.integration.extended_test_harness - INFO -    Total Return: 0.4649473677475718
2025-10-13 06:35:33,604 - tests.integration.extended_test_harness - INFO -    Current Champion: Iteration 6 (Sharpe 2.4751)
2025-10-13 06:35:33,604 - tests.integration.extended_test_harness - INFO - 
2025-10-13 06:35:33,604 - tests.integration.extended_test_harness - INFO - ======================================================================
2025-10-13 06:35:33,605 - tests.integration.extended_test_harness - INFO - ITERATION 97/99
2025-10-13 06:35:33,605 - tests.integration.extended_test_harness - INFO - ======================================================================
2025-10-13 06:35:33,606 - tests.integration.extended_test_harness - INFO - Attempt 1/3
2025-10-13 06:35:55,308 - src.config.experiment_config_manager - INFO - Configuration snapshot saved for iteration 97
2025-10-13 06:35:59,281 - autonomous_loop - INFO - Preservation validated: ‚úÖ PRESERVED | 2/2 params | similarity 50.00%
2025-10-13 06:35:59,283 - scripts.validate_code - INFO - Code validation passed - no security violations detected
2025-10-13 06:36:08,946 - tests.integration.extended_test_harness - INFO - ‚úÖ Iteration 97 SUCCESS (duration: 35.3s)
2025-10-13 06:36:08,946 - tests.integration.extended_test_harness - INFO -    Sharpe: 2.1278
2025-10-13 06:36:08,947 - tests.integration.extended_test_harness - INFO -    Total Return: 0.7657622145177512
2025-10-13 06:36:08,947 - tests.integration.extended_test_harness - INFO -    Current Champion: Iteration 6 (Sharpe 2.4751)
2025-10-13 06:36:08,948 - tests.integration.extended_test_harness - INFO - 
2025-10-13 06:36:08,948 - tests.integration.extended_test_harness - INFO - ======================================================================
2025-10-13 06:36:08,949 - tests.integration.extended_test_harness - INFO - ITERATION 98/99
2025-10-13 06:36:08,949 - tests.integration.extended_test_harness - INFO - ======================================================================
2025-10-13 06:36:08,949 - tests.integration.extended_test_harness - INFO - Attempt 1/3
2025-10-13 06:36:31,152 - src.config.experiment_config_manager - INFO - Configuration snapshot saved for iteration 98
2025-10-13 06:36:31,155 - autonomous_loop - WARNING - Configuration capture failed: No module named 'src.config.experiment_config'
2025-10-13 06:36:34,591 - autonomous_loop - INFO - Preservation validated: ‚úÖ PRESERVED | 2/2 params | similarity 50.00%
2025-10-13 06:36:34,592 - scripts.validate_code - INFO - Code validation passed - no security violations detected
2025-10-13 06:36:45,358 - tests.integration.extended_test_harness - INFO - ‚úÖ Iteration 98 SUCCESS (duration: 36.4s)
2025-10-13 06:36:45,358 - tests.integration.extended_test_harness - INFO -    Sharpe: 2.0605
2025-10-13 06:36:45,359 - tests.integration.extended_test_harness - INFO -    Total Return: 0.14682261588247347
2025-10-13 06:36:45,359 - tests.integration.extended_test_harness - INFO -    Current Champion: Iteration 6 (Sharpe 2.4751)
2025-10-13 06:36:45,359 - tests.integration.extended_test_harness - INFO - 
2025-10-13 06:36:45,360 - tests.integration.extended_test_harness - INFO - ======================================================================
2025-10-13 06:36:45,360 - tests.integration.extended_test_harness - INFO - ITERATION 99/99
2025-10-13 06:36:45,360 - tests.integration.extended_test_harness - INFO - ======================================================================
2025-10-13 06:36:45,361 - tests.integration.extended_test_harness - INFO - Attempt 1/3
2025-10-13 06:37:06,792 - src.config.experiment_config_manager - INFO - Configuration snapshot saved for iteration 99
2025-10-13 06:37:10,645 - autonomous_loop - INFO - Preservation validated: ‚úÖ PRESERVED | 2/2 params | similarity 50.00%
2025-10-13 06:37:10,647 - scripts.validate_code - INFO - Code validation passed - no security violations detected
2025-10-13 06:37:21,522 - tests.integration.extended_test_harness - INFO - ‚úÖ Iteration 99 SUCCESS (duration: 36.2s)
2025-10-13 06:37:21,523 - tests.integration.extended_test_harness - INFO -    Sharpe: 0.3443
2025-10-13 06:37:21,523 - tests.integration.extended_test_harness - INFO -    Total Return: -0.1581040779242317
2025-10-13 06:37:21,523 - tests.integration.extended_test_harness - INFO -    Current Champion: Iteration 6 (Sharpe 2.4751)
2025-10-13 06:37:21,524 - tests.integration.extended_test_harness - INFO - 
üìÅ Saving checkpoint at iteration 99...
2025-10-13 06:37:21,524 - tests.integration.extended_test_harness - ERROR - Failed to save checkpoint at iteration 99: 'ChampionStrategy' object has no attribute 'get'
2025-10-13 06:37:21,525 - tests.integration.extended_test_harness - INFO - 
2025-10-13 06:37:21,525 - tests.integration.extended_test_harness - INFO - ======================================================================
2025-10-13 06:37:21,525 - tests.integration.extended_test_harness - INFO - EXTENDED TEST RUN - COMPLETE
2025-10-13 06:37:21,526 - tests.integration.extended_test_harness - INFO - ======================================================================
2025-10-13 06:37:21,526 - tests.integration.extended_test_harness - INFO - Total duration: 3909.0s (65.1m)
2025-10-13 06:37:21,526 - tests.integration.extended_test_harness - INFO - Total iterations: 105
2025-10-13 06:37:21,526 - tests.integration.extended_test_harness - INFO - ‚úÖ Successful: 100
2025-10-13 06:37:21,526 - tests.integration.extended_test_harness - INFO - ‚ùå Failed: 5
2025-10-13 06:37:21,526 - tests.integration.extended_test_harness - INFO -    - Validation failures: 0
2025-10-13 06:37:21,527 - tests.integration.extended_test_harness - INFO -    - Execution failures: 5
2025-10-13 06:37:21,527 - tests.integration.extended_test_harness - INFO - Success rate: 95.2%
2025-10-13 06:37:21,527 - tests.integration.extended_test_harness - INFO - 
2025-10-13 06:37:21,527 - tests.integration.extended_test_harness - INFO - Best Sharpe: 2.4952
2025-10-13 06:37:21,527 - tests.integration.extended_test_harness - INFO - Avg Sharpe: 1.3972
2025-10-13 06:37:21,528 - tests.integration.extended_test_harness - INFO - Median Sharpe: 1.4584
2025-10-13 06:37:21,528 - tests.integration.extended_test_harness - INFO - 
2025-10-13 06:37:21,528 - tests.integration.extended_test_harness - INFO - üèÜ FINAL CHAMPION: Iteration 6
2025-10-13 06:37:21,529 - tests.integration.extended_test_harness - INFO -    Sharpe: 2.4751
2025-10-13 06:37:21,529 - tests.integration.extended_test_harness - INFO -    Champion updates: 1
2025-10-13 06:37:21,529 - tests.integration.extended_test_harness - INFO - 
2025-10-13 06:37:21,529 - tests.integration.extended_test_harness - INFO - ======================================================================
2025-10-13 06:37:21,530 - tests.integration.extended_test_harness - INFO - GENERATING STATISTICAL REPORT
2025-10-13 06:37:21,530 - tests.integration.extended_test_harness - INFO - ======================================================================
2025-10-13 06:37:21,530 - tests.integration.extended_test_harness - INFO - ======================================================================
2025-10-13 06:37:21,530 - tests.integration.extended_test_harness - INFO - GENERATING STATISTICAL REPORT
2025-10-13 06:37:21,531 - tests.integration.extended_test_harness - INFO - ======================================================================
2025-10-13 06:37:21,532 - tests.integration.extended_test_harness - INFO - Basic Statistics:
2025-10-13 06:37:21,532 - tests.integration.extended_test_harness - INFO -   Sample size: 105
2025-10-13 06:37:21,532 - tests.integration.extended_test_harness - INFO -   Mean Sharpe: 1.117
2025-10-13 06:37:21,532 - tests.integration.extended_test_harness - INFO -   Std Sharpe: 0.910
2025-10-13 06:37:21,532 - tests.integration.extended_test_harness - INFO -   Range: [-0.497, 2.495]
2025-10-13 06:37:21,532 - tests.integration.extended_test_harness - INFO - 
Statistical Analysis:
2025-10-13 06:37:21,533 - tests.integration.extended_test_harness - INFO - Cohen's d: 0.102 (negligible)
2025-10-13 06:37:21,533 - tests.integration.extended_test_harness - INFO -   First 10 mean: 0.956, Last 10 mean: 1.066
2025-10-13 06:37:21,533 - tests.integration.extended_test_harness - INFO -   Improvement: 0.109
2025-10-13 06:37:21,541 - tests.integration.extended_test_harness - INFO - Paired t-test: p-value=0.3164, significant=False
2025-10-13 06:37:21,542 - tests.integration.extended_test_harness - INFO -   First half mean: 1.217
2025-10-13 06:37:21,542 - tests.integration.extended_test_harness - INFO -   Second half mean: 1.032
2025-10-13 06:37:21,542 - tests.integration.extended_test_harness - INFO -   No significant change detected (p >= 0.05)
2025-10-13 06:37:21,545 - tests.integration.extended_test_harness - INFO - 95% Confidence Interval: [0.941, 1.293]
2025-10-13 06:37:21,545 - tests.integration.extended_test_harness - INFO -   Mean: 1.117, SE: 0.089
2025-10-13 06:37:21,546 - tests.integration.extended_test_harness - INFO -   Interval width: 0.352
2025-10-13 06:37:21,546 - tests.integration.extended_test_harness - INFO - 
Convergence Analysis:
2025-10-13 06:37:21,546 - tests.integration.extended_test_harness - INFO -   Rolling variance (last 10): 1.102
2025-10-13 06:37:21,546 - tests.integration.extended_test_harness - INFO -   Convergence threshold: 0.5
2025-10-13 06:37:21,547 - tests.integration.extended_test_harness - INFO -   Convergence achieved: False
2025-10-13 06:37:21,547 - tests.integration.extended_test_harness - INFO - 
======================================================================
2025-10-13 06:37:21,547 - tests.integration.extended_test_harness - INFO - PRODUCTION READINESS ASSESSMENT
2025-10-13 06:37:21,547 - tests.integration.extended_test_harness - INFO - ======================================================================
2025-10-13 06:37:21,548 - tests.integration.extended_test_harness - INFO -   NOT READY FOR PRODUCTION: Some criteria failed
2025-10-13 06:37:21,548 - tests.integration.extended_test_harness - INFO -   Statistical significance NOT met: p-value = 0.3164 >= 0.05
2025-10-13 06:37:21,548 - tests.integration.extended_test_harness - INFO -   Effect size too small: Cohen's d = 0.102 < 0.4
2025-10-13 06:37:21,548 - tests.integration.extended_test_harness - INFO -   Convergence NOT achieved: rolling variance = 1.102 >= 0.5
2025-10-13 06:37:21,548 - tests.integration.extended_test_harness - INFO - 
Additional Metrics:
2025-10-13 06:37:21,548 - tests.integration.extended_test_harness - INFO -   Champion update frequency: 1.0%
2025-10-13 06:37:21,549 - tests.integration.extended_test_harness - INFO -   Avg duration per iteration: 38.69s
2025-10-13 06:37:21,549 - tests.integration.extended_test_harness - INFO - 
======================================================================
2025-10-13 06:37:21,549 - tests.integration.extended_test_harness - INFO - STATISTICAL REPORT COMPLETE
2025-10-13 06:37:21,549 - tests.integration.extended_test_harness - INFO - ======================================================================
2025-10-13 06:37:21,549 - tests.integration.extended_test_harness - INFO - ‚úÖ Statistical report generated
2025-10-13 06:37:21,550 - tests.integration.extended_test_harness - INFO - 
2025-10-13 06:37:21,550 - tests.integration.extended_test_harness - INFO - üìÅ Saving final checkpoint...
2025-10-13 06:37:21,550 - tests.integration.extended_test_harness - ERROR - Failed to save checkpoint at iteration 99: 'ChampionStrategy' object has no attribute 'get'
2025-10-13 06:37:21,550 - tests.integration.extended_test_harness - INFO - 
2025-10-13 06:37:21,550 - tests.integration.extended_test_harness - INFO - ======================================================================
2025-10-13 06:37:21,551 - tests.integration.extended_test_harness - INFO - TEST COMPLETE - RESULTS SUMMARY
2025-10-13 06:37:21,551 - tests.integration.extended_test_harness - INFO - ======================================================================
2025-10-13 06:37:21,551 - tests.integration.extended_test_harness - INFO - Test completed: True
2025-10-13 06:37:21,551 - tests.integration.extended_test_harness - INFO - Total iterations: 105
2025-10-13 06:37:21,551 - tests.integration.extended_test_harness - INFO - Success rate: 95.2%
2025-10-13 06:37:21,551 - tests.integration.extended_test_harness - INFO - Best Sharpe: 2.4952
2025-10-13 06:37:21,552 - tests.integration.extended_test_harness - INFO - Avg Sharpe: 1.3972
2025-10-13 06:37:21,552 - tests.integration.extended_test_harness - INFO - Production ready: False
2025-10-13 06:37:21,552 - tests.integration.extended_test_harness - INFO - ======================================================================
2025-10-13 06:37:21,553 - __main__ - INFO - 
2025-10-13 06:37:21,553 - __main__ - INFO - Extracting Phase 1 + Phase 2 metrics...
2025-10-13 06:37:21,579 - __main__ - INFO - ‚úÖ Metrics extracted:
2025-10-13 06:37:21,579 - __main__ - INFO -    Data integrity checks: 308
2025-10-13 06:37:21,579 - __main__ - INFO -    Config snapshots: 162
2025-10-13 06:37:21,580 - __main__ - INFO -    Champion updates: 0
2025-10-13 06:37:21,580 - __main__ - INFO - 
2025-10-13 06:37:21,580 - __main__ - INFO - ================================================================================
2025-10-13 06:37:21,580 - __main__ - INFO - TEST EXECUTION SUMMARY
2025-10-13 06:37:21,580 - __main__ - INFO - ================================================================================
2025-10-13 06:37:21,580 - __main__ - INFO - Test completed: True
2025-10-13 06:37:21,580 - __main__ - INFO - Total iterations: 105
2025-10-13 06:37:21,581 - __main__ - INFO - Success rate: 95.2%
2025-10-13 06:37:21,581 - __main__ - INFO - Best Sharpe: 2.4952
2025-10-13 06:37:21,581 - __main__ - INFO - Avg Sharpe: 1.3972
2025-10-13 06:37:21,581 - __main__ - INFO - Total duration: 1.09 hours
2025-10-13 06:37:21,581 - __main__ - INFO - Final checkpoint: 
2025-10-13 06:37:21,581 - __main__ - INFO - ================================================================================
2025-10-13 06:37:21,581 - __main__ - INFO - 
2025-10-13 06:37:21,582 - __main__ - INFO - ================================================================================
2025-10-13 06:37:21,582 - __main__ - INFO - 100-ITERATION TEST - PRODUCTION READINESS REPORT
2025-10-13 06:37:21,582 - __main__ - INFO - ================================================================================
2025-10-13 06:37:21,582 - __main__ - INFO - ‚ùå STATUS: NOT READY FOR PRODUCTION
2025-10-13 06:37:21,582 - __main__ - INFO - 
2025-10-13 06:37:21,582 - __main__ - INFO - STATISTICAL METRICS:
2025-10-13 06:37:21,582 - __main__ - INFO -   Sample size: 105
2025-10-13 06:37:21,583 - __main__ - INFO -   Mean Sharpe: 1.1170
2025-10-13 06:37:21,583 - __main__ - INFO -   Std Sharpe: 0.9101
2025-10-13 06:37:21,583 - __main__ - INFO -   Range: [-0.4970, 2.4952]
2025-10-13 06:37:21,583 - __main__ - INFO - 
2025-10-13 06:37:21,583 - __main__ - INFO - LEARNING EFFECT ANALYSIS:
2025-10-13 06:37:21,583 - __main__ - INFO -   Cohen's d: 0.102 (negligible)
2025-10-13 06:37:21,583 - __main__ - INFO -   P-value: 0.3164 (not significant)
2025-10-13 06:37:21,584 - __main__ - INFO -   95% CI: [0.941, 1.293]
2025-10-13 06:37:21,584 - __main__ - INFO - 
2025-10-13 06:37:21,584 - __main__ - INFO - CONVERGENCE ANALYSIS:
2025-10-13 06:37:21,584 - __main__ - INFO -   Rolling variance: 1.102
2025-10-13 06:37:21,584 - __main__ - INFO -   Convergence achieved (œÉ<0.5): False
2025-10-13 06:37:21,584 - __main__ - INFO - 
2025-10-13 06:37:21,584 - __main__ - INFO - ADDITIONAL METRICS:
2025-10-13 06:37:21,585 - __main__ - INFO -   Champion update frequency: 1.0%
2025-10-13 06:37:21,585 - __main__ - INFO -   Avg duration per iteration: 38.69s
2025-10-13 06:37:21,586 - __main__ - INFO -   Total test duration: 1.09 hours
2025-10-13 06:37:21,586 - __main__ - INFO - 
2025-10-13 06:37:21,586 - __main__ - INFO - PHASE 1 + PHASE 2 STABILITY FEATURES:
2025-10-13 06:37:21,586 - __main__ - INFO -   Data integrity checks: 308
2025-10-13 06:37:21,587 - __main__ - INFO -   Config snapshots: 162
2025-10-13 06:37:21,587 - __main__ - INFO -   Champion updates: 0
2025-10-13 06:37:21,587 - __main__ - INFO - 
2025-10-13 06:37:21,587 - __main__ - INFO - READINESS REASONING:
2025-10-13 06:37:21,588 - __main__ - INFO -   NOT READY FOR PRODUCTION: Some criteria failed
2025-10-13 06:37:21,588 - __main__ - INFO -   Statistical significance NOT met: p-value = 0.3164 >= 0.05
2025-10-13 06:37:21,588 - __main__ - INFO -   Effect size too small: Cohen's d = 0.102 < 0.4
2025-10-13 06:37:21,588 - __main__ - INFO -   Convergence NOT achieved: rolling variance = 1.102 >= 0.5
2025-10-13 06:37:21,588 - __main__ - INFO - ================================================================================
