2025-10-16 11:01:08,299 - __main__ - INFO - ======================================================================
2025-10-16 11:01:08,299 - __main__ - INFO - 50-ITERATION PRODUCTION TEST - START
2025-10-16 11:01:08,300 - __main__ - INFO - ======================================================================
2025-10-16 11:01:08,300 - __main__ - INFO - Timestamp: 2025-10-16T11:01:08.300751
2025-10-16 11:01:08,301 - __main__ - INFO - Model: google/gemini-2.5-flash
2025-10-16 11:01:08,301 - __main__ - INFO - Target iterations: 50
2025-10-16 11:01:08,301 - __main__ - INFO - Checkpoint interval: 10
2025-10-16 11:01:08,302 - __main__ - INFO - Log file: logs/50iteration_test_20251016_110108.log
2025-10-16 11:01:08,302 - __main__ - INFO - 
2025-10-16 11:01:08,302 - __main__ - INFO - Validating Phase 1 stability features...
2025-10-16 11:01:08,303 - __main__ - INFO -   ✅ Story 6: MetricValidator available
2025-10-16 11:01:08,305 - __main__ - INFO -   ⏳ Story 5: BehavioralValidator not yet implemented
2025-10-16 11:01:08,305 - __main__ - INFO -   ✅ Story 7: DataPipelineIntegrity available
2025-10-16 11:01:08,305 - __main__ - INFO -   ✅ Story 8: ExperimentConfigManager available
2025-10-16 11:01:08,306 - __main__ - INFO - ✅ All Phase 1 features available
2025-10-16 11:01:08,306 - __main__ - INFO - 
2025-10-16 11:01:08,581 - __main__ - INFO - ✅ Finlab data loaded successfully
2025-10-16 11:01:08,582 - __main__ - INFO - Initializing ExtendedTestHarness...
2025-10-16 11:01:08,800 - autonomous_loop - WARNING - Config file not found: /mnt/c/Users/jnpi/documents/finlab/artifacts/config/learning_system.yaml, using defaults
2025-10-16 11:01:08,804 - tests.integration.extended_test_harness - INFO - Logging initialized: logs/extended_test_20251016_110108.log
2025-10-16 11:01:08,806 - tests.integration.extended_test_harness - INFO - ExtendedTestHarness initialized:
2025-10-16 11:01:08,807 - tests.integration.extended_test_harness - INFO -   Model: google/gemini-2.5-flash
2025-10-16 11:01:08,807 - tests.integration.extended_test_harness - INFO -   Target iterations: 50
2025-10-16 11:01:08,807 - tests.integration.extended_test_harness - INFO -   Checkpoint interval: 10
2025-10-16 11:01:08,808 - tests.integration.extended_test_harness - INFO -   Checkpoint dir: checkpoints
2025-10-16 11:01:08,808 - __main__ - INFO - ✅ ExtendedTestHarness initialized successfully
2025-10-16 11:01:08,809 - __main__ - INFO - 
2025-10-16 11:01:08,809 - __main__ - INFO - Starting test run...
2025-10-16 11:01:08,809 - __main__ - INFO - 
2025-10-16 11:01:08,810 - tests.integration.extended_test_harness - INFO - ======================================================================
2025-10-16 11:01:08,810 - tests.integration.extended_test_harness - INFO - STARTING EXTENDED TEST RUN
2025-10-16 11:01:08,810 - tests.integration.extended_test_harness - INFO - ======================================================================
2025-10-16 11:01:08,810 - tests.integration.extended_test_harness - INFO - Configuration:
2025-10-16 11:01:08,810 - tests.integration.extended_test_harness - INFO -   Model: google/gemini-2.5-flash
2025-10-16 11:01:08,811 - tests.integration.extended_test_harness - INFO -   Target iterations: 50
2025-10-16 11:01:08,811 - tests.integration.extended_test_harness - INFO -   Start iteration: 0
2025-10-16 11:01:08,811 - tests.integration.extended_test_harness - INFO -   Checkpoint interval: 10
2025-10-16 11:01:08,811 - tests.integration.extended_test_harness - INFO -   Checkpoint directory: checkpoints
2025-10-16 11:01:08,812 - tests.integration.extended_test_harness - INFO - 
2025-10-16 11:01:08,812 - tests.integration.extended_test_harness - INFO - 
2025-10-16 11:01:08,812 - tests.integration.extended_test_harness - INFO - ======================================================================
2025-10-16 11:01:08,812 - tests.integration.extended_test_harness - INFO - ITERATION 0/49
2025-10-16 11:01:08,813 - tests.integration.extended_test_harness - INFO - ======================================================================
2025-10-16 11:01:08,813 - tests.integration.extended_test_harness - INFO - Attempt 1/3
2025-10-16 11:01:33,917 - src.config.experiment_config_manager - INFO - Configuration snapshot saved for iteration 0
2025-10-16 11:01:38,938 - scripts.validate_code - INFO - Code validation passed - no security violations detected
2025-10-16 11:02:22,085 - tests.integration.extended_test_harness - INFO - ✅ Iteration 0 SUCCESS (duration: 73.3s)
2025-10-16 11:02:22,086 - tests.integration.extended_test_harness - INFO -    Sharpe: 0.2923
2025-10-16 11:02:22,086 - tests.integration.extended_test_harness - INFO -    Total Return: 0.5211767323649532
2025-10-16 11:02:22,087 - tests.integration.extended_test_harness - INFO -    Current Champion: Iteration 6 (Sharpe 2.4751)
2025-10-16 11:02:22,087 - tests.integration.extended_test_harness - INFO - 
2025-10-16 11:02:22,088 - tests.integration.extended_test_harness - INFO - ======================================================================
2025-10-16 11:02:22,088 - tests.integration.extended_test_harness - INFO - ITERATION 1/49
2025-10-16 11:02:22,089 - tests.integration.extended_test_harness - INFO - ======================================================================
2025-10-16 11:02:22,089 - tests.integration.extended_test_harness - INFO - Attempt 1/3
2025-10-16 11:02:43,728 - src.config.experiment_config_manager - INFO - Configuration snapshot saved for iteration 1
2025-10-16 11:02:48,499 - scripts.validate_code - INFO - Code validation passed - no security violations detected
2025-10-16 11:03:10,233 - tests.integration.extended_test_harness - ERROR - ❌ Iteration 1 EXCEPTION: 'dict' object has no attribute 'to_dict'
Traceback (most recent call last):
  File "/mnt/c/Users/jnpi/documents/finlab/tests/integration/extended_test_harness.py", line 675, in run_test
    success, status = self.loop.run_iteration(i, data)
  File "/mnt/c/Users/jnpi/documents/finlab/tests/integration/../../artifacts/working/modules/autonomous_loop.py", line 551, in run_iteration
    config_snapshot=config.to_dict() if config else None
AttributeError: 'dict' object has no attribute 'to_dict'
2025-10-16 11:03:10,346 - tests.integration.extended_test_harness - WARNING - ⚠️  Retrying iteration 1 after exception (attempt 2/3)
2025-10-16 11:03:12,352 - tests.integration.extended_test_harness - INFO - Attempt 2/3
2025-10-16 11:03:31,210 - src.config.experiment_config_manager - INFO - Configuration snapshot saved for iteration 1
2025-10-16 11:03:35,641 - scripts.validate_code - INFO - Code validation passed - no security violations detected
2025-10-16 11:03:58,853 - tests.integration.extended_test_harness - ERROR - ❌ Iteration 1 EXCEPTION: 'dict' object has no attribute 'to_dict'
Traceback (most recent call last):
  File "/mnt/c/Users/jnpi/documents/finlab/tests/integration/extended_test_harness.py", line 675, in run_test
    success, status = self.loop.run_iteration(i, data)
  File "/mnt/c/Users/jnpi/documents/finlab/tests/integration/../../artifacts/working/modules/autonomous_loop.py", line 551, in run_iteration
    config_snapshot=config.to_dict() if config else None
AttributeError: 'dict' object has no attribute 'to_dict'
2025-10-16 11:03:58,858 - tests.integration.extended_test_harness - WARNING - ⚠️  Retrying iteration 1 after exception (attempt 3/3)
2025-10-16 11:04:02,036 - tests.integration.extended_test_harness - INFO - Attempt 3/3
2025-10-16 11:04:20,642 - src.config.experiment_config_manager - INFO - Configuration snapshot saved for iteration 1
2025-10-16 11:04:26,497 - scripts.validate_code - INFO - Code validation passed - no security violations detected
2025-10-16 11:04:48,073 - tests.integration.extended_test_harness - ERROR - ❌ Iteration 1 EXCEPTION: 'dict' object has no attribute 'to_dict'
Traceback (most recent call last):
  File "/mnt/c/Users/jnpi/documents/finlab/tests/integration/extended_test_harness.py", line 675, in run_test
    success, status = self.loop.run_iteration(i, data)
  File "/mnt/c/Users/jnpi/documents/finlab/tests/integration/../../artifacts/working/modules/autonomous_loop.py", line 551, in run_iteration
    config_snapshot=config.to_dict() if config else None
AttributeError: 'dict' object has no attribute 'to_dict'
2025-10-16 11:04:48,081 - tests.integration.extended_test_harness - ERROR - ❌ Iteration 1 failed after 3 attempts due to exceptions
2025-10-16 11:04:48,081 - tests.integration.extended_test_harness - INFO - 
2025-10-16 11:04:48,081 - tests.integration.extended_test_harness - INFO - ======================================================================
2025-10-16 11:04:48,082 - tests.integration.extended_test_harness - INFO - ITERATION 2/49
2025-10-16 11:04:48,082 - tests.integration.extended_test_harness - INFO - ======================================================================
2025-10-16 11:04:48,083 - tests.integration.extended_test_harness - INFO - Attempt 1/3
2025-10-16 11:05:06,646 - src.config.experiment_config_manager - INFO - Configuration snapshot saved for iteration 2
2025-10-16 11:05:12,228 - scripts.validate_code - INFO - Code validation passed - no security violations detected
2025-10-16 11:05:36,075 - tests.integration.extended_test_harness - ERROR - ❌ Iteration 2 EXCEPTION: 'dict' object has no attribute 'to_dict'
Traceback (most recent call last):
  File "/mnt/c/Users/jnpi/documents/finlab/tests/integration/extended_test_harness.py", line 675, in run_test
    success, status = self.loop.run_iteration(i, data)
  File "/mnt/c/Users/jnpi/documents/finlab/tests/integration/../../artifacts/working/modules/autonomous_loop.py", line 551, in run_iteration
    config_snapshot=config.to_dict() if config else None
AttributeError: 'dict' object has no attribute 'to_dict'
2025-10-16 11:05:36,118 - tests.integration.extended_test_harness - WARNING - ⚠️  Retrying iteration 2 after exception (attempt 2/3)
2025-10-16 11:05:38,141 - tests.integration.extended_test_harness - INFO - Attempt 2/3
2025-10-16 11:05:59,979 - src.config.experiment_config_manager - INFO - Configuration snapshot saved for iteration 2
2025-10-16 11:06:04,375 - scripts.validate_code - INFO - Code validation passed - no security violations detected
