2025-10-12 08:31:03,926 - __main__ - INFO - ======================================================================
2025-10-12 08:31:03,927 - __main__ - INFO - 5-ITERATION TEST RUN - START
2025-10-12 08:31:03,927 - __main__ - INFO - ======================================================================
2025-10-12 08:31:03,927 - __main__ - INFO - Timestamp: 2025-10-12T08:31:03.927525
2025-10-12 08:31:03,927 - __main__ - INFO - Model: google/gemini-2.5-flash
2025-10-12 08:31:03,927 - __main__ - INFO - Target iterations: 5
2025-10-12 08:31:03,928 - __main__ - INFO - Log file: logs/5iteration_test_20251012_083103.log
2025-10-12 08:31:03,928 - __main__ - INFO - 
2025-10-12 08:31:04,266 - __main__ - INFO - ‚úÖ Finlab data loaded successfully
2025-10-12 08:31:04,296 - __main__ - INFO - 
2025-10-12 08:31:04,296 - __main__ - INFO - ======================================================================
2025-10-12 08:31:04,297 - __main__ - INFO - ITERATION 0/4 (0-indexed)
2025-10-12 08:31:04,297 - __main__ - INFO - ======================================================================
2025-10-12 08:31:04,297 - __main__ - ERROR - ‚ùå Iteration 0 EXCEPTION: 'NoneType' object has no attribute 'validation_passed'
Traceback (most recent call last):
  File "/mnt/c/Users/jnpi/Documents/finlab/run_5iteration_test.py", line 172, in run_5iteration_test
    if not record.validation_passed:
AttributeError: 'NoneType' object has no attribute 'validation_passed'
2025-10-12 08:31:04,299 - __main__ - INFO - 
2025-10-12 08:31:04,299 - __main__ - INFO - ======================================================================
2025-10-12 08:31:04,299 - __main__ - INFO - ITERATION 1/4 (0-indexed)
2025-10-12 08:31:04,299 - __main__ - INFO - ======================================================================
2025-10-12 08:31:04,300 - __main__ - ERROR - ‚ùå Iteration 1 EXCEPTION: 'NoneType' object has no attribute 'validation_passed'
Traceback (most recent call last):
  File "/mnt/c/Users/jnpi/Documents/finlab/run_5iteration_test.py", line 172, in run_5iteration_test
    if not record.validation_passed:
AttributeError: 'NoneType' object has no attribute 'validation_passed'
2025-10-12 08:31:04,300 - __main__ - INFO - 
2025-10-12 08:31:04,301 - __main__ - INFO - ======================================================================
2025-10-12 08:31:04,301 - __main__ - INFO - ITERATION 2/4 (0-indexed)
2025-10-12 08:31:04,301 - __main__ - INFO - ======================================================================
2025-10-12 08:31:04,301 - __main__ - ERROR - ‚ùå Iteration 2 EXCEPTION: 'NoneType' object has no attribute 'validation_passed'
Traceback (most recent call last):
  File "/mnt/c/Users/jnpi/Documents/finlab/run_5iteration_test.py", line 172, in run_5iteration_test
    if not record.validation_passed:
AttributeError: 'NoneType' object has no attribute 'validation_passed'
2025-10-12 08:31:04,302 - __main__ - INFO - 
2025-10-12 08:31:04,302 - __main__ - INFO - ======================================================================
2025-10-12 08:31:04,302 - __main__ - INFO - ITERATION 3/4 (0-indexed)
2025-10-12 08:31:04,302 - __main__ - INFO - ======================================================================
2025-10-12 08:31:04,302 - __main__ - ERROR - ‚ùå Iteration 3 EXCEPTION: 'NoneType' object has no attribute 'validation_passed'
Traceback (most recent call last):
  File "/mnt/c/Users/jnpi/Documents/finlab/run_5iteration_test.py", line 172, in run_5iteration_test
    if not record.validation_passed:
AttributeError: 'NoneType' object has no attribute 'validation_passed'
2025-10-12 08:31:04,303 - __main__ - INFO - 
2025-10-12 08:31:04,303 - __main__ - INFO - ======================================================================
2025-10-12 08:31:04,303 - __main__ - INFO - ITERATION 4/4 (0-indexed)
2025-10-12 08:31:04,303 - __main__ - INFO - ======================================================================
2025-10-12 08:31:04,304 - __main__ - ERROR - ‚ùå Iteration 4 EXCEPTION: 'NoneType' object has no attribute 'validation_passed'
Traceback (most recent call last):
  File "/mnt/c/Users/jnpi/Documents/finlab/run_5iteration_test.py", line 172, in run_5iteration_test
    if not record.validation_passed:
AttributeError: 'NoneType' object has no attribute 'validation_passed'
2025-10-12 08:31:04,304 - __main__ - INFO - 
2025-10-12 08:31:04,304 - __main__ - INFO - ======================================================================
2025-10-12 08:31:04,305 - __main__ - INFO - 5-ITERATION TEST - COMPLETE
2025-10-12 08:31:04,305 - __main__ - INFO - ======================================================================
2025-10-12 08:31:04,305 - __main__ - INFO - Total iterations: 5
2025-10-12 08:31:04,305 - __main__ - INFO - ‚úÖ Successful: 0
2025-10-12 08:31:04,305 - __main__ - INFO - ‚ùå Failed: 10
2025-10-12 08:31:04,305 - __main__ - INFO -    - Validation failures: 0
2025-10-12 08:31:04,306 - __main__ - INFO -    - Execution failures: 0
2025-10-12 08:31:04,306 - __main__ - INFO - Success rate: 0.0%
2025-10-12 08:31:04,306 - __main__ - INFO - 
2025-10-12 08:31:04,306 - __main__ - INFO - 
2025-10-12 08:31:04,306 - __main__ - INFO - üèÜ FINAL CHAMPION: Iteration 6
2025-10-12 08:31:04,307 - __main__ - INFO -    Sharpe: 2.4751
2025-10-12 08:31:04,307 - __main__ - INFO -    Champion updates: 0
2025-10-12 08:31:04,307 - __main__ - INFO - 
2025-10-12 08:31:04,307 - __main__ - INFO - Log file saved: logs/5iteration_test_20251012_083103.log
2025-10-12 08:31:04,307 - __main__ - INFO - ======================================================================
