2025-10-17 21:48:53,607 - __main__ - INFO - Logging initialized: logs/phase1_smoke_test_20251017_214853.log
2025-10-17 21:48:53,608 - __main__ - INFO - ======================================================================
2025-10-17 21:48:53,608 - __main__ - INFO - PHASE 1: SMOKE TEST (10 GENERATIONS)
2025-10-17 21:48:53,608 - __main__ - INFO - ======================================================================
2025-10-17 21:48:53,608 - __main__ - INFO - Timestamp: 2025-10-17T21:48:53.608537
2025-10-17 21:48:53,608 - __main__ - INFO - Mode: Population-based evolutionary learning
2025-10-17 21:48:53,609 - __main__ - INFO - Target generations: 10
2025-10-17 21:48:53,609 - __main__ - INFO - Population size: 30 (quick validation)
2025-10-17 21:48:53,609 - __main__ - INFO - Expected duration: 25-30 minutes
2025-10-17 21:48:53,609 - __main__ - INFO - Log file: logs/phase1_smoke_test_20251017_214853.log
2025-10-17 21:48:53,609 - __main__ - INFO - 
2025-10-17 21:48:53,609 - __main__ - INFO - ======================================================================
2025-10-17 21:48:53,609 - __main__ - INFO - VALIDATING PHASE 1 COMPONENTS
2025-10-17 21:48:53,610 - __main__ - INFO - ======================================================================
2025-10-17 21:48:53,610 - __main__ - INFO -   âœ… Individual available
2025-10-17 21:48:53,610 - __main__ - INFO -   âœ… PopulationManager available
2025-10-17 21:48:53,610 - __main__ - INFO -   âœ… GeneticOperators available
2025-10-17 21:48:53,610 - __main__ - INFO -   âœ… FitnessEvaluator available
2025-10-17 21:48:53,610 - __main__ - INFO -   âœ… EvolutionMonitor available
2025-10-17 21:48:53,610 - __main__ - INFO -   âœ… MomentumTemplate available
2025-10-17 21:48:53,611 - __main__ - INFO - 
2025-10-17 21:48:53,611 - __main__ - INFO - âœ… All Phase 1 components available
2025-10-17 21:48:53,611 - __main__ - INFO - ======================================================================
2025-10-17 21:48:53,611 - __main__ - INFO - 
2025-10-17 21:48:53,739 - __main__ - INFO - âœ… Finlab data loaded successfully
2025-10-17 21:48:53,740 - __main__ - INFO - Initializing Phase1TestHarness for smoke test...
2025-10-17 21:48:53,813 - tests.integration.phase0_test_harness - INFO - Logging initialized: logs/phase0_test_phase1_smoke_20251017_214853.log
2025-10-17 21:48:53,814 - tests.integration.phase0_test_harness - INFO - Phase0TestHarness initialized:
2025-10-17 21:48:53,815 - tests.integration.phase0_test_harness - INFO -   Test name: phase1_smoke
2025-10-17 21:48:53,815 - tests.integration.phase0_test_harness - INFO -   Model: N/A
2025-10-17 21:48:53,815 - tests.integration.phase0_test_harness - INFO -   Max iterations: 10
2025-10-17 21:48:53,815 - tests.integration.phase0_test_harness - INFO -   Checkpoint interval: 5
2025-10-17 21:48:53,815 - tests.integration.phase0_test_harness - INFO -   Checkpoint dir: checkpoints
2025-10-17 21:48:53,816 - tests.integration.phase0_test_harness - INFO -   Template mode: ENABLED (Momentum)
2025-10-17 21:48:53,816 - tests.integration.phase0_test_harness - INFO - ======================================================================
2025-10-17 21:48:53,816 - tests.integration.phase0_test_harness - INFO - PHASE 1 TEST HARNESS INITIALIZED
2025-10-17 21:48:53,816 - tests.integration.phase0_test_harness - INFO - ======================================================================
2025-10-17 21:48:53,816 - tests.integration.phase0_test_harness - INFO - Population-Based Evolutionary Learning Configuration:
2025-10-17 21:48:53,817 - tests.integration.phase0_test_harness - INFO -   Test name: phase1_smoke
2025-10-17 21:48:53,817 - tests.integration.phase0_test_harness - INFO -   Generations: 10
2025-10-17 21:48:53,817 - tests.integration.phase0_test_harness - INFO -   Population size: 30
2025-10-17 21:48:53,817 - tests.integration.phase0_test_harness - INFO -   Elite size: 3 (10%)
2025-10-17 21:48:53,818 - tests.integration.phase0_test_harness - INFO -   Mutation rate: 0.15 (adaptive 0.05-0.30)
2025-10-17 21:48:53,818 - tests.integration.phase0_test_harness - INFO -   Tournament size: 2
2025-10-17 21:48:53,818 - tests.integration.phase0_test_harness - INFO -   Max restarts: 2
2025-10-17 21:48:53,818 - tests.integration.phase0_test_harness - INFO -   IS period: 2015:2020 (fitness optimization)
2025-10-17 21:48:53,818 - tests.integration.phase0_test_harness - INFO -   OOS period: 2021:2024 (validation)
2025-10-17 21:48:53,819 - tests.integration.phase0_test_harness - INFO -   Checkpoint interval: 5
2025-10-17 21:48:53,819 - tests.integration.phase0_test_harness - INFO - ======================================================================
2025-10-17 21:48:53,819 - __main__ - INFO - Starting 10-generation smoke test...
2025-10-17 21:48:53,819 - __main__ - INFO - 
2025-10-17 21:48:53,819 - tests.integration.phase0_test_harness - INFO - Initializing components...
2025-10-17 21:48:53,819 - tests.integration.phase0_test_harness - INFO -   âœ… MomentumTemplate initialized
2025-10-17 21:48:53,820 - tests.integration.phase0_test_harness - INFO -   âœ… PopulationManager initialized (size=30, elites=3)
2025-10-17 21:48:53,820 - tests.integration.phase0_test_harness - INFO -   âœ… GeneticOperators initialized (mutation_rate=0.15)
2025-10-17 21:48:53,820 - tests.integration.phase0_test_harness - INFO -   âœ… FitnessEvaluator initialized (IS: 2015:2020, OOS: 2021:2024)
2025-10-17 21:48:53,820 - tests.integration.phase0_test_harness - INFO -   âœ… EvolutionMonitor initialized
2025-10-17 21:48:53,820 - tests.integration.phase0_test_harness - INFO - All components initialized successfully
2025-10-17 21:48:53,821 - tests.integration.phase0_test_harness - INFO - ======================================================================
2025-10-17 21:48:53,821 - tests.integration.phase0_test_harness - INFO - STARTING PHASE 1 EVOLUTIONARY LEARNING
2025-10-17 21:48:53,821 - tests.integration.phase0_test_harness - INFO - ======================================================================
2025-10-17 21:48:53,821 - tests.integration.phase0_test_harness - INFO - Configuration:
2025-10-17 21:48:53,822 - tests.integration.phase0_test_harness - INFO -   Population size: 30
2025-10-17 21:48:53,822 - tests.integration.phase0_test_harness - INFO -   Generations: 10
2025-10-17 21:48:53,822 - tests.integration.phase0_test_harness - INFO -   Start generation: 0
2025-10-17 21:48:53,822 - tests.integration.phase0_test_harness - INFO -   IS period: 2015:2020
2025-10-17 21:48:53,823 - tests.integration.phase0_test_harness - INFO -   OOS period: 2021:2024
2025-10-17 21:48:53,823 - tests.integration.phase0_test_harness - INFO - 
2025-10-17 21:48:53,823 - tests.integration.phase0_test_harness - INFO - ðŸ§¬ Initializing population...
2025-10-17 21:48:53,823 - __main__ - ERROR - 
2025-10-17 21:48:53,824 - __main__ - ERROR - ======================================================================
2025-10-17 21:48:53,824 - __main__ - ERROR - TEST FAILED WITH EXCEPTION
2025-10-17 21:48:53,824 - __main__ - ERROR - ======================================================================
2025-10-17 21:48:53,824 - __main__ - ERROR - Error: 'property' object has no attribute 'items'
Traceback (most recent call last):
  File "/mnt/c/Users/jnpi/Documents/finlab/run_phase1_smoke_test.py", line 212, in run_phase1_smoke_test
    results = harness.run(data=data, resume_from_checkpoint=None)
  File "/mnt/c/Users/jnpi/Documents/finlab/tests/integration/phase1_test_harness.py", line 227, in run
    self.current_population = self.population_manager.initialize_population(
  File "/mnt/c/Users/jnpi/Documents/finlab/src/population/population_manager.py", line 95, in initialize_population
    for param_name, param_values in param_grid.items()
AttributeError: 'property' object has no attribute 'items'
