2025-10-17 21:45:16,846 - __main__ - INFO - Logging initialized: logs/phase1_smoke_test_20251017_214516.log
2025-10-17 21:45:16,847 - __main__ - INFO - ======================================================================
2025-10-17 21:45:16,847 - __main__ - INFO - PHASE 1: SMOKE TEST (10 GENERATIONS)
2025-10-17 21:45:16,847 - __main__ - INFO - ======================================================================
2025-10-17 21:45:16,847 - __main__ - INFO - Timestamp: 2025-10-17T21:45:16.847779
2025-10-17 21:45:16,847 - __main__ - INFO - Mode: Population-based evolutionary learning
2025-10-17 21:45:16,848 - __main__ - INFO - Target generations: 10
2025-10-17 21:45:16,848 - __main__ - INFO - Population size: 30 (quick validation)
2025-10-17 21:45:16,848 - __main__ - INFO - Expected duration: 25-30 minutes
2025-10-17 21:45:16,848 - __main__ - INFO - Log file: logs/phase1_smoke_test_20251017_214516.log
2025-10-17 21:45:16,848 - __main__ - INFO - 
2025-10-17 21:45:16,849 - __main__ - INFO - ======================================================================
2025-10-17 21:45:16,849 - __main__ - INFO - VALIDATING PHASE 1 COMPONENTS
2025-10-17 21:45:16,849 - __main__ - INFO - ======================================================================
2025-10-17 21:45:16,849 - __main__ - INFO -   ✅ Individual available
2025-10-17 21:45:16,849 - __main__ - INFO -   ✅ PopulationManager available
2025-10-17 21:45:16,849 - __main__ - INFO -   ✅ GeneticOperators available
2025-10-17 21:45:16,850 - __main__ - INFO -   ✅ FitnessEvaluator available
2025-10-17 21:45:16,850 - __main__ - INFO -   ✅ EvolutionMonitor available
2025-10-17 21:45:16,850 - __main__ - INFO -   ✅ MomentumTemplate available
2025-10-17 21:45:16,850 - __main__ - INFO - 
2025-10-17 21:45:16,850 - __main__ - INFO - ✅ All Phase 1 components available
2025-10-17 21:45:16,850 - __main__ - INFO - ======================================================================
2025-10-17 21:45:16,851 - __main__ - INFO - 
2025-10-17 21:45:17,071 - __main__ - INFO - ✅ Finlab data loaded successfully
2025-10-17 21:45:17,072 - __main__ - INFO - Initializing Phase1TestHarness for smoke test...
2025-10-17 21:45:17,233 - tests.integration.phase0_test_harness - INFO - Logging initialized: logs/phase0_test_phase1_smoke_20251017_214517.log
2025-10-17 21:45:17,235 - tests.integration.phase0_test_harness - INFO - Phase0TestHarness initialized:
2025-10-17 21:45:17,235 - tests.integration.phase0_test_harness - INFO -   Test name: phase1_smoke
2025-10-17 21:45:17,235 - tests.integration.phase0_test_harness - INFO -   Model: N/A
2025-10-17 21:45:17,235 - tests.integration.phase0_test_harness - INFO -   Max iterations: 10
2025-10-17 21:45:17,235 - tests.integration.phase0_test_harness - INFO -   Checkpoint interval: 5
2025-10-17 21:45:17,235 - tests.integration.phase0_test_harness - INFO -   Checkpoint dir: checkpoints
2025-10-17 21:45:17,235 - tests.integration.phase0_test_harness - INFO -   Template mode: ENABLED (Momentum)
2025-10-17 21:45:17,236 - tests.integration.phase0_test_harness - INFO - ======================================================================
2025-10-17 21:45:17,236 - tests.integration.phase0_test_harness - INFO - PHASE 1 TEST HARNESS INITIALIZED
2025-10-17 21:45:17,236 - tests.integration.phase0_test_harness - INFO - ======================================================================
2025-10-17 21:45:17,236 - tests.integration.phase0_test_harness - INFO - Population-Based Evolutionary Learning Configuration:
2025-10-17 21:45:17,236 - tests.integration.phase0_test_harness - INFO -   Test name: phase1_smoke
2025-10-17 21:45:17,236 - tests.integration.phase0_test_harness - INFO -   Generations: 10
2025-10-17 21:45:17,237 - tests.integration.phase0_test_harness - INFO -   Population size: 30
2025-10-17 21:45:17,237 - tests.integration.phase0_test_harness - INFO -   Elite size: 3 (10%)
2025-10-17 21:45:17,237 - tests.integration.phase0_test_harness - INFO -   Mutation rate: 0.15 (adaptive 0.05-0.30)
2025-10-17 21:45:17,237 - tests.integration.phase0_test_harness - INFO -   Tournament size: 2
2025-10-17 21:45:17,237 - tests.integration.phase0_test_harness - INFO -   Max restarts: 2
2025-10-17 21:45:17,238 - tests.integration.phase0_test_harness - INFO -   IS period: 2015:2020 (fitness optimization)
2025-10-17 21:45:17,238 - tests.integration.phase0_test_harness - INFO -   OOS period: 2021:2024 (validation)
2025-10-17 21:45:17,238 - tests.integration.phase0_test_harness - INFO -   Checkpoint interval: 5
2025-10-17 21:45:17,238 - tests.integration.phase0_test_harness - INFO - ======================================================================
2025-10-17 21:45:17,238 - __main__ - INFO - Starting 10-generation smoke test...
2025-10-17 21:45:17,239 - __main__ - INFO - 
2025-10-17 21:45:17,239 - tests.integration.phase0_test_harness - INFO - Initializing components...
2025-10-17 21:45:17,239 - tests.integration.phase0_test_harness - INFO -   ✅ MomentumTemplate initialized
2025-10-17 21:45:17,239 - tests.integration.phase0_test_harness - INFO -   ✅ PopulationManager initialized (size=30, elites=3)
2025-10-17 21:45:17,239 - tests.integration.phase0_test_harness - INFO -   ✅ GeneticOperators initialized (mutation_rate=0.15)
2025-10-17 21:45:17,240 - __main__ - ERROR - 
2025-10-17 21:45:17,240 - __main__ - ERROR - ======================================================================
2025-10-17 21:45:17,240 - __main__ - ERROR - TEST FAILED WITH EXCEPTION
2025-10-17 21:45:17,240 - __main__ - ERROR - ======================================================================
2025-10-17 21:45:17,240 - __main__ - ERROR - Error: 'module' object is not subscriptable
Traceback (most recent call last):
  File "/mnt/c/Users/jnpi/Documents/finlab/run_phase1_smoke_test.py", line 212, in run_phase1_smoke_test
    results = harness.run(data=data, resume_from_checkpoint=None)
  File "/mnt/c/Users/jnpi/Documents/finlab/tests/integration/phase1_test_harness.py", line 192, in run
    self._initialize_components(data)
  File "/mnt/c/Users/jnpi/Documents/finlab/tests/integration/phase1_test_harness.py", line 434, in _initialize_components
    self.fitness_evaluator = FitnessEvaluator(
  File "/mnt/c/Users/jnpi/Documents/finlab/src/population/fitness_evaluator.py", line 71, in __init__
    self.data_is = data[is_start:is_end]
TypeError: 'module' object is not subscriptable
