2025-10-17 11:48:25,391 - __main__ - INFO - Logging initialized: logs/phase0_smoke_test_20251017_114825.log
2025-10-17 11:48:25,391 - __main__ - INFO - ======================================================================
2025-10-17 11:48:25,392 - __main__ - INFO - PHASE 0: 5-ITERATION TEMPLATE MODE SMOKE TEST
2025-10-17 11:48:25,393 - __main__ - INFO - ======================================================================
2025-10-17 11:48:25,394 - __main__ - INFO - Timestamp: 2025-10-17T11:48:25.394435
2025-10-17 11:48:25,395 - __main__ - INFO - Model: gemini-2.5-flash
2025-10-17 11:48:25,396 - __main__ - INFO - Target iterations: 5
2025-10-17 11:48:25,397 - __main__ - INFO - Mode: Template mode (Momentum)
2025-10-17 11:48:25,398 - __main__ - INFO - Log file: logs/phase0_smoke_test_20251017_114825.log
2025-10-17 11:48:25,398 - __main__ - INFO - 
2025-10-17 11:48:25,399 - __main__ - INFO - ======================================================================
2025-10-17 11:48:25,400 - __main__ - INFO - VALIDATING PHASE 0 COMPONENTS
2025-10-17 11:48:25,401 - __main__ - INFO - ======================================================================
2025-10-17 11:48:25,811 - __main__ - INFO -   âœ… MomentumTemplate available
2025-10-17 11:48:25,943 - __main__ - INFO -   âœ… TemplateParameterGenerator available
2025-10-17 11:48:25,944 - __main__ - INFO -   âœ… StrategyValidator available
2025-10-17 11:48:25,944 - __main__ - INFO - 
2025-10-17 11:48:25,944 - __main__ - INFO - âœ… All Phase 0 components available
2025-10-17 11:48:25,944 - __main__ - INFO - ======================================================================
2025-10-17 11:48:25,945 - __main__ - INFO - 
2025-10-17 11:48:26,368 - __main__ - INFO - âœ… Finlab data loaded successfully
2025-10-17 11:48:26,369 - __main__ - INFO - Initializing Phase0TestHarness for smoke test...
2025-10-17 11:48:26,646 - phase0_test_harness - INFO - Logging initialized: logs/phase0_test_smoke_test_20251017_114826.log
2025-10-17 11:48:26,650 - phase0_test_harness - INFO - Phase0TestHarness initialized:
2025-10-17 11:48:26,651 - phase0_test_harness - INFO -   Test name: smoke_test
2025-10-17 11:48:26,652 - phase0_test_harness - INFO -   Model: gemini-2.5-flash
2025-10-17 11:48:26,652 - phase0_test_harness - INFO -   Max iterations: 5
2025-10-17 11:48:26,653 - phase0_test_harness - INFO -   Checkpoint interval: 5
2025-10-17 11:48:26,653 - phase0_test_harness - INFO -   Checkpoint dir: checkpoints
2025-10-17 11:48:26,654 - phase0_test_harness - INFO -   Template mode: ENABLED (Momentum)
2025-10-17 11:48:26,655 - __main__ - INFO - Starting 5-iteration template mode test...
2025-10-17 11:48:26,655 - __main__ - INFO - 
2025-10-17 11:48:26,656 - phase0_test_harness - INFO - ======================================================================
2025-10-17 11:48:26,657 - phase0_test_harness - INFO - STARTING PHASE 0 TEMPLATE MODE TEST
2025-10-17 11:48:26,658 - phase0_test_harness - INFO - ======================================================================
2025-10-17 11:48:26,658 - phase0_test_harness - INFO - Configuration:
2025-10-17 11:48:26,658 - phase0_test_harness - INFO -   Test name: smoke_test
2025-10-17 11:48:26,659 - phase0_test_harness - INFO -   Model: gemini-2.5-flash
2025-10-17 11:48:26,659 - phase0_test_harness - INFO -   Template: Momentum
2025-10-17 11:48:26,660 - phase0_test_harness - INFO -   Max iterations: 5
2025-10-17 11:48:26,661 - phase0_test_harness - INFO -   Start iteration: 0
2025-10-17 11:48:26,661 - phase0_test_harness - INFO -   Checkpoint interval: 5
2025-10-17 11:48:26,662 - phase0_test_harness - INFO - 
2025-10-17 11:48:26,663 - phase0_test_harness - INFO - 
2025-10-17 11:48:26,664 - phase0_test_harness - INFO - ======================================================================
2025-10-17 11:48:26,664 - phase0_test_harness - INFO - ITERATION 0/4
2025-10-17 11:48:26,665 - phase0_test_harness - INFO - ======================================================================
2025-10-17 11:48:26,665 - phase0_test_harness - INFO - Attempt 1/3
2025-10-17 11:48:26,666 - autonomous_loop - INFO - Context created with champion (Sharpe: 2.4751)
2025-10-17 11:48:26,667 - src.generators.template_parameter_generator - INFO - Starting parameter generation for iteration 0
2025-10-17 11:48:26,669 - src.generators.template_parameter_generator - INFO - Calling LLM for parameters (iteration=0, exploration=False, temperature=0.7)
2025-10-17 11:48:34,407 - src.generators.template_parameter_generator - INFO - LLM response received: 2327 characters
2025-10-17 11:48:34,409 - src.generators.template_parameter_generator - ERROR - Failed to parse LLM response. Response preview: # 1. Load data
close = data.get('price:æ”¶ç›¤åƒ¹')
trading_value = data.get('price:æˆäº¤é‡‘é¡')
volume = data.get('price:æˆäº¤è‚¡æ•¸')
roe = data.get('fundamental_features:ROEç¨…å¾Œ')
revenue_yoy = data.get('monthly_revenue...
2025-10-17 11:48:34,410 - src.generators.template_parameter_generator - ERROR - Parameter generation failed with ValueError: Failed to parse LLM response. Response preview: # 1. Load data
close = data.get('price:æ”¶ç›¤åƒ¹')
trading_value = data.get('price:æˆäº¤é‡‘é¡')
volume = data.get('price:æˆäº¤è‚¡æ•¸')
roe = data.get('fundamental_features:ROEç¨…å¾Œ')
revenue_yoy = data.get('monthly_revenue...
2025-10-17 11:48:34,410 - autonomous_loop - ERROR - Parameter generation failed: Failed to parse LLM response. Response preview: # 1. Load data
close = data.get('price:æ”¶ç›¤åƒ¹')
trading_value = data.get('price:æˆäº¤é‡‘é¡')
volume = data.get('price:æˆäº¤è‚¡æ•¸')
roe = data.get('fundamental_features:ROEç¨…å¾Œ')
revenue_yoy = data.get('monthly_revenue...
2025-10-17 11:48:34,411 - autonomous_loop - ERROR - Template mode iteration failed: Parameter generation failed: Failed to parse LLM response. Response preview: # 1. Load data
close = data.get('price:æ”¶ç›¤åƒ¹')
trading_value = data.get('price:æˆäº¤é‡‘é¡')
volume = data.get('price:æˆäº¤è‚¡æ•¸')
roe = data.get('fundamental_features:ROEç¨…å¾Œ')
revenue_yoy = data.get('monthly_revenue...
2025-10-17 11:48:34,420 - phase0_test_harness - ERROR - âŒ Iteration 0 FAILED: FAILED
2025-10-17 11:48:34,421 - phase0_test_harness - WARNING - âš ï¸  Retrying iteration 0 (attempt 2/3)
2025-10-17 11:48:36,423 - phase0_test_harness - INFO - Attempt 2/3
2025-10-17 11:48:36,424 - autonomous_loop - INFO - Context created with champion (Sharpe: 2.4751)
2025-10-17 11:48:36,434 - src.generators.template_parameter_generator - INFO - Starting parameter generation for iteration 0
2025-10-17 11:48:36,435 - src.generators.template_parameter_generator - INFO - Calling LLM for parameters (iteration=0, exploration=False, temperature=0.7)
2025-10-17 11:48:40,427 - src.generators.template_parameter_generator - INFO - LLM response received: 2451 characters
2025-10-17 11:48:40,429 - src.generators.template_parameter_generator - ERROR - Failed to parse LLM response. Response preview: # 1. Load data
close = data.get('price:æ”¶ç›¤åƒ¹')
trading_value = data.get('price:æˆäº¤é‡‘é¡')
volume = data.get('price:æˆäº¤è‚¡æ•¸')
roe = data.get('fundamental_features:ROEç¨…å¾Œ')
revenue_yoy = data.get('monthly_revenue...
2025-10-17 11:48:40,429 - src.generators.template_parameter_generator - ERROR - Parameter generation failed with ValueError: Failed to parse LLM response. Response preview: # 1. Load data
close = data.get('price:æ”¶ç›¤åƒ¹')
trading_value = data.get('price:æˆäº¤é‡‘é¡')
volume = data.get('price:æˆäº¤è‚¡æ•¸')
roe = data.get('fundamental_features:ROEç¨…å¾Œ')
revenue_yoy = data.get('monthly_revenue...
2025-10-17 11:48:40,430 - autonomous_loop - ERROR - Parameter generation failed: Failed to parse LLM response. Response preview: # 1. Load data
close = data.get('price:æ”¶ç›¤åƒ¹')
trading_value = data.get('price:æˆäº¤é‡‘é¡')
volume = data.get('price:æˆäº¤è‚¡æ•¸')
roe = data.get('fundamental_features:ROEç¨…å¾Œ')
revenue_yoy = data.get('monthly_revenue...
2025-10-17 11:48:40,431 - autonomous_loop - ERROR - Template mode iteration failed: Parameter generation failed: Failed to parse LLM response. Response preview: # 1. Load data
close = data.get('price:æ”¶ç›¤åƒ¹')
trading_value = data.get('price:æˆäº¤é‡‘é¡')
volume = data.get('price:æˆäº¤è‚¡æ•¸')
roe = data.get('fundamental_features:ROEç¨…å¾Œ')
revenue_yoy = data.get('monthly_revenue...
2025-10-17 11:48:40,445 - phase0_test_harness - ERROR - âŒ Iteration 0 FAILED: FAILED
2025-10-17 11:48:40,446 - phase0_test_harness - WARNING - âš ï¸  Retrying iteration 0 (attempt 3/3)
2025-10-17 11:48:42,449 - phase0_test_harness - INFO - Attempt 3/3
2025-10-17 11:48:42,450 - autonomous_loop - INFO - Context created with champion (Sharpe: 2.4751)
2025-10-17 11:48:42,450 - src.generators.template_parameter_generator - INFO - Starting parameter generation for iteration 0
2025-10-17 11:48:42,451 - src.generators.template_parameter_generator - INFO - Calling LLM for parameters (iteration=0, exploration=False, temperature=0.7)
2025-10-17 11:48:47,149 - src.generators.template_parameter_generator - INFO - LLM response received: 2632 characters
2025-10-17 11:48:47,151 - src.generators.template_parameter_generator - ERROR - Failed to parse LLM response. Response preview: # 1. Load data
close = data.get('price:æ”¶ç›¤åƒ¹')
trading_value = data.get('price:æˆäº¤é‡‘é¡')
volume = data.get('price:æˆäº¤è‚¡æ•¸')
roe = data.get('fundamental_features:ROEç¨…å¾Œ')
revenue_yoy = data.get('monthly_revenue...
2025-10-17 11:48:47,151 - src.generators.template_parameter_generator - ERROR - Parameter generation failed with ValueError: Failed to parse LLM response. Response preview: # 1. Load data
close = data.get('price:æ”¶ç›¤åƒ¹')
trading_value = data.get('price:æˆäº¤é‡‘é¡')
volume = data.get('price:æˆäº¤è‚¡æ•¸')
roe = data.get('fundamental_features:ROEç¨…å¾Œ')
revenue_yoy = data.get('monthly_revenue...
2025-10-17 11:48:47,152 - autonomous_loop - ERROR - Parameter generation failed: Failed to parse LLM response. Response preview: # 1. Load data
close = data.get('price:æ”¶ç›¤åƒ¹')
trading_value = data.get('price:æˆäº¤é‡‘é¡')
volume = data.get('price:æˆäº¤è‚¡æ•¸')
roe = data.get('fundamental_features:ROEç¨…å¾Œ')
revenue_yoy = data.get('monthly_revenue...
2025-10-17 11:48:47,153 - autonomous_loop - ERROR - Template mode iteration failed: Parameter generation failed: Failed to parse LLM response. Response preview: # 1. Load data
close = data.get('price:æ”¶ç›¤åƒ¹')
trading_value = data.get('price:æˆäº¤é‡‘é¡')
volume = data.get('price:æˆäº¤è‚¡æ•¸')
roe = data.get('fundamental_features:ROEç¨…å¾Œ')
revenue_yoy = data.get('monthly_revenue...
2025-10-17 11:48:47,165 - phase0_test_harness - ERROR - âŒ Iteration 0 FAILED: FAILED
2025-10-17 11:48:47,166 - phase0_test_harness - ERROR - âŒ Iteration 0 failed after 3 attempts
2025-10-17 11:48:47,167 - phase0_test_harness - INFO - 
2025-10-17 11:48:47,167 - phase0_test_harness - INFO - â”€â”€â”€â”€â”€â”€â”€â”€â”€â”€â”€â”€â”€â”€â”€â”€â”€â”€â”€â”€â”€â”€â”€â”€â”€â”€â”€â”€â”€â”€â”€â”€â”€â”€â”€â”€â”€â”€â”€â”€â”€â”€â”€â”€â”€â”€â”€â”€â”€â”€â”€â”€â”€â”€â”€â”€â”€â”€â”€â”€â”€â”€â”€â”€â”€â”€â”€â”€â”€â”€
2025-10-17 11:48:47,167 - phase0_test_harness - INFO - PROGRESS UPDATE
2025-10-17 11:48:47,168 - phase0_test_harness - INFO - â”€â”€â”€â”€â”€â”€â”€â”€â”€â”€â”€â”€â”€â”€â”€â”€â”€â”€â”€â”€â”€â”€â”€â”€â”€â”€â”€â”€â”€â”€â”€â”€â”€â”€â”€â”€â”€â”€â”€â”€â”€â”€â”€â”€â”€â”€â”€â”€â”€â”€â”€â”€â”€â”€â”€â”€â”€â”€â”€â”€â”€â”€â”€â”€â”€â”€â”€â”€â”€â”€
2025-10-17 11:48:47,168 - phase0_test_harness - INFO - Iteration: 1/5 (20.0%)
2025-10-17 11:48:47,169 - phase0_test_harness - INFO - Champion updates: 0 (0.0%)
2025-10-17 11:48:47,169 - phase0_test_harness - INFO - Current champion: Iteration 6 (Sharpe: 2.4751)
2025-10-17 11:48:47,169 - phase0_test_harness - INFO - Parameter diversity: 0 unique combinations (0.0%)
2025-10-17 11:48:47,170 - phase0_test_harness - INFO - Avg iteration time: 14.0s
2025-10-17 11:48:47,170 - phase0_test_harness - INFO - ETA: 0.9 minutes (56s)
2025-10-17 11:48:47,170 - phase0_test_harness - INFO - â”€â”€â”€â”€â”€â”€â”€â”€â”€â”€â”€â”€â”€â”€â”€â”€â”€â”€â”€â”€â”€â”€â”€â”€â”€â”€â”€â”€â”€â”€â”€â”€â”€â”€â”€â”€â”€â”€â”€â”€â”€â”€â”€â”€â”€â”€â”€â”€â”€â”€â”€â”€â”€â”€â”€â”€â”€â”€â”€â”€â”€â”€â”€â”€â”€â”€â”€â”€â”€â”€
2025-10-17 11:48:47,171 - phase0_test_harness - INFO - 
2025-10-17 11:48:47,171 - phase0_test_harness - INFO - ======================================================================
2025-10-17 11:48:47,172 - phase0_test_harness - INFO - ITERATION 1/4
2025-10-17 11:48:47,172 - phase0_test_harness - INFO - ======================================================================
2025-10-17 11:48:47,172 - phase0_test_harness - INFO - Attempt 1/3
2025-10-17 11:48:47,173 - autonomous_loop - INFO - Context created with champion (Sharpe: 2.4751)
2025-10-17 11:48:47,173 - src.generators.template_parameter_generator - INFO - Starting parameter generation for iteration 1
2025-10-17 11:48:47,174 - src.generators.template_parameter_generator - INFO - Calling LLM for parameters (iteration=1, exploration=False, temperature=0.7)
2025-10-17 11:48:51,167 - src.generators.template_parameter_generator - INFO - LLM response received: 2560 characters
2025-10-17 11:48:51,168 - src.generators.template_parameter_generator - ERROR - Failed to parse LLM response. Response preview: # 1. Load data
close = data.get('price:æ”¶ç›¤åƒ¹')
trading_value = data.get('price:æˆäº¤é‡‘é¡')
volume = data.get('price:æˆäº¤è‚¡æ•¸')
roe = data.get('fundamental_features:ROEç¨…å¾Œ')
revenue_yoy = data.get('monthly_revenue...
2025-10-17 11:48:51,169 - src.generators.template_parameter_generator - ERROR - Parameter generation failed with ValueError: Failed to parse LLM response. Response preview: # 1. Load data
close = data.get('price:æ”¶ç›¤åƒ¹')
trading_value = data.get('price:æˆäº¤é‡‘é¡')
volume = data.get('price:æˆäº¤è‚¡æ•¸')
roe = data.get('fundamental_features:ROEç¨…å¾Œ')
revenue_yoy = data.get('monthly_revenue...
2025-10-17 11:48:51,169 - autonomous_loop - ERROR - Parameter generation failed: Failed to parse LLM response. Response preview: # 1. Load data
close = data.get('price:æ”¶ç›¤åƒ¹')
trading_value = data.get('price:æˆäº¤é‡‘é¡')
volume = data.get('price:æˆäº¤è‚¡æ•¸')
roe = data.get('fundamental_features:ROEç¨…å¾Œ')
revenue_yoy = data.get('monthly_revenue...
2025-10-17 11:48:51,169 - autonomous_loop - ERROR - Template mode iteration failed: Parameter generation failed: Failed to parse LLM response. Response preview: # 1. Load data
close = data.get('price:æ”¶ç›¤åƒ¹')
trading_value = data.get('price:æˆäº¤é‡‘é¡')
volume = data.get('price:æˆäº¤è‚¡æ•¸')
roe = data.get('fundamental_features:ROEç¨…å¾Œ')
revenue_yoy = data.get('monthly_revenue...
2025-10-17 11:48:51,186 - phase0_test_harness - ERROR - âŒ Iteration 1 FAILED: FAILED
2025-10-17 11:48:51,187 - phase0_test_harness - WARNING - âš ï¸  Retrying iteration 1 (attempt 2/3)
2025-10-17 11:48:53,189 - phase0_test_harness - INFO - Attempt 2/3
2025-10-17 11:48:53,190 - autonomous_loop - INFO - Context created with champion (Sharpe: 2.4751)
2025-10-17 11:48:53,190 - src.generators.template_parameter_generator - INFO - Starting parameter generation for iteration 1
2025-10-17 11:48:53,191 - src.generators.template_parameter_generator - INFO - Calling LLM for parameters (iteration=1, exploration=False, temperature=0.7)
2025-10-17 11:48:56,630 - src.generators.template_parameter_generator - INFO - LLM response received: 2447 characters
2025-10-17 11:48:56,632 - src.generators.template_parameter_generator - ERROR - Failed to parse LLM response. Response preview: # 1. Load data
close = data.get('price:æ”¶ç›¤åƒ¹')
trading_value = data.get('price:æˆäº¤é‡‘é¡')
volume = data.get('price:æˆäº¤è‚¡æ•¸')
roe = data.get('fundamental_features:ROEç¨…å¾Œ')
revenue_yoy = data.get('monthly_revenue...
2025-10-17 11:48:56,632 - src.generators.template_parameter_generator - ERROR - Parameter generation failed with ValueError: Failed to parse LLM response. Response preview: # 1. Load data
close = data.get('price:æ”¶ç›¤åƒ¹')
trading_value = data.get('price:æˆäº¤é‡‘é¡')
volume = data.get('price:æˆäº¤è‚¡æ•¸')
roe = data.get('fundamental_features:ROEç¨…å¾Œ')
revenue_yoy = data.get('monthly_revenue...
2025-10-17 11:48:56,633 - autonomous_loop - ERROR - Parameter generation failed: Failed to parse LLM response. Response preview: # 1. Load data
close = data.get('price:æ”¶ç›¤åƒ¹')
trading_value = data.get('price:æˆäº¤é‡‘é¡')
volume = data.get('price:æˆäº¤è‚¡æ•¸')
roe = data.get('fundamental_features:ROEç¨…å¾Œ')
revenue_yoy = data.get('monthly_revenue...
2025-10-17 11:48:56,634 - autonomous_loop - ERROR - Template mode iteration failed: Parameter generation failed: Failed to parse LLM response. Response preview: # 1. Load data
close = data.get('price:æ”¶ç›¤åƒ¹')
trading_value = data.get('price:æˆäº¤é‡‘é¡')
volume = data.get('price:æˆäº¤è‚¡æ•¸')
roe = data.get('fundamental_features:ROEç¨…å¾Œ')
revenue_yoy = data.get('monthly_revenue...
2025-10-17 11:48:56,644 - phase0_test_harness - ERROR - âŒ Iteration 1 FAILED: FAILED
2025-10-17 11:48:56,645 - phase0_test_harness - WARNING - âš ï¸  Retrying iteration 1 (attempt 3/3)
2025-10-17 11:48:58,648 - phase0_test_harness - INFO - Attempt 3/3
2025-10-17 11:48:58,649 - autonomous_loop - INFO - Context created with champion (Sharpe: 2.4751)
2025-10-17 11:48:58,649 - src.generators.template_parameter_generator - INFO - Starting parameter generation for iteration 1
2025-10-17 11:48:58,650 - src.generators.template_parameter_generator - INFO - Calling LLM for parameters (iteration=1, exploration=False, temperature=0.7)
2025-10-17 11:49:01,730 - src.generators.template_parameter_generator - INFO - LLM response received: 2043 characters
2025-10-17 11:49:01,731 - src.generators.template_parameter_generator - ERROR - Failed to parse LLM response. Response preview: # 1. Load data
close = data.get('price:æ”¶ç›¤åƒ¹')
trading_value = data.get('price:æˆäº¤é‡‘é¡')
volume = data.get('price:æˆäº¤è‚¡æ•¸')
roe = data.get('fundamental_features:ROEç¨…å¾Œ')
revenue_yoy = data.get('monthly_revenue...
2025-10-17 11:49:01,732 - src.generators.template_parameter_generator - ERROR - Parameter generation failed with ValueError: Failed to parse LLM response. Response preview: # 1. Load data
close = data.get('price:æ”¶ç›¤åƒ¹')
trading_value = data.get('price:æˆäº¤é‡‘é¡')
volume = data.get('price:æˆäº¤è‚¡æ•¸')
roe = data.get('fundamental_features:ROEç¨…å¾Œ')
revenue_yoy = data.get('monthly_revenue...
2025-10-17 11:49:01,733 - autonomous_loop - ERROR - Parameter generation failed: Failed to parse LLM response. Response preview: # 1. Load data
close = data.get('price:æ”¶ç›¤åƒ¹')
trading_value = data.get('price:æˆäº¤é‡‘é¡')
volume = data.get('price:æˆäº¤è‚¡æ•¸')
roe = data.get('fundamental_features:ROEç¨…å¾Œ')
revenue_yoy = data.get('monthly_revenue...
2025-10-17 11:49:01,733 - autonomous_loop - ERROR - Template mode iteration failed: Parameter generation failed: Failed to parse LLM response. Response preview: # 1. Load data
close = data.get('price:æ”¶ç›¤åƒ¹')
trading_value = data.get('price:æˆäº¤é‡‘é¡')
volume = data.get('price:æˆäº¤è‚¡æ•¸')
roe = data.get('fundamental_features:ROEç¨…å¾Œ')
revenue_yoy = data.get('monthly_revenue...
2025-10-17 11:49:01,749 - phase0_test_harness - ERROR - âŒ Iteration 1 FAILED: FAILED
2025-10-17 11:49:01,750 - phase0_test_harness - ERROR - âŒ Iteration 1 failed after 3 attempts
2025-10-17 11:49:01,750 - phase0_test_harness - INFO - 
2025-10-17 11:49:01,751 - phase0_test_harness - INFO - â”€â”€â”€â”€â”€â”€â”€â”€â”€â”€â”€â”€â”€â”€â”€â”€â”€â”€â”€â”€â”€â”€â”€â”€â”€â”€â”€â”€â”€â”€â”€â”€â”€â”€â”€â”€â”€â”€â”€â”€â”€â”€â”€â”€â”€â”€â”€â”€â”€â”€â”€â”€â”€â”€â”€â”€â”€â”€â”€â”€â”€â”€â”€â”€â”€â”€â”€â”€â”€â”€
2025-10-17 11:49:01,751 - phase0_test_harness - INFO - PROGRESS UPDATE
2025-10-17 11:49:01,752 - phase0_test_harness - INFO - â”€â”€â”€â”€â”€â”€â”€â”€â”€â”€â”€â”€â”€â”€â”€â”€â”€â”€â”€â”€â”€â”€â”€â”€â”€â”€â”€â”€â”€â”€â”€â”€â”€â”€â”€â”€â”€â”€â”€â”€â”€â”€â”€â”€â”€â”€â”€â”€â”€â”€â”€â”€â”€â”€â”€â”€â”€â”€â”€â”€â”€â”€â”€â”€â”€â”€â”€â”€â”€â”€
2025-10-17 11:49:01,752 - phase0_test_harness - INFO - Iteration: 2/5 (40.0%)
2025-10-17 11:49:01,753 - phase0_test_harness - INFO - Champion updates: 0 (0.0%)
2025-10-17 11:49:01,753 - phase0_test_harness - INFO - Current champion: Iteration 6 (Sharpe: 2.4751)
2025-10-17 11:49:01,754 - phase0_test_harness - INFO - Parameter diversity: 0 unique combinations (0.0%)
2025-10-17 11:49:01,754 - phase0_test_harness - INFO - Avg iteration time: 11.7s
2025-10-17 11:49:01,755 - phase0_test_harness - INFO - ETA: 0.6 minutes (35s)
2025-10-17 11:49:01,755 - phase0_test_harness - INFO - â”€â”€â”€â”€â”€â”€â”€â”€â”€â”€â”€â”€â”€â”€â”€â”€â”€â”€â”€â”€â”€â”€â”€â”€â”€â”€â”€â”€â”€â”€â”€â”€â”€â”€â”€â”€â”€â”€â”€â”€â”€â”€â”€â”€â”€â”€â”€â”€â”€â”€â”€â”€â”€â”€â”€â”€â”€â”€â”€â”€â”€â”€â”€â”€â”€â”€â”€â”€â”€â”€
2025-10-17 11:49:01,756 - phase0_test_harness - INFO - 
2025-10-17 11:49:01,757 - phase0_test_harness - INFO - ======================================================================
2025-10-17 11:49:01,758 - phase0_test_harness - INFO - ITERATION 2/4
2025-10-17 11:49:01,758 - phase0_test_harness - INFO - ======================================================================
2025-10-17 11:49:01,759 - phase0_test_harness - INFO - Attempt 1/3
2025-10-17 11:49:01,760 - autonomous_loop - INFO - Context created with champion (Sharpe: 2.4751)
2025-10-17 11:49:01,761 - src.generators.template_parameter_generator - INFO - Starting parameter generation for iteration 2
2025-10-17 11:49:01,761 - src.generators.template_parameter_generator - INFO - Calling LLM for parameters (iteration=2, exploration=False, temperature=0.7)
2025-10-17 11:49:07,225 - src.generators.template_parameter_generator - INFO - LLM response received: 2599 characters
2025-10-17 11:49:07,226 - src.generators.template_parameter_generator - ERROR - Failed to parse LLM response. Response preview: # 1. Load data
close = data.get('price:æ”¶ç›¤åƒ¹')
trading_value = data.get('price:æˆäº¤é‡‘é¡')
volume = data.get('price:æˆäº¤è‚¡æ•¸')
roe = data.get('fundamental_features:ROEç¨…å¾Œ')
revenue_yoy = data.get('monthly_revenue...
2025-10-17 11:49:07,227 - src.generators.template_parameter_generator - ERROR - Parameter generation failed with ValueError: Failed to parse LLM response. Response preview: # 1. Load data
close = data.get('price:æ”¶ç›¤åƒ¹')
trading_value = data.get('price:æˆäº¤é‡‘é¡')
volume = data.get('price:æˆäº¤è‚¡æ•¸')
roe = data.get('fundamental_features:ROEç¨…å¾Œ')
revenue_yoy = data.get('monthly_revenue...
2025-10-17 11:49:07,228 - autonomous_loop - ERROR - Parameter generation failed: Failed to parse LLM response. Response preview: # 1. Load data
close = data.get('price:æ”¶ç›¤åƒ¹')
trading_value = data.get('price:æˆäº¤é‡‘é¡')
volume = data.get('price:æˆäº¤è‚¡æ•¸')
roe = data.get('fundamental_features:ROEç¨…å¾Œ')
revenue_yoy = data.get('monthly_revenue...
2025-10-17 11:49:07,228 - autonomous_loop - ERROR - Template mode iteration failed: Parameter generation failed: Failed to parse LLM response. Response preview: # 1. Load data
close = data.get('price:æ”¶ç›¤åƒ¹')
trading_value = data.get('price:æˆäº¤é‡‘é¡')
volume = data.get('price:æˆäº¤è‚¡æ•¸')
roe = data.get('fundamental_features:ROEç¨…å¾Œ')
revenue_yoy = data.get('monthly_revenue...
2025-10-17 11:49:07,243 - phase0_test_harness - ERROR - âŒ Iteration 2 FAILED: FAILED
2025-10-17 11:49:07,244 - phase0_test_harness - WARNING - âš ï¸  Retrying iteration 2 (attempt 2/3)
2025-10-17 11:49:09,249 - phase0_test_harness - INFO - Attempt 2/3
2025-10-17 11:49:09,250 - autonomous_loop - INFO - Context created with champion (Sharpe: 2.4751)
2025-10-17 11:49:09,251 - src.generators.template_parameter_generator - INFO - Starting parameter generation for iteration 2
2025-10-17 11:49:09,251 - src.generators.template_parameter_generator - INFO - Calling LLM for parameters (iteration=2, exploration=False, temperature=0.7)
2025-10-17 11:49:13,702 - src.generators.template_parameter_generator - INFO - LLM response received: 2383 characters
2025-10-17 11:49:13,704 - src.generators.template_parameter_generator - ERROR - Failed to parse LLM response. Response preview: # 1. Load data
close = data.get('price:æ”¶ç›¤åƒ¹')
trading_value = data.get('price:æˆäº¤é‡‘é¡')
volume = data.get('price:æˆäº¤è‚¡æ•¸')
roe = data.get('fundamental_features:ROEç¨…å¾Œ')
revenue_yoy = data.get('monthly_revenue...
2025-10-17 11:49:13,704 - src.generators.template_parameter_generator - ERROR - Parameter generation failed with ValueError: Failed to parse LLM response. Response preview: # 1. Load data
close = data.get('price:æ”¶ç›¤åƒ¹')
trading_value = data.get('price:æˆäº¤é‡‘é¡')
volume = data.get('price:æˆäº¤è‚¡æ•¸')
roe = data.get('fundamental_features:ROEç¨…å¾Œ')
revenue_yoy = data.get('monthly_revenue...
2025-10-17 11:49:13,705 - autonomous_loop - ERROR - Parameter generation failed: Failed to parse LLM response. Response preview: # 1. Load data
close = data.get('price:æ”¶ç›¤åƒ¹')
trading_value = data.get('price:æˆäº¤é‡‘é¡')
volume = data.get('price:æˆäº¤è‚¡æ•¸')
roe = data.get('fundamental_features:ROEç¨…å¾Œ')
revenue_yoy = data.get('monthly_revenue...
2025-10-17 11:49:13,705 - autonomous_loop - ERROR - Template mode iteration failed: Parameter generation failed: Failed to parse LLM response. Response preview: # 1. Load data
close = data.get('price:æ”¶ç›¤åƒ¹')
trading_value = data.get('price:æˆäº¤é‡‘é¡')
volume = data.get('price:æˆäº¤è‚¡æ•¸')
roe = data.get('fundamental_features:ROEç¨…å¾Œ')
revenue_yoy = data.get('monthly_revenue...
2025-10-17 11:49:13,718 - phase0_test_harness - ERROR - âŒ Iteration 2 FAILED: FAILED
2025-10-17 11:49:13,719 - phase0_test_harness - WARNING - âš ï¸  Retrying iteration 2 (attempt 3/3)
2025-10-17 11:49:15,722 - phase0_test_harness - INFO - Attempt 3/3
2025-10-17 11:49:15,723 - autonomous_loop - INFO - Context created with champion (Sharpe: 2.4751)
2025-10-17 11:49:15,723 - src.generators.template_parameter_generator - INFO - Starting parameter generation for iteration 2
2025-10-17 11:49:15,724 - src.generators.template_parameter_generator - INFO - Calling LLM for parameters (iteration=2, exploration=False, temperature=0.7)
2025-10-17 11:49:20,603 - src.generators.template_parameter_generator - INFO - LLM response received: 2396 characters
2025-10-17 11:49:20,604 - src.generators.template_parameter_generator - ERROR - Failed to parse LLM response. Response preview: # 1. Load data
close = data.get('price:æ”¶ç›¤åƒ¹')
trading_value = data.get('price:æˆäº¤é‡‘é¡')
volume = data.get('price:æˆäº¤è‚¡æ•¸')
roe = data.get('fundamental_features:ROEç¨…å¾Œ')
revenue_yoy = data.get('monthly_revenue...
2025-10-17 11:49:20,604 - src.generators.template_parameter_generator - ERROR - Parameter generation failed with ValueError: Failed to parse LLM response. Response preview: # 1. Load data
close = data.get('price:æ”¶ç›¤åƒ¹')
trading_value = data.get('price:æˆäº¤é‡‘é¡')
volume = data.get('price:æˆäº¤è‚¡æ•¸')
roe = data.get('fundamental_features:ROEç¨…å¾Œ')
revenue_yoy = data.get('monthly_revenue...
2025-10-17 11:49:20,605 - autonomous_loop - ERROR - Parameter generation failed: Failed to parse LLM response. Response preview: # 1. Load data
close = data.get('price:æ”¶ç›¤åƒ¹')
trading_value = data.get('price:æˆäº¤é‡‘é¡')
volume = data.get('price:æˆäº¤è‚¡æ•¸')
roe = data.get('fundamental_features:ROEç¨…å¾Œ')
revenue_yoy = data.get('monthly_revenue...
2025-10-17 11:49:20,606 - autonomous_loop - ERROR - Template mode iteration failed: Parameter generation failed: Failed to parse LLM response. Response preview: # 1. Load data
close = data.get('price:æ”¶ç›¤åƒ¹')
trading_value = data.get('price:æˆäº¤é‡‘é¡')
volume = data.get('price:æˆäº¤è‚¡æ•¸')
roe = data.get('fundamental_features:ROEç¨…å¾Œ')
revenue_yoy = data.get('monthly_revenue...
2025-10-17 11:49:20,621 - phase0_test_harness - ERROR - âŒ Iteration 2 FAILED: FAILED
2025-10-17 11:49:20,621 - phase0_test_harness - ERROR - âŒ Iteration 2 failed after 3 attempts
2025-10-17 11:49:20,622 - phase0_test_harness - INFO - 
2025-10-17 11:49:20,623 - phase0_test_harness - INFO - â”€â”€â”€â”€â”€â”€â”€â”€â”€â”€â”€â”€â”€â”€â”€â”€â”€â”€â”€â”€â”€â”€â”€â”€â”€â”€â”€â”€â”€â”€â”€â”€â”€â”€â”€â”€â”€â”€â”€â”€â”€â”€â”€â”€â”€â”€â”€â”€â”€â”€â”€â”€â”€â”€â”€â”€â”€â”€â”€â”€â”€â”€â”€â”€â”€â”€â”€â”€â”€â”€
2025-10-17 11:49:20,623 - phase0_test_harness - INFO - PROGRESS UPDATE
2025-10-17 11:49:20,624 - phase0_test_harness - INFO - â”€â”€â”€â”€â”€â”€â”€â”€â”€â”€â”€â”€â”€â”€â”€â”€â”€â”€â”€â”€â”€â”€â”€â”€â”€â”€â”€â”€â”€â”€â”€â”€â”€â”€â”€â”€â”€â”€â”€â”€â”€â”€â”€â”€â”€â”€â”€â”€â”€â”€â”€â”€â”€â”€â”€â”€â”€â”€â”€â”€â”€â”€â”€â”€â”€â”€â”€â”€â”€â”€
2025-10-17 11:49:20,624 - phase0_test_harness - INFO - Iteration: 3/5 (60.0%)
2025-10-17 11:49:20,625 - phase0_test_harness - INFO - Champion updates: 0 (0.0%)
2025-10-17 11:49:20,625 - phase0_test_harness - INFO - Current champion: Iteration 6 (Sharpe: 2.4751)
2025-10-17 11:49:20,626 - phase0_test_harness - INFO - Parameter diversity: 0 unique combinations (0.0%)
2025-10-17 11:49:20,626 - phase0_test_harness - INFO - Avg iteration time: 11.8s
2025-10-17 11:49:20,627 - phase0_test_harness - INFO - ETA: 0.4 minutes (24s)
2025-10-17 11:49:20,628 - phase0_test_harness - INFO - â”€â”€â”€â”€â”€â”€â”€â”€â”€â”€â”€â”€â”€â”€â”€â”€â”€â”€â”€â”€â”€â”€â”€â”€â”€â”€â”€â”€â”€â”€â”€â”€â”€â”€â”€â”€â”€â”€â”€â”€â”€â”€â”€â”€â”€â”€â”€â”€â”€â”€â”€â”€â”€â”€â”€â”€â”€â”€â”€â”€â”€â”€â”€â”€â”€â”€â”€â”€â”€â”€
2025-10-17 11:49:20,628 - phase0_test_harness - INFO - 
2025-10-17 11:49:20,629 - phase0_test_harness - INFO - ======================================================================
2025-10-17 11:49:20,629 - phase0_test_harness - INFO - ITERATION 3/4
2025-10-17 11:49:20,629 - phase0_test_harness - INFO - ======================================================================
2025-10-17 11:49:20,630 - phase0_test_harness - INFO - Attempt 1/3
2025-10-17 11:49:20,630 - autonomous_loop - INFO - Context created with champion (Sharpe: 2.4751)
2025-10-17 11:49:20,631 - src.generators.template_parameter_generator - INFO - Starting parameter generation for iteration 3
2025-10-17 11:49:20,631 - src.generators.template_parameter_generator - INFO - Calling LLM for parameters (iteration=3, exploration=False, temperature=0.7)
2025-10-17 11:49:24,674 - src.generators.template_parameter_generator - INFO - LLM response received: 2610 characters
2025-10-17 11:49:24,675 - src.generators.template_parameter_generator - ERROR - Failed to parse LLM response. Response preview: # 1. Load data
close = data.get('price:æ”¶ç›¤åƒ¹')
trading_value = data.get('price:æˆäº¤é‡‘é¡')
volume = data.get('price:æˆäº¤è‚¡æ•¸')
roe = data.get('fundamental_features:ROEç¨…å¾Œ')
revenue_yoy = data.get('monthly_revenue...
2025-10-17 11:49:24,675 - src.generators.template_parameter_generator - ERROR - Parameter generation failed with ValueError: Failed to parse LLM response. Response preview: # 1. Load data
close = data.get('price:æ”¶ç›¤åƒ¹')
trading_value = data.get('price:æˆäº¤é‡‘é¡')
volume = data.get('price:æˆäº¤è‚¡æ•¸')
roe = data.get('fundamental_features:ROEç¨…å¾Œ')
revenue_yoy = data.get('monthly_revenue...
2025-10-17 11:49:24,676 - autonomous_loop - ERROR - Parameter generation failed: Failed to parse LLM response. Response preview: # 1. Load data
close = data.get('price:æ”¶ç›¤åƒ¹')
trading_value = data.get('price:æˆäº¤é‡‘é¡')
volume = data.get('price:æˆäº¤è‚¡æ•¸')
roe = data.get('fundamental_features:ROEç¨…å¾Œ')
revenue_yoy = data.get('monthly_revenue...
2025-10-17 11:49:24,676 - autonomous_loop - ERROR - Template mode iteration failed: Parameter generation failed: Failed to parse LLM response. Response preview: # 1. Load data
close = data.get('price:æ”¶ç›¤åƒ¹')
trading_value = data.get('price:æˆäº¤é‡‘é¡')
volume = data.get('price:æˆäº¤è‚¡æ•¸')
roe = data.get('fundamental_features:ROEç¨…å¾Œ')
revenue_yoy = data.get('monthly_revenue...
2025-10-17 11:49:24,691 - phase0_test_harness - ERROR - âŒ Iteration 3 FAILED: FAILED
2025-10-17 11:49:24,692 - phase0_test_harness - WARNING - âš ï¸  Retrying iteration 3 (attempt 2/3)
2025-10-17 11:49:26,694 - phase0_test_harness - INFO - Attempt 2/3
2025-10-17 11:49:26,695 - autonomous_loop - INFO - Context created with champion (Sharpe: 2.4751)
2025-10-17 11:49:26,696 - src.generators.template_parameter_generator - INFO - Starting parameter generation for iteration 3
2025-10-17 11:49:26,696 - src.generators.template_parameter_generator - INFO - Calling LLM for parameters (iteration=3, exploration=False, temperature=0.7)
2025-10-17 11:49:30,647 - src.generators.template_parameter_generator - INFO - LLM response received: 2513 characters
2025-10-17 11:49:30,649 - src.generators.template_parameter_generator - ERROR - Failed to parse LLM response. Response preview: # 1. Load data
close = data.get('price:æ”¶ç›¤åƒ¹')
trading_value = data.get('price:æˆäº¤é‡‘é¡')
volume = data.get('price:æˆäº¤è‚¡æ•¸')
roe = data.get('fundamental_features:ROEç¨…å¾Œ')
revenue_yoy = data.get('monthly_revenue...
2025-10-17 11:49:30,650 - src.generators.template_parameter_generator - ERROR - Parameter generation failed with ValueError: Failed to parse LLM response. Response preview: # 1. Load data
close = data.get('price:æ”¶ç›¤åƒ¹')
trading_value = data.get('price:æˆäº¤é‡‘é¡')
volume = data.get('price:æˆäº¤è‚¡æ•¸')
roe = data.get('fundamental_features:ROEç¨…å¾Œ')
revenue_yoy = data.get('monthly_revenue...
2025-10-17 11:49:30,650 - autonomous_loop - ERROR - Parameter generation failed: Failed to parse LLM response. Response preview: # 1. Load data
close = data.get('price:æ”¶ç›¤åƒ¹')
trading_value = data.get('price:æˆäº¤é‡‘é¡')
volume = data.get('price:æˆäº¤è‚¡æ•¸')
roe = data.get('fundamental_features:ROEç¨…å¾Œ')
revenue_yoy = data.get('monthly_revenue...
2025-10-17 11:49:30,651 - autonomous_loop - ERROR - Template mode iteration failed: Parameter generation failed: Failed to parse LLM response. Response preview: # 1. Load data
close = data.get('price:æ”¶ç›¤åƒ¹')
trading_value = data.get('price:æˆäº¤é‡‘é¡')
volume = data.get('price:æˆäº¤è‚¡æ•¸')
roe = data.get('fundamental_features:ROEç¨…å¾Œ')
revenue_yoy = data.get('monthly_revenue...
2025-10-17 11:49:30,666 - phase0_test_harness - ERROR - âŒ Iteration 3 FAILED: FAILED
2025-10-17 11:49:30,667 - phase0_test_harness - WARNING - âš ï¸  Retrying iteration 3 (attempt 3/3)
2025-10-17 11:49:32,669 - phase0_test_harness - INFO - Attempt 3/3
2025-10-17 11:49:32,671 - autonomous_loop - INFO - Context created with champion (Sharpe: 2.4751)
2025-10-17 11:49:32,671 - src.generators.template_parameter_generator - INFO - Starting parameter generation for iteration 3
2025-10-17 11:49:32,672 - src.generators.template_parameter_generator - INFO - Calling LLM for parameters (iteration=3, exploration=False, temperature=0.7)
2025-10-17 11:49:36,603 - src.generators.template_parameter_generator - INFO - LLM response received: 2519 characters
2025-10-17 11:49:36,604 - src.generators.template_parameter_generator - ERROR - Failed to parse LLM response. Response preview: # 1. Load data
close = data.get('price:æ”¶ç›¤åƒ¹')
trading_value = data.get('price:æˆäº¤é‡‘é¡')
volume = data.get('price:æˆäº¤è‚¡æ•¸')
roe = data.get('fundamental_features:ROEç¨…å¾Œ')
revenue_yoy = data.get('monthly_revenue...
2025-10-17 11:49:36,605 - src.generators.template_parameter_generator - ERROR - Parameter generation failed with ValueError: Failed to parse LLM response. Response preview: # 1. Load data
close = data.get('price:æ”¶ç›¤åƒ¹')
trading_value = data.get('price:æˆäº¤é‡‘é¡')
volume = data.get('price:æˆäº¤è‚¡æ•¸')
roe = data.get('fundamental_features:ROEç¨…å¾Œ')
revenue_yoy = data.get('monthly_revenue...
2025-10-17 11:49:36,605 - autonomous_loop - ERROR - Parameter generation failed: Failed to parse LLM response. Response preview: # 1. Load data
close = data.get('price:æ”¶ç›¤åƒ¹')
trading_value = data.get('price:æˆäº¤é‡‘é¡')
volume = data.get('price:æˆäº¤è‚¡æ•¸')
roe = data.get('fundamental_features:ROEç¨…å¾Œ')
revenue_yoy = data.get('monthly_revenue...
2025-10-17 11:49:36,606 - autonomous_loop - ERROR - Template mode iteration failed: Parameter generation failed: Failed to parse LLM response. Response preview: # 1. Load data
close = data.get('price:æ”¶ç›¤åƒ¹')
trading_value = data.get('price:æˆäº¤é‡‘é¡')
volume = data.get('price:æˆäº¤è‚¡æ•¸')
roe = data.get('fundamental_features:ROEç¨…å¾Œ')
revenue_yoy = data.get('monthly_revenue...
2025-10-17 11:49:36,619 - phase0_test_harness - ERROR - âŒ Iteration 3 FAILED: FAILED
2025-10-17 11:49:36,620 - phase0_test_harness - ERROR - âŒ Iteration 3 failed after 3 attempts
2025-10-17 11:49:36,620 - phase0_test_harness - INFO - 
2025-10-17 11:49:36,621 - phase0_test_harness - INFO - â”€â”€â”€â”€â”€â”€â”€â”€â”€â”€â”€â”€â”€â”€â”€â”€â”€â”€â”€â”€â”€â”€â”€â”€â”€â”€â”€â”€â”€â”€â”€â”€â”€â”€â”€â”€â”€â”€â”€â”€â”€â”€â”€â”€â”€â”€â”€â”€â”€â”€â”€â”€â”€â”€â”€â”€â”€â”€â”€â”€â”€â”€â”€â”€â”€â”€â”€â”€â”€â”€
2025-10-17 11:49:36,622 - phase0_test_harness - INFO - PROGRESS UPDATE
2025-10-17 11:49:36,622 - phase0_test_harness - INFO - â”€â”€â”€â”€â”€â”€â”€â”€â”€â”€â”€â”€â”€â”€â”€â”€â”€â”€â”€â”€â”€â”€â”€â”€â”€â”€â”€â”€â”€â”€â”€â”€â”€â”€â”€â”€â”€â”€â”€â”€â”€â”€â”€â”€â”€â”€â”€â”€â”€â”€â”€â”€â”€â”€â”€â”€â”€â”€â”€â”€â”€â”€â”€â”€â”€â”€â”€â”€â”€â”€
2025-10-17 11:49:36,623 - phase0_test_harness - INFO - Iteration: 4/5 (80.0%)
2025-10-17 11:49:36,624 - phase0_test_harness - INFO - Champion updates: 0 (0.0%)
2025-10-17 11:49:36,624 - phase0_test_harness - INFO - Current champion: Iteration 6 (Sharpe: 2.4751)
2025-10-17 11:49:36,625 - phase0_test_harness - INFO - Parameter diversity: 0 unique combinations (0.0%)
2025-10-17 11:49:36,625 - phase0_test_harness - INFO - Avg iteration time: 11.4s
2025-10-17 11:49:36,626 - phase0_test_harness - INFO - ETA: 0.2 minutes (11s)
2025-10-17 11:49:36,626 - phase0_test_harness - INFO - â”€â”€â”€â”€â”€â”€â”€â”€â”€â”€â”€â”€â”€â”€â”€â”€â”€â”€â”€â”€â”€â”€â”€â”€â”€â”€â”€â”€â”€â”€â”€â”€â”€â”€â”€â”€â”€â”€â”€â”€â”€â”€â”€â”€â”€â”€â”€â”€â”€â”€â”€â”€â”€â”€â”€â”€â”€â”€â”€â”€â”€â”€â”€â”€â”€â”€â”€â”€â”€â”€
2025-10-17 11:49:36,626 - phase0_test_harness - INFO - 
2025-10-17 11:49:36,627 - phase0_test_harness - INFO - ======================================================================
2025-10-17 11:49:36,627 - phase0_test_harness - INFO - ITERATION 4/4
2025-10-17 11:49:36,628 - phase0_test_harness - INFO - ======================================================================
2025-10-17 11:49:36,629 - phase0_test_harness - INFO - Attempt 1/3
2025-10-17 11:49:36,629 - autonomous_loop - INFO - Context created with champion (Sharpe: 2.4751)
2025-10-17 11:49:36,630 - src.generators.template_parameter_generator - INFO - Starting parameter generation for iteration 4
2025-10-17 11:49:36,631 - src.generators.template_parameter_generator - INFO - Calling LLM for parameters (iteration=4, exploration=False, temperature=0.7)
2025-10-17 11:49:40,446 - src.generators.template_parameter_generator - INFO - LLM response received: 2411 characters
2025-10-17 11:49:40,447 - src.generators.template_parameter_generator - ERROR - Failed to parse LLM response. Response preview: # 1. Load data
close = data.get('price:æ”¶ç›¤åƒ¹')
trading_value = data.get('price:æˆäº¤é‡‘é¡')
volume = data.get('price:æˆäº¤è‚¡æ•¸')
roe = data.get('fundamental_features:ROEç¨…å¾Œ')
revenue_yoy = data.get('monthly_revenue...
2025-10-17 11:49:40,447 - src.generators.template_parameter_generator - ERROR - Parameter generation failed with ValueError: Failed to parse LLM response. Response preview: # 1. Load data
close = data.get('price:æ”¶ç›¤åƒ¹')
trading_value = data.get('price:æˆäº¤é‡‘é¡')
volume = data.get('price:æˆäº¤è‚¡æ•¸')
roe = data.get('fundamental_features:ROEç¨…å¾Œ')
revenue_yoy = data.get('monthly_revenue...
2025-10-17 11:49:40,448 - autonomous_loop - ERROR - Parameter generation failed: Failed to parse LLM response. Response preview: # 1. Load data
close = data.get('price:æ”¶ç›¤åƒ¹')
trading_value = data.get('price:æˆäº¤é‡‘é¡')
volume = data.get('price:æˆäº¤è‚¡æ•¸')
roe = data.get('fundamental_features:ROEç¨…å¾Œ')
revenue_yoy = data.get('monthly_revenue...
2025-10-17 11:49:40,448 - autonomous_loop - ERROR - Template mode iteration failed: Parameter generation failed: Failed to parse LLM response. Response preview: # 1. Load data
close = data.get('price:æ”¶ç›¤åƒ¹')
trading_value = data.get('price:æˆäº¤é‡‘é¡')
volume = data.get('price:æˆäº¤è‚¡æ•¸')
roe = data.get('fundamental_features:ROEç¨…å¾Œ')
revenue_yoy = data.get('monthly_revenue...
2025-10-17 11:49:40,462 - phase0_test_harness - ERROR - âŒ Iteration 4 FAILED: FAILED
2025-10-17 11:49:40,463 - phase0_test_harness - WARNING - âš ï¸  Retrying iteration 4 (attempt 2/3)
2025-10-17 11:49:42,481 - phase0_test_harness - INFO - Attempt 2/3
2025-10-17 11:49:42,482 - autonomous_loop - INFO - Context created with champion (Sharpe: 2.4751)
2025-10-17 11:49:42,482 - src.generators.template_parameter_generator - INFO - Starting parameter generation for iteration 4
2025-10-17 11:49:42,483 - src.generators.template_parameter_generator - INFO - Calling LLM for parameters (iteration=4, exploration=False, temperature=0.7)
2025-10-17 11:49:47,233 - src.generators.template_parameter_generator - INFO - LLM response received: 2785 characters
2025-10-17 11:49:47,235 - src.generators.template_parameter_generator - ERROR - Failed to parse LLM response. Response preview: # 1. Load data
close = data.get('price:æ”¶ç›¤åƒ¹')
trading_value = data.get('price:æˆäº¤é‡‘é¡')
volume = data.get('price:æˆäº¤è‚¡æ•¸')
revenue_yoy = data.get('monthly_revenue:å»å¹´åŒæœˆå¢æ¸›(%)')
roe = data.get('fundamental_feat...
2025-10-17 11:49:47,236 - src.generators.template_parameter_generator - ERROR - Parameter generation failed with ValueError: Failed to parse LLM response. Response preview: # 1. Load data
close = data.get('price:æ”¶ç›¤åƒ¹')
trading_value = data.get('price:æˆäº¤é‡‘é¡')
volume = data.get('price:æˆäº¤è‚¡æ•¸')
revenue_yoy = data.get('monthly_revenue:å»å¹´åŒæœˆå¢æ¸›(%)')
roe = data.get('fundamental_feat...
2025-10-17 11:49:47,237 - autonomous_loop - ERROR - Parameter generation failed: Failed to parse LLM response. Response preview: # 1. Load data
close = data.get('price:æ”¶ç›¤åƒ¹')
trading_value = data.get('price:æˆäº¤é‡‘é¡')
volume = data.get('price:æˆäº¤è‚¡æ•¸')
revenue_yoy = data.get('monthly_revenue:å»å¹´åŒæœˆå¢æ¸›(%)')
roe = data.get('fundamental_feat...
2025-10-17 11:49:47,237 - autonomous_loop - ERROR - Template mode iteration failed: Parameter generation failed: Failed to parse LLM response. Response preview: # 1. Load data
close = data.get('price:æ”¶ç›¤åƒ¹')
trading_value = data.get('price:æˆäº¤é‡‘é¡')
volume = data.get('price:æˆäº¤è‚¡æ•¸')
revenue_yoy = data.get('monthly_revenue:å»å¹´åŒæœˆå¢æ¸›(%)')
roe = data.get('fundamental_feat...
2025-10-17 11:49:47,252 - phase0_test_harness - ERROR - âŒ Iteration 4 FAILED: FAILED
2025-10-17 11:49:47,252 - phase0_test_harness - WARNING - âš ï¸  Retrying iteration 4 (attempt 3/3)
2025-10-17 11:49:49,255 - phase0_test_harness - INFO - Attempt 3/3
2025-10-17 11:49:49,257 - autonomous_loop - INFO - Context created with champion (Sharpe: 2.4751)
2025-10-17 11:49:49,257 - src.generators.template_parameter_generator - INFO - Starting parameter generation for iteration 4
2025-10-17 11:49:49,258 - src.generators.template_parameter_generator - INFO - Calling LLM for parameters (iteration=4, exploration=False, temperature=0.7)
2025-10-17 11:49:54,349 - src.generators.template_parameter_generator - INFO - LLM response received: 2472 characters
2025-10-17 11:49:54,351 - src.generators.template_parameter_generator - ERROR - Failed to parse LLM response. Response preview: # 1. Load data
close = data.get('price:æ”¶ç›¤åƒ¹')
trading_value = data.get('price:æˆäº¤é‡‘é¡')
volume = data.get('price:æˆäº¤è‚¡æ•¸')
roe = data.get('fundamental_features:ROEç¨…å¾Œ')
revenue_yoy = data.get('monthly_revenue...
2025-10-17 11:49:54,352 - src.generators.template_parameter_generator - ERROR - Parameter generation failed with ValueError: Failed to parse LLM response. Response preview: # 1. Load data
close = data.get('price:æ”¶ç›¤åƒ¹')
trading_value = data.get('price:æˆäº¤é‡‘é¡')
volume = data.get('price:æˆäº¤è‚¡æ•¸')
roe = data.get('fundamental_features:ROEç¨…å¾Œ')
revenue_yoy = data.get('monthly_revenue...
2025-10-17 11:49:54,353 - autonomous_loop - ERROR - Parameter generation failed: Failed to parse LLM response. Response preview: # 1. Load data
close = data.get('price:æ”¶ç›¤åƒ¹')
trading_value = data.get('price:æˆäº¤é‡‘é¡')
volume = data.get('price:æˆäº¤è‚¡æ•¸')
roe = data.get('fundamental_features:ROEç¨…å¾Œ')
revenue_yoy = data.get('monthly_revenue...
2025-10-17 11:49:54,354 - autonomous_loop - ERROR - Template mode iteration failed: Parameter generation failed: Failed to parse LLM response. Response preview: # 1. Load data
close = data.get('price:æ”¶ç›¤åƒ¹')
trading_value = data.get('price:æˆäº¤é‡‘é¡')
volume = data.get('price:æˆäº¤è‚¡æ•¸')
roe = data.get('fundamental_features:ROEç¨…å¾Œ')
revenue_yoy = data.get('monthly_revenue...
2025-10-17 11:49:54,378 - phase0_test_harness - ERROR - âŒ Iteration 4 FAILED: FAILED
2025-10-17 11:49:54,379 - phase0_test_harness - ERROR - âŒ Iteration 4 failed after 3 attempts
2025-10-17 11:49:54,381 - phase0_test_harness - INFO - 
2025-10-17 11:49:54,382 - phase0_test_harness - INFO - â”€â”€â”€â”€â”€â”€â”€â”€â”€â”€â”€â”€â”€â”€â”€â”€â”€â”€â”€â”€â”€â”€â”€â”€â”€â”€â”€â”€â”€â”€â”€â”€â”€â”€â”€â”€â”€â”€â”€â”€â”€â”€â”€â”€â”€â”€â”€â”€â”€â”€â”€â”€â”€â”€â”€â”€â”€â”€â”€â”€â”€â”€â”€â”€â”€â”€â”€â”€â”€â”€
2025-10-17 11:49:54,383 - phase0_test_harness - INFO - PROGRESS UPDATE
2025-10-17 11:49:54,384 - phase0_test_harness - INFO - â”€â”€â”€â”€â”€â”€â”€â”€â”€â”€â”€â”€â”€â”€â”€â”€â”€â”€â”€â”€â”€â”€â”€â”€â”€â”€â”€â”€â”€â”€â”€â”€â”€â”€â”€â”€â”€â”€â”€â”€â”€â”€â”€â”€â”€â”€â”€â”€â”€â”€â”€â”€â”€â”€â”€â”€â”€â”€â”€â”€â”€â”€â”€â”€â”€â”€â”€â”€â”€â”€
2025-10-17 11:49:54,385 - phase0_test_harness - INFO - Iteration: 5/5 (100.0%)
2025-10-17 11:49:54,386 - phase0_test_harness - INFO - Champion updates: 0 (0.0%)
2025-10-17 11:49:54,387 - phase0_test_harness - INFO - Current champion: Iteration 6 (Sharpe: 2.4751)
2025-10-17 11:49:54,388 - phase0_test_harness - INFO - Parameter diversity: 0 unique combinations (0.0%)
2025-10-17 11:49:54,389 - phase0_test_harness - INFO - Avg iteration time: 11.2s
2025-10-17 11:49:54,390 - phase0_test_harness - INFO - ETA: 0.0 minutes (0s)
2025-10-17 11:49:54,391 - phase0_test_harness - INFO - â”€â”€â”€â”€â”€â”€â”€â”€â”€â”€â”€â”€â”€â”€â”€â”€â”€â”€â”€â”€â”€â”€â”€â”€â”€â”€â”€â”€â”€â”€â”€â”€â”€â”€â”€â”€â”€â”€â”€â”€â”€â”€â”€â”€â”€â”€â”€â”€â”€â”€â”€â”€â”€â”€â”€â”€â”€â”€â”€â”€â”€â”€â”€â”€â”€â”€â”€â”€â”€â”€
2025-10-17 11:49:54,392 - phase0_test_harness - INFO - 
ğŸ“ Saving checkpoint at iteration 4...
2025-10-17 11:49:54,409 - phase0_test_harness - INFO - Checkpoint saved: checkpoints/checkpoint_smoke_test_iter_4.json
2025-10-17 11:49:54,410 - phase0_test_harness - INFO -   Iteration: 4
2025-10-17 11:49:54,411 - phase0_test_harness - INFO -   Metrics: 15 Sharpe ratios, 0 param combinations
2025-10-17 11:49:54,411 - phase0_test_harness - INFO - âœ… Checkpoint saved: checkpoints/checkpoint_smoke_test_iter_4.json
2025-10-17 11:49:54,412 - phase0_test_harness - INFO - 
2025-10-17 11:49:54,413 - phase0_test_harness - INFO - ======================================================================
2025-10-17 11:49:54,413 - phase0_test_harness - INFO - PHASE 0 TEMPLATE MODE TEST - COMPLETE
2025-10-17 11:49:54,414 - phase0_test_harness - INFO - ======================================================================
2025-10-17 11:49:54,414 - phase0_test_harness - INFO - Total duration: 87.7s (1.5m)
2025-10-17 11:49:54,415 - phase0_test_harness - INFO - Total iterations: 15
2025-10-17 11:49:54,416 - phase0_test_harness - INFO - âœ… Successful: 0
2025-10-17 11:49:54,416 - phase0_test_harness - INFO - âŒ Failed: 15
2025-10-17 11:49:54,417 - phase0_test_harness - INFO - Success rate: 0.0%
2025-10-17 11:49:54,417 - phase0_test_harness - INFO - 
2025-10-17 11:49:54,417 - phase0_test_harness - INFO - ğŸ“ Saving final checkpoint...
2025-10-17 11:49:54,445 - phase0_test_harness - INFO - Checkpoint saved: checkpoints/checkpoint_smoke_test_iter_4.json
2025-10-17 11:49:54,446 - phase0_test_harness - INFO -   Iteration: 4
2025-10-17 11:49:54,447 - phase0_test_harness - INFO -   Metrics: 15 Sharpe ratios, 0 param combinations
2025-10-17 11:49:54,447 - phase0_test_harness - INFO - âœ… Final checkpoint saved: checkpoints/checkpoint_smoke_test_iter_4.json
2025-10-17 11:49:54,448 - phase0_test_harness - INFO - 
2025-10-17 11:49:54,449 - phase0_test_harness - INFO - ======================================================================
2025-10-17 11:49:54,449 - phase0_test_harness - INFO - RESULTS SUMMARY
2025-10-17 11:49:54,450 - phase0_test_harness - INFO - ======================================================================
2025-10-17 11:49:54,451 - phase0_test_harness - INFO - Total iterations: 15
2025-10-17 11:49:54,452 - phase0_test_harness - INFO - Champion updates: 0 (0.0%)
2025-10-17 11:49:54,452 - phase0_test_harness - INFO - Best Sharpe: 0.0000
2025-10-17 11:49:54,453 - phase0_test_harness - INFO - Avg Sharpe: 0.0000
2025-10-17 11:49:54,453 - phase0_test_harness - INFO - Sharpe variance: 0.0000
2025-10-17 11:49:54,454 - phase0_test_harness - INFO - Parameter diversity: 0 (0.0%)
2025-10-17 11:49:54,454 - phase0_test_harness - INFO - Validation pass rate: 100.0%
2025-10-17 11:49:54,455 - phase0_test_harness - INFO - Success rate: 0.0%
2025-10-17 11:49:54,456 - phase0_test_harness - INFO - 
2025-10-17 11:49:54,456 - phase0_test_harness - INFO - ğŸ† FINAL CHAMPION:
2025-10-17 11:49:54,457 - phase0_test_harness - INFO -    Iteration: 6
2025-10-17 11:49:54,457 - phase0_test_harness - INFO -    Sharpe: 2.4751
2025-10-17 11:49:54,458 - phase0_test_harness - INFO - ======================================================================
2025-10-17 11:49:54,458 - __main__ - INFO - 
2025-10-17 11:49:54,459 - __main__ - INFO - ======================================================================
2025-10-17 11:49:54,459 - __main__ - INFO - PHASE 0 SMOKE TEST - COMPLETE
2025-10-17 11:49:54,460 - __main__ - INFO - ======================================================================
2025-10-17 11:49:54,461 - __main__ - INFO - Test completed: True
2025-10-17 11:49:54,461 - __main__ - INFO - Total iterations: 15
2025-10-17 11:49:54,462 - __main__ - INFO - Success rate: 0.0%
2025-10-17 11:49:54,462 - __main__ - INFO - Champion updates: 0 (0.0%)
2025-10-17 11:49:54,462 - __main__ - INFO - Best Sharpe: 0.0000
2025-10-17 11:49:54,463 - __main__ - INFO - Avg Sharpe: 0.0000
2025-10-17 11:49:54,463 - __main__ - INFO - Parameter diversity: 0 unique (0.0%)
2025-10-17 11:49:54,463 - __main__ - INFO - Validation pass rate: 100.0%
2025-10-17 11:49:54,464 - __main__ - INFO - 
2025-10-17 11:49:54,464 - __main__ - INFO - Log file: logs/phase0_smoke_test_20251017_114825.log
2025-10-17 11:49:54,464 - __main__ - INFO - ======================================================================
