2025-10-08 09:13:26,491 - __main__ - INFO - ============================================================
2025-10-08 09:13:26,491 - __main__ - INFO - STARTING 10-ITERATION VALIDATION RUN (TASK 30)
2025-10-08 09:13:26,492 - __main__ - INFO - ============================================================
2025-10-08 09:13:26,492 - __main__ - INFO - Target: 10 iterations
2025-10-08 09:13:26,492 - __main__ - INFO - Model: google/gemini-2.5-flash
2025-10-08 09:13:26,493 - __main__ - INFO - 
2025-10-08 09:13:29,871 - __main__ - INFO - ✅ Finlab data loaded successfully
2025-10-08 09:13:29,969 - __main__ - INFO - 
2025-10-08 09:13:29,969 - __main__ - INFO - ============================================================
2025-10-08 09:13:29,970 - __main__ - INFO - ITERATION 0/9
2025-10-08 09:13:29,970 - __main__ - INFO - ============================================================
2025-10-08 09:14:35,293 - autonomous_loop - INFO - New champion: Iteration 0, Sharpe 0.8326
2025-10-08 09:14:35,303 - autonomous_loop - INFO - Champion updated successfully
2025-10-08 09:14:35,420 - __main__ - ERROR - ❌ Iteration 0 EXCEPTION: 'IterationRecord' object has no attribute 'get'
Traceback (most recent call last):
  File "/mnt/c/Users/jnpi/Documents/finlab/run_10iteration_validation.py", line 122, in run_validation_test
    if record and record.get('metrics'):
AttributeError: 'IterationRecord' object has no attribute 'get'
2025-10-08 09:14:35,461 - __main__ - INFO - 
2025-10-08 09:14:35,461 - __main__ - INFO - ============================================================
2025-10-08 09:14:35,462 - __main__ - INFO - ITERATION 1/9
2025-10-08 09:14:35,462 - __main__ - INFO - ============================================================
2025-10-08 09:14:54,462 - __main__ - ERROR - ❌ Iteration 1 EXCEPTION: 'IterationRecord' object has no attribute 'get'
Traceback (most recent call last):
  File "/mnt/c/Users/jnpi/Documents/finlab/run_10iteration_validation.py", line 122, in run_validation_test
    if record and record.get('metrics'):
AttributeError: 'IterationRecord' object has no attribute 'get'
2025-10-08 09:14:54,465 - __main__ - INFO - 
2025-10-08 09:14:54,465 - __main__ - INFO - ============================================================
2025-10-08 09:14:54,466 - __main__ - INFO - ITERATION 2/9
2025-10-08 09:14:54,466 - __main__ - INFO - ============================================================
2025-10-08 09:15:05,287 - autonomous_loop - INFO - New champion: Iteration 2, Sharpe 1.5757
2025-10-08 09:15:05,287 - autonomous_loop - INFO - Champion updated: 0.8326 → 1.5757 (+89.3%)
2025-10-08 09:15:05,288 - autonomous_loop - INFO - Champion updated successfully
2025-10-08 09:15:05,304 - __main__ - ERROR - ❌ Iteration 2 EXCEPTION: 'IterationRecord' object has no attribute 'get'
Traceback (most recent call last):
  File "/mnt/c/Users/jnpi/Documents/finlab/run_10iteration_validation.py", line 122, in run_validation_test
    if record and record.get('metrics'):
AttributeError: 'IterationRecord' object has no attribute 'get'
2025-10-08 09:15:05,306 - __main__ - INFO - 
2025-10-08 09:15:05,307 - __main__ - INFO - ============================================================
2025-10-08 09:15:05,307 - __main__ - INFO - ITERATION 3/9
2025-10-08 09:15:05,307 - __main__ - INFO - ============================================================
2025-10-08 09:15:10,276 - autonomous_loop - WARNING - Preservation violation: Liquidity threshold relaxed by 50.0% (from 100,000,000 to 50,000,000)
2025-10-08 09:15:16,871 - __main__ - ERROR - ❌ Iteration 3 EXCEPTION: 'IterationRecord' object has no attribute 'get'
Traceback (most recent call last):
  File "/mnt/c/Users/jnpi/Documents/finlab/run_10iteration_validation.py", line 122, in run_validation_test
    if record and record.get('metrics'):
AttributeError: 'IterationRecord' object has no attribute 'get'
2025-10-08 09:15:16,880 - __main__ - INFO - 
2025-10-08 09:15:16,880 - __main__ - INFO - ============================================================
2025-10-08 09:15:16,881 - __main__ - INFO - ITERATION 4/9
2025-10-08 09:15:16,881 - __main__ - INFO - ============================================================
2025-10-08 09:15:20,919 - autonomous_loop - WARNING - Preservation violation: Liquidity threshold relaxed by 100.0% (from 100,000,000 to 50)
2025-10-08 09:15:22,818 - __main__ - ERROR - ❌ Iteration 4 FAILED: FAILED
2025-10-08 09:15:22,819 - __main__ - INFO - 
2025-10-08 09:15:22,819 - __main__ - INFO - ============================================================
2025-10-08 09:15:22,820 - __main__ - INFO - ITERATION 5/9
2025-10-08 09:15:22,820 - __main__ - INFO - ============================================================
2025-10-08 09:15:22,820 - prompt_builder - INFO - Forcing exploration mode (iteration 5)
2025-10-08 09:15:26,713 - autonomous_loop - WARNING - Preservation violation: Liquidity threshold relaxed by 100.0% (from 100,000,000 to 50)
2025-10-08 09:15:33,255 - __main__ - ERROR - ❌ Iteration 5 EXCEPTION: 'IterationRecord' object has no attribute 'get'
Traceback (most recent call last):
  File "/mnt/c/Users/jnpi/Documents/finlab/run_10iteration_validation.py", line 122, in run_validation_test
    if record and record.get('metrics'):
AttributeError: 'IterationRecord' object has no attribute 'get'
2025-10-08 09:15:33,257 - __main__ - INFO - 
2025-10-08 09:15:33,257 - __main__ - INFO - ============================================================
2025-10-08 09:15:33,258 - __main__ - INFO - ITERATION 6/9
2025-10-08 09:15:33,258 - __main__ - INFO - ============================================================
2025-10-08 09:15:37,674 - autonomous_loop - WARNING - Preservation violation: Liquidity threshold relaxed by 100.0% (from 100,000,000 to 50)
2025-10-08 09:15:37,929 - __main__ - ERROR - ❌ Iteration 6 FAILED: FAILED
2025-10-08 09:15:37,930 - __main__ - INFO - 
2025-10-08 09:15:37,930 - __main__ - INFO - ============================================================
2025-10-08 09:15:37,930 - __main__ - INFO - ITERATION 7/9
2025-10-08 09:15:37,931 - __main__ - INFO - ============================================================
2025-10-08 09:15:42,152 - autonomous_loop - WARNING - Preservation violation: Liquidity threshold relaxed by 100.0% (from 100,000,000 to 100)
2025-10-08 09:15:43,128 - __main__ - ERROR - ❌ Iteration 7 FAILED: FAILED
2025-10-08 09:15:43,129 - __main__ - INFO - 
2025-10-08 09:15:43,129 - __main__ - INFO - ============================================================
2025-10-08 09:15:43,129 - __main__ - INFO - ITERATION 8/9
2025-10-08 09:15:43,129 - __main__ - INFO - ============================================================
2025-10-08 09:15:46,790 - autonomous_loop - WARNING - Preservation violation: Liquidity threshold relaxed by 100.0% (from 100,000,000 to 10)
2025-10-08 09:15:53,789 - __main__ - ERROR - ❌ Iteration 8 EXCEPTION: 'IterationRecord' object has no attribute 'get'
Traceback (most recent call last):
  File "/mnt/c/Users/jnpi/Documents/finlab/run_10iteration_validation.py", line 122, in run_validation_test
    if record and record.get('metrics'):
AttributeError: 'IterationRecord' object has no attribute 'get'
2025-10-08 09:15:53,791 - __main__ - INFO - 
2025-10-08 09:15:53,791 - __main__ - INFO - ============================================================
2025-10-08 09:15:53,792 - __main__ - INFO - ITERATION 9/9
2025-10-08 09:15:53,792 - __main__ - INFO - ============================================================
2025-10-08 09:15:58,719 - autonomous_loop - WARNING - Preservation violation: Liquidity threshold relaxed by 100.0% (from 100,000,000 to 100)
2025-10-08 09:16:35,154 - __main__ - ERROR - ❌ Iteration 9 EXCEPTION: 'IterationRecord' object has no attribute 'get'
Traceback (most recent call last):
  File "/mnt/c/Users/jnpi/Documents/finlab/run_10iteration_validation.py", line 122, in run_validation_test
    if record and record.get('metrics'):
AttributeError: 'IterationRecord' object has no attribute 'get'
2025-10-08 09:16:35,164 - __main__ - INFO - 
2025-10-08 09:16:35,165 - __main__ - INFO - ============================================================
2025-10-08 09:16:35,165 - __main__ - INFO - VALIDATION RESULTS
2025-10-08 09:16:35,165 - __main__ - INFO - ============================================================
2025-10-08 09:16:35,166 - __main__ - INFO - 
2025-10-08 09:16:35,166 - __main__ - INFO - Iterations completed: 10
2025-10-08 09:16:35,167 - __main__ - INFO - Successful iterations (Sharpe >0.5): 0
2025-10-08 09:16:35,167 - __main__ - INFO - 
2025-10-08 09:16:35,167 - __main__ - INFO - SUCCESS CRITERIA (need 3/4 to pass):
2025-10-08 09:16:35,167 - __main__ - INFO - 
2025-10-08 09:16:35,168 - __main__ - INFO - ❌ FAIL 1. Best Sharpe >1.2
2025-10-08 09:16:35,168 - __main__ - INFO -      Actual: 0.0000 | Target: 1.2 | Baseline: 0.97
2025-10-08 09:16:35,169 - __main__ - INFO - ❌ FAIL 2. Success rate >60%
2025-10-08 09:16:35,169 - __main__ - INFO -      Actual: 0.0% | Target: 60.0% | Baseline: 33.0%
2025-10-08 09:16:35,170 - __main__ - INFO - ❌ FAIL 3. Avg Sharpe >0.5
2025-10-08 09:16:35,170 - __main__ - INFO -      Actual: 0.0000 | Target: 0.5 | Baseline: 0.33
2025-10-08 09:16:35,170 - __main__ - INFO - ❌ FAIL 4. No regression >10%
2025-10-08 09:16:35,171 - __main__ - INFO -      Actual: -1.0000 | Target: -0.1 | Baseline: N/A
2025-10-08 09:16:35,171 - __main__ - INFO - 
2025-10-08 09:16:35,172 - __main__ - INFO - CRITERIA PASSED: 0/4
2025-10-08 09:16:35,172 - __main__ - INFO - 
2025-10-08 09:16:35,173 - __main__ - ERROR - ============================================================
2025-10-08 09:16:35,178 - __main__ - ERROR - ❌ VALIDATION FAILED
2025-10-08 09:16:35,180 - __main__ - ERROR - ============================================================
2025-10-08 09:16:35,180 - __main__ - ERROR - Passed only 0/4 criteria (need 3/4)
2025-10-08 09:16:35,181 - __main__ - ERROR - 
2025-10-08 09:16:35,181 - __main__ - ERROR - Required actions:
2025-10-08 09:16:35,181 - __main__ - ERROR - 1. Review fundamental assumptions
2025-10-08 09:16:35,182 - __main__ - ERROR - 2. Analyze failure patterns
2025-10-08 09:16:35,182 - __main__ - ERROR - 3. Consider alternative approaches
2025-10-08 09:16:35,182 - __main__ - ERROR - 4. Consult design review
